2025-05-09 19:13:31,201 : ##### This is the --1th-- Question #####
2025-05-09 19:13:41,405 : ##### This is the --2th-- Question #####
2025-05-09 19:13:55,380 : ##### This is the --3th-- Question #####
2025-05-09 19:14:03,372 : ##### This is the --4th-- Question #####
2025-05-09 19:14:16,318 : ##### This is the --5th-- Question #####
2025-05-09 19:14:36,649 : ##### This is the --6th-- Question #####
2025-05-09 19:14:52,376 : ##### This is the --7th-- Question #####
2025-05-09 19:15:05,850 : ##### This is the --8th-- Question #####
2025-05-09 19:15:14,723 : New Reasoning Tokens Are None, Current try is 1
2025-05-09 19:15:23,750 : New Reasoning Tokens Are None, Current try is 2
2025-05-09 19:15:32,410 : ##### This is the --9th-- Question #####
2025-05-09 19:15:45,707 : 
Step 3-Keyword-0 Does not appear in the Step Text
2025-05-09 19:15:45,718 : ##### This is the --10th-- Question #####
2025-05-09 19:15:51,605 : ##### This is the --11th-- Question #####
2025-05-09 19:16:02,427 : 
Step 1-Keyword-0 Does not appear in the Step Text
2025-05-09 19:16:02,427 : 
Step 1-Keyword-1 Does not appear in the Step Text
2025-05-09 19:16:02,427 : 
Step 1-Keyword-2 Does not appear in the Step Text
2025-05-09 19:16:02,436 : ##### This is the --12th-- Question #####
2025-05-09 19:16:10,296 : ##### This is the --13th-- Question #####
2025-05-09 19:16:23,419 : 
Step 1-Keyword-0 Does not appear in the Step Text
2025-05-09 19:16:23,429 : ##### This is the --14th-- Question #####
2025-05-09 19:16:29,113 : ##### This is the --15th-- Question #####
2025-05-09 19:16:37,457 : ##### This is the --16th-- Question #####
2025-05-09 19:16:48,856 : ##### This is the --17th-- Question #####
2025-05-09 19:16:58,250 : ##### This is the --18th-- Question #####
2025-05-09 19:17:11,987 : ##### This is the --19th-- Question #####
2025-05-09 19:17:20,425 : ##### This is the --20th-- Question #####
2025-05-09 19:17:28,074 : 
Step 3-Keyword-0 Does not appear in the Step Text
2025-05-09 19:17:28,074 : 
Step 3-Keyword-1 Does not appear in the Step Text
2025-05-09 19:17:28,080 : ##### This is the --21th-- Question #####
2025-05-09 19:17:39,832 : 
Step 3-Keyword-0 Does not appear in the Step Text
2025-05-09 19:17:39,838 : ##### This is the --22th-- Question #####
2025-05-09 19:17:43,363 : Exact Tokens Have no contribution scores, Current try is 1
2025-05-09 19:17:49,670 : ##### This is the --23th-- Question #####
2025-05-09 19:17:58,575 : New Reasoning Tokens Are None, Current try is 1
2025-05-09 19:18:10,666 : ##### This is the --24th-- Question #####
2025-05-09 19:18:23,167 : ##### This is the --25th-- Question #####
2025-05-09 19:18:40,017 : ##### This is the --26th-- Question #####
2025-05-09 19:18:46,575 : 
Step 1-Keyword-0 Does not appear in the Step Text
2025-05-09 19:18:46,585 : ##### This is the --27th-- Question #####
2025-05-09 19:18:54,730 : ##### This is the --28th-- Question #####
2025-05-09 19:19:07,887 : ##### This is the --29th-- Question #####
2025-05-09 19:19:14,769 : ##### This is the --30th-- Question #####
2025-05-09 19:19:22,115 : ##### This is the --31th-- Question #####
2025-05-09 19:19:29,760 : ##### This is the --32th-- Question #####
2025-05-09 19:19:35,394 : ##### This is the --33th-- Question #####
2025-05-09 19:19:45,139 : ##### This is the --34th-- Question #####
2025-05-09 19:19:51,627 : ##### This is the --35th-- Question #####
2025-05-09 19:20:04,751 : ##### This is the --36th-- Question #####
2025-05-09 19:20:13,619 : New Reasoning Tokens Are None, Current try is 1
2025-05-09 19:20:30,297 : ##### This is the --37th-- Question #####
2025-05-09 19:20:44,026 : ##### This is the --38th-- Question #####
2025-05-09 19:20:52,380 : ##### This is the --39th-- Question #####
2025-05-09 19:21:03,694 : Exact Tokens Have NO ANSWER, Current try is 1
2025-05-09 19:21:18,533 : ##### This is the --40th-- Question #####
2025-05-09 19:21:32,547 : ##### This is the --41th-- Question #####
2025-05-09 19:21:42,517 : 
Step 5-Keyword-0 Does not appear in the Step Text
2025-05-09 19:21:42,523 : ##### This is the --42th-- Question #####
2025-05-09 19:21:55,289 : ##### This is the --43th-- Question #####
2025-05-09 19:22:01,511 : Exact Tokens Have no contribution scores, Current try is 1
2025-05-09 19:22:10,125 : ##### This is the --44th-- Question #####
2025-05-09 19:22:19,283 : Exact Tokens Have NO ANSWER, Current try is 1
2025-05-09 19:22:28,235 : New Reasoning Tokens Are None, Current try is 2
2025-05-09 19:22:40,548 : ##### This is the --45th-- Question #####
2025-05-09 19:23:00,619 : 
Step 2-Keyword-1 Does not appear in the Step Text
2025-05-09 19:23:00,621 : 
Step 3-Keyword-0 Does not appear in the Step Text
2025-05-09 19:23:00,621 : 
Step 3-Keyword-1 Does not appear in the Step Text
2025-05-09 19:23:00,625 : 
Step 4-Keyword-0 Does not appear in the Step Text
2025-05-09 19:23:00,631 : ##### This is the --46th-- Question #####
2025-05-09 19:23:08,099 : 
Step 1-Keyword-0 Does not appear in the Step Text
2025-05-09 19:23:08,102 : 
Step 3-Keyword-0 Does not appear in the Step Text
2025-05-09 19:23:08,109 : ##### This is the --47th-- Question #####
2025-05-09 19:23:13,804 : 
Step 3-Keyword-0 Does not appear in the Step Text
2025-05-09 19:23:13,809 : ##### This is the --48th-- Question #####
2025-05-09 19:23:17,739 : ##### This is the --49th-- Question #####
2025-05-09 19:23:24,347 : ##### This is the --50th-- Question #####
2025-05-09 19:23:31,086 : ##### This is the --51th-- Question #####
2025-05-09 19:23:42,189 : 
Step 2-Keyword-2 Does not appear in the Step Text
2025-05-09 19:23:42,191 : 
Step 3-Keyword-1 Does not appear in the Step Text
2025-05-09 19:23:42,210 : ##### This is the --52th-- Question #####
2025-05-09 19:24:02,350 : 
Step 2-Keyword-1 Does not appear in the Step Text
2025-05-09 19:24:02,352 : 
Step 3-Keyword-0 Does not appear in the Step Text
2025-05-09 19:24:02,358 : ##### This is the --53th-- Question #####
2025-05-09 19:24:15,949 : 
Step 1-Keyword-3 Does not appear in the Step Text
2025-05-09 19:24:15,950 : 
Step 2-Keyword-2 Does not appear in the Step Text
2025-05-09 19:24:15,965 : ##### This is the --54th-- Question #####
2025-05-09 19:24:36,212 : ##### This is the --55th-- Question #####
2025-05-09 19:24:52,741 : ##### This is the --56th-- Question #####
2025-05-09 19:25:08,379 : ##### This is the --57th-- Question #####
2025-05-09 19:25:25,415 : ##### This is the --58th-- Question #####
2025-05-09 19:25:35,556 : ##### This is the --59th-- Question #####
2025-05-09 19:25:49,288 : 
Step 2-Keyword-0 Does not appear in the Step Text
2025-05-09 19:25:49,296 : ##### This is the --60th-- Question #####
2025-05-09 19:26:05,471 : ##### This is the --61th-- Question #####
2025-05-09 19:26:16,847 : ##### This is the --62th-- Question #####
2025-05-09 19:26:26,010 : ##### This is the --63th-- Question #####
2025-05-09 19:26:32,805 : ##### This is the --64th-- Question #####
2025-05-09 19:26:41,369 : ##### This is the --65th-- Question #####
2025-05-09 19:26:50,083 : New Reasoning Tokens Are None, Current try is 1
2025-05-09 19:26:59,521 : New Reasoning Tokens Are None, Current try is 2
2025-05-09 19:27:13,655 : 
Step 1-Keyword-0 Does not appear in the Step Text
2025-05-09 19:27:13,655 : 
Step 1-Keyword-2 Does not appear in the Step Text
2025-05-09 19:27:13,672 : ##### This is the --66th-- Question #####
2025-05-09 19:27:33,638 : ##### This is the --67th-- Question #####
2025-05-09 19:27:42,502 : New Reasoning Tokens Are None, Current try is 1
2025-05-09 19:27:51,254 : ##### This is the --68th-- Question #####
2025-05-09 19:28:11,265 : ##### This is the --69th-- Question #####
2025-05-09 19:28:18,842 : ##### This is the --70th-- Question #####
2025-05-09 19:28:26,089 : ##### This is the --71th-- Question #####
2025-05-09 19:28:34,971 : New Reasoning Tokens Are None, Current try is 1
2025-05-09 19:28:50,286 : 
Step 3-Keyword-0 Does not appear in the Step Text
2025-05-09 19:28:50,296 : ##### This is the --72th-- Question #####
2025-05-09 19:29:02,007 : ##### This is the --73th-- Question #####
2025-05-09 19:29:11,916 : Exact Tokens Have NO ANSWER, Current try is 1
2025-05-09 19:29:20,784 : New Reasoning Tokens Are None, Current try is 2
2025-05-09 19:29:34,526 : ##### This is the --74th-- Question #####
2025-05-09 19:29:41,631 : ##### This is the --75th-- Question #####
2025-05-09 19:29:49,727 : Exact Tokens Have NO ANSWER, Current try is 1
2025-05-09 19:30:00,697 : ##### This is the --76th-- Question #####
2025-05-09 19:30:09,564 : New Reasoning Tokens Are None, Current try is 1
2025-05-09 19:30:14,813 : ##### This is the --77th-- Question #####
2025-05-09 19:30:23,689 : New Reasoning Tokens Are None, Current try is 1
2025-05-09 19:30:30,543 : Exact Tokens Have NO ANSWER, Current try is 2
2025-05-09 19:30:42,597 : ##### This is the --78th-- Question #####
2025-05-09 19:31:02,567 : ##### This is the --79th-- Question #####
2025-05-09 19:31:08,919 : ##### This is the --80th-- Question #####
2025-05-09 19:31:16,826 : ##### This is the --81th-- Question #####
2025-05-09 19:31:25,599 : New Reasoning Tokens Are None, Current try is 1
2025-05-09 19:31:36,284 : 
Step 3-Keyword-0 Does not appear in the Step Text
2025-05-09 19:31:36,286 : 
Step 3-Keyword-2 Does not appear in the Step Text
2025-05-09 19:31:36,291 : ##### This is the --82th-- Question #####
2025-05-09 19:31:48,071 : ##### This is the --83th-- Question #####
2025-05-09 19:32:04,613 : ##### This is the --84th-- Question #####
2025-05-09 19:32:11,312 : Exact Tokens Have NO ANSWER, Current try is 1
2025-05-09 19:32:16,294 : 
Step 3-Keyword-0 Does not appear in the Step Text
2025-05-09 19:32:16,300 : ##### This is the --85th-- Question #####
2025-05-09 19:32:34,270 : ##### This is the --86th-- Question #####
2025-05-09 19:32:46,844 : 
Step 3-Keyword-0 Does not appear in the Step Text
2025-05-09 19:32:46,845 : 
Step 3-Keyword-1 Does not appear in the Step Text
2025-05-09 19:32:46,852 : ##### This is the --87th-- Question #####
2025-05-09 19:33:02,849 : ##### This is the --88th-- Question #####
2025-05-09 19:33:07,379 : Exact Tokens Have no contribution scores, Current try is 1
2025-05-09 19:33:17,373 : ##### This is the --89th-- Question #####
2025-05-09 19:33:23,094 : ##### This is the --90th-- Question #####
2025-05-09 19:33:29,360 : 
Step 3-Keyword-0 Does not appear in the Step Text
2025-05-09 19:33:29,365 : ##### This is the --91th-- Question #####
2025-05-09 19:33:44,202 : ##### This is the --92th-- Question #####
2025-05-09 19:33:52,460 : ##### This is the --93th-- Question #####
2025-05-09 19:34:12,754 : ##### This is the --94th-- Question #####
2025-05-09 19:34:18,010 : Exact Tokens Have NO ANSWER, Current try is 1
2025-05-09 19:34:31,695 : ##### This is the --95th-- Question #####
2025-05-09 19:34:39,162 : ##### This is the --96th-- Question #####
2025-05-09 19:34:54,492 : Len of keywords list doesn't match the len of step dict, Current try is 1
2025-05-09 19:35:07,148 : ##### This is the --97th-- Question #####
2025-05-09 19:35:13,553 : ##### This is the --98th-- Question #####
2025-05-09 19:35:24,834 : ##### This is the --99th-- Question #####
2025-05-09 19:35:36,759 : ##### This is the --100th-- Question #####
2025-05-09 19:35:55,507 : ##### This is the --101th-- Question #####
2025-05-09 19:36:10,195 : 
Step 3-Keyword-1 Does not appear in the Step Text
2025-05-09 19:36:10,202 : ##### This is the --102th-- Question #####
2025-05-09 19:36:20,943 : ##### This is the --103th-- Question #####
2025-05-09 19:36:29,014 : ##### This is the --104th-- Question #####
2025-05-09 19:36:38,434 : ##### This is the --105th-- Question #####
2025-05-09 19:36:45,390 : ##### This is the --106th-- Question #####
2025-05-09 19:36:56,947 : ##### This is the --107th-- Question #####
2025-05-09 19:37:04,745 : ##### This is the --108th-- Question #####
2025-05-09 19:37:13,605 : New Reasoning Tokens Are None, Current try is 1
2025-05-09 19:37:24,874 : ##### This is the --109th-- Question #####
2025-05-09 19:37:33,748 : New Reasoning Tokens Are None, Current try is 1
2025-05-09 19:37:52,010 : Len of keywords list doesn't match the len of step dict, Current try is 2
2025-05-09 19:38:04,783 : ##### This is the --110th-- Question #####
2025-05-09 19:38:11,870 : ##### This is the --111th-- Question #####
2025-05-09 19:38:23,947 : 
Step 3-Keyword-0 Does not appear in the Step Text
2025-05-09 19:38:23,952 : ##### This is the --112th-- Question #####
2025-05-09 19:38:31,624 : ##### This is the --113th-- Question #####
2025-05-09 19:38:40,208 : ##### This is the --114th-- Question #####
2025-05-09 19:38:55,296 : ##### This is the --115th-- Question #####
2025-05-09 19:39:11,310 : ##### This is the --116th-- Question #####
2025-05-09 19:39:19,838 : ##### This is the --117th-- Question #####
2025-05-09 19:39:34,203 : ##### This is the --118th-- Question #####
2025-05-09 19:39:42,521 : ##### This is the --119th-- Question #####
2025-05-09 19:39:55,429 : ##### This is the --120th-- Question #####
2025-05-09 19:40:10,229 : ##### This is the --121th-- Question #####
2025-05-09 19:40:24,441 : ##### This is the --122th-- Question #####
2025-05-09 19:40:38,478 : 
Step 3-Keyword-2 Does not appear in the Step Text
2025-05-09 19:40:38,478 : 
Step 3-Keyword-3 Does not appear in the Step Text
2025-05-09 19:40:38,489 : ##### This is the --123th-- Question #####
2025-05-09 19:40:51,583 : ##### This is the --124th-- Question #####
2025-05-09 19:41:02,664 : ##### This is the --125th-- Question #####
2025-05-09 19:41:22,923 : ##### This is the --126th-- Question #####
2025-05-09 19:41:30,598 : 
Step 1-Keyword-0 Does not appear in the Step Text
2025-05-09 19:41:30,608 : ##### This is the --127th-- Question #####
2025-05-09 19:41:50,709 : ##### This is the --128th-- Question #####
2025-05-09 19:42:06,268 : ##### This is the --129th-- Question #####
2025-05-09 19:42:13,314 : 
Step 2-Keyword-1 Does not appear in the Step Text
2025-05-09 19:42:13,323 : ##### This is the --130th-- Question #####
2025-05-09 19:42:22,167 : New Reasoning Tokens Are None, Current try is 1
2025-05-09 19:42:36,546 : 
Step 3-Keyword-1 Does not appear in the Step Text
2025-05-09 19:42:36,554 : ##### This is the --131th-- Question #####
2025-05-09 19:42:42,764 : ##### This is the --132th-- Question #####
2025-05-09 19:42:51,664 : New Reasoning Tokens Are None, Current try is 1
2025-05-09 19:43:07,225 : ##### This is the --133th-- Question #####
2025-05-09 19:43:15,356 : ##### This is the --134th-- Question #####
2025-05-09 19:43:28,768 : 
Step 3-Keyword-0 Does not appear in the Step Text
2025-05-09 19:43:28,775 : ##### This is the --135th-- Question #####
2025-05-09 19:43:48,746 : 
Step 5-Keyword-1 Does not appear in the Step Text
2025-05-09 19:43:48,753 : ##### This is the --136th-- Question #####
2025-05-09 19:43:57,273 : ##### This is the --137th-- Question #####
2025-05-09 19:44:09,994 : ##### This is the --138th-- Question #####
2025-05-09 19:44:16,259 : ##### This is the --139th-- Question #####
2025-05-09 19:44:33,272 : Exact Tokens Have NO ANSWER, Current try is 1
2025-05-09 19:44:38,970 : Exact Tokens Have NO ANSWER, Current try is 2
2025-05-09 19:44:53,133 : 
Step 2-Keyword-1 Does not appear in the Step Text
2025-05-09 19:44:53,134 : 
Step 2-Keyword-2 Does not appear in the Step Text
2025-05-09 19:44:53,150 : ##### This is the --140th-- Question #####
2025-05-09 19:45:04,502 : ##### This is the --141th-- Question #####
2025-05-09 19:45:14,444 : ##### This is the --142th-- Question #####
2025-05-09 19:45:20,455 : ##### This is the --143th-- Question #####
2025-05-09 19:45:33,641 : ##### This is the --144th-- Question #####
2025-05-09 19:45:52,035 : ##### This is the --145th-- Question #####
2025-05-09 19:45:59,070 : ##### This is the --146th-- Question #####
2025-05-09 19:46:05,536 : ##### This is the --147th-- Question #####
2025-05-09 19:46:19,208 : ##### This is the --148th-- Question #####
2025-05-09 19:46:28,046 : ##### This is the --149th-- Question #####
2025-05-09 19:46:33,285 : 
Step 1-Keyword-0 Does not appear in the Step Text
2025-05-09 19:46:33,295 : ##### This is the --150th-- Question #####
2025-05-09 19:46:50,113 : Len of keywords list doesn't match the len of step dict, Current try is 1
2025-05-09 19:47:02,567 : ##### This is the --151th-- Question #####
2025-05-09 19:47:11,137 : ##### This is the --152th-- Question #####
2025-05-09 19:47:24,816 : ##### This is the --153th-- Question #####
2025-05-09 19:47:34,526 : 
Step 3-Keyword-0 Does not appear in the Step Text
2025-05-09 19:47:34,531 : ##### This is the --154th-- Question #####
2025-05-09 19:47:44,575 : ##### This is the --155th-- Question #####
2025-05-09 19:47:53,426 : ##### This is the --156th-- Question #####
2025-05-09 19:48:02,287 : New Reasoning Tokens Are None, Current try is 1
2025-05-09 19:48:09,178 : 
Step 1-Keyword-0 Does not appear in the Step Text
2025-05-09 19:48:09,179 : 
Step 2-Keyword-1 Does not appear in the Step Text
2025-05-09 19:48:09,187 : ##### This is the --157th-- Question #####
2025-05-09 19:48:22,147 : ##### This is the --158th-- Question #####
2025-05-09 19:48:35,884 : 
Step 1-Keyword-1 Does not appear in the Step Text
2025-05-09 19:48:35,885 : 
Step 2-Keyword-2 Does not appear in the Step Text
2025-05-09 19:48:35,906 : ##### This is the --159th-- Question #####
2025-05-09 19:48:44,146 : ##### This is the --160th-- Question #####
2025-05-09 19:48:50,812 : ##### This is the --161th-- Question #####
2025-05-09 19:49:00,907 : ##### This is the --162th-- Question #####
2025-05-09 19:49:14,085 : 
Step 2-Keyword-0 Does not appear in the Step Text
2025-05-09 19:49:14,097 : ##### This is the --163th-- Question #####
2025-05-09 19:49:26,324 : 
Step 3-Keyword-0 Does not appear in the Step Text
2025-05-09 19:49:26,329 : ##### This is the --164th-- Question #####
2025-05-09 19:49:32,428 : ##### This is the --165th-- Question #####
2025-05-09 19:49:39,091 : ##### This is the --166th-- Question #####
2025-05-09 19:49:49,718 : Exact Tokens Have NO ANSWER, Current try is 1
2025-05-09 19:50:04,316 : 
Step 3-Keyword-2 Does not appear in the Step Text
2025-05-09 19:50:04,326 : ##### This is the --167th-- Question #####
2025-05-09 19:50:10,501 : ##### This is the --168th-- Question #####
2025-05-09 19:50:15,363 : ##### This is the --169th-- Question #####
2025-05-09 19:50:37,294 : 
Step 3-Keyword-0 Does not appear in the Step Text
2025-05-09 19:50:37,304 : ##### This is the --170th-- Question #####
2025-05-09 19:50:50,292 : ##### This is the --171th-- Question #####
2025-05-09 19:50:55,454 : ##### This is the --172th-- Question #####
2025-05-09 19:51:01,218 : ##### This is the --173th-- Question #####
2025-05-09 19:51:05,699 : Exact Tokens Have no contribution scores, Current try is 1
2025-05-09 19:51:12,366 : ##### This is the --174th-- Question #####
2025-05-09 19:51:25,016 : ##### This is the --175th-- Question #####
2025-05-09 19:51:32,488 : ##### This is the --176th-- Question #####
2025-05-09 19:51:44,921 : ##### This is the --177th-- Question #####
2025-05-09 19:51:54,666 : Len of keywords list doesn't match the len of step dict, Current try is 1
2025-05-09 19:52:09,885 : ##### This is the --178th-- Question #####
2025-05-09 19:52:20,389 : Exact Tokens Have NO ANSWER, Current try is 1
2025-05-09 19:52:34,320 : ##### This is the --179th-- Question #####
2025-05-09 19:52:47,029 : Exact Tokens Have no contribution scores, Current try is 1
2025-05-09 19:53:01,939 : 
Step 5-Keyword-0 Does not appear in the Step Text
2025-05-09 19:53:01,942 : 
Step 6-Keyword-0 Does not appear in the Step Text
2025-05-09 19:53:01,948 : ##### This is the --180th-- Question #####
2025-05-09 19:53:09,977 : ##### This is the --181th-- Question #####
2025-05-09 19:53:24,037 : Exact Tokens Have NO ANSWER, Current try is 1
2025-05-09 19:53:30,784 : ##### This is the --182th-- Question #####
2025-05-09 19:53:42,740 : ##### This is the --183th-- Question #####
2025-05-09 19:53:53,335 : ##### This is the --184th-- Question #####
2025-05-09 19:54:13,240 : 
Step 2-Keyword-0 Does not appear in the Step Text
2025-05-09 19:54:13,263 : ##### This is the --185th-- Question #####
2025-05-09 19:54:25,991 : 
Step 3-Keyword-0 Does not appear in the Step Text
2025-05-09 19:54:25,997 : ##### This is the --186th-- Question #####
2025-05-09 19:54:35,893 : ##### This is the --187th-- Question #####
2025-05-09 19:54:43,733 : ##### This is the --188th-- Question #####
2025-05-09 19:54:50,187 : ##### This is the --189th-- Question #####
2025-05-09 19:54:59,079 : New Reasoning Tokens Are None, Current try is 1
2025-05-09 19:55:12,333 : Exact Tokens Have NO ANSWER, Current try is 2
2025-05-09 19:55:26,429 : ##### This is the --190th-- Question #####
2025-05-09 19:55:35,416 : Len of keywords list doesn't match the len of step dict, Current try is 1
2025-05-09 19:55:44,339 : New Reasoning Tokens Are None, Current try is 2
2025-05-09 19:55:58,007 : Len of keywords list doesn't match the len of step dict, Current try is 3
2025-05-09 19:56:09,628 : ##### This is the --191th-- Question #####
2025-05-09 19:56:18,032 : 
Step 3-Keyword-0 Does not appear in the Step Text
2025-05-09 19:56:18,043 : ##### This is the --192th-- Question #####
2025-05-09 19:56:25,908 : ##### This is the --193th-- Question #####
2025-05-09 19:56:43,260 : ##### This is the --194th-- Question #####
2025-05-09 19:56:58,608 : ##### This is the --195th-- Question #####
2025-05-09 19:57:11,493 : 
Step 2-Keyword-0 Does not appear in the Step Text
2025-05-09 19:57:11,502 : ##### This is the --196th-- Question #####
2025-05-09 19:57:15,467 : Cannot locate the Final Answer, Current try is 1
2025-05-09 19:57:21,120 : ##### This is the --197th-- Question #####
2025-05-09 19:57:30,025 : New Reasoning Tokens Are None, Current try is 1
2025-05-09 19:57:37,054 : ##### This is the --198th-- Question #####
2025-05-09 19:57:41,042 : Exact Tokens Have NO ANSWER, Current try is 1
2025-05-09 19:57:46,570 : ##### This is the --199th-- Question #####
2025-05-09 19:57:55,526 : New Reasoning Tokens Are None, Current try is 1
2025-05-09 19:58:09,952 : 
Step 1-Keyword-1 Does not appear in the Step Text
2025-05-09 19:58:09,966 : ##### This is the --200th-- Question #####
2025-05-09 19:58:19,560 : 
Step 1-Keyword-1 Does not appear in the Step Text
2025-05-09 19:58:19,562 : 
Step 2-Keyword-1 Does not appear in the Step Text
2025-05-09 19:58:19,564 : 
Step 3-Keyword-1 Does not appear in the Step Text
2025-05-09 19:58:19,573 : ##### This is the --201th-- Question #####
2025-05-09 19:58:35,408 : ##### This is the --202th-- Question #####
2025-05-09 19:58:41,339 : 
Step 1-Keyword-0 Does not appear in the Step Text
2025-05-09 19:58:41,339 : 
Step 2-Keyword-0 Does not appear in the Step Text
2025-05-09 19:58:41,340 : 
Step 2-Keyword-1 Does not appear in the Step Text
2025-05-09 19:58:41,341 : 
Step 3-Keyword-0 Does not appear in the Step Text
2025-05-09 19:58:41,342 : 
Step 4-Keyword-0 Does not appear in the Step Text
2025-05-09 19:58:41,342 : Token Probability from All Steps are All None, Current try is 1
2025-05-09 19:58:47,962 : ##### This is the --203th-- Question #####
2025-05-09 19:58:55,716 : ##### This is the --204th-- Question #####
2025-05-09 19:59:03,933 : 
Step 3-Keyword-0 Does not appear in the Step Text
2025-05-09 19:59:03,940 : ##### This is the --205th-- Question #####
2025-05-09 19:59:12,210 : ##### This is the --206th-- Question #####
2025-05-09 19:59:21,118 : New Reasoning Tokens Are None, Current try is 1
2025-05-09 19:59:29,728 : 
Step 3-Keyword-0 Does not appear in the Step Text
2025-05-09 19:59:29,734 : ##### This is the --207th-- Question #####
2025-05-09 19:59:42,388 : ##### This is the --208th-- Question #####
2025-05-09 19:59:51,274 : New Reasoning Tokens Are None, Current try is 1
2025-05-09 20:00:03,976 : ##### This is the --209th-- Question #####
2025-05-09 20:00:10,310 : ##### This is the --210th-- Question #####
2025-05-09 20:00:16,895 : ##### This is the --211th-- Question #####
2025-05-09 20:00:24,587 : 
Step 2-Keyword-0 Does not appear in the Step Text
2025-05-09 20:00:24,587 : 
Step 2-Keyword-1 Does not appear in the Step Text
2025-05-09 20:00:24,589 : 
Step 3-Keyword-0 Does not appear in the Step Text
2025-05-09 20:00:24,589 : 
Step 3-Keyword-1 Does not appear in the Step Text
2025-05-09 20:00:24,595 : ##### This is the --212th-- Question #####
2025-05-09 20:00:28,526 : 
Step 3-Keyword-0 Does not appear in the Step Text
2025-05-09 20:00:28,531 : ##### This is the --213th-- Question #####
2025-05-09 20:00:39,984 : ##### This is the --214th-- Question #####
2025-05-09 20:00:55,359 : 
Step 3-Keyword-0 Does not appear in the Step Text
2025-05-09 20:00:55,365 : ##### This is the --215th-- Question #####
2025-05-09 20:01:02,204 : ##### This is the --216th-- Question #####
2025-05-09 20:01:16,343 : ##### This is the --217th-- Question #####
2025-05-09 20:01:27,752 : 
Step 1-Keyword-0 Does not appear in the Step Text
2025-05-09 20:01:27,752 : 
Step 1-Keyword-1 Does not appear in the Step Text
2025-05-09 20:01:27,752 : 
Step 1-Keyword-2 Does not appear in the Step Text
2025-05-09 20:01:27,753 : 
Step 2-Keyword-2 Does not appear in the Step Text
2025-05-09 20:01:27,758 : 
Step 4-Keyword-1 Does not appear in the Step Text
2025-05-09 20:01:27,764 : ##### This is the --218th-- Question #####
2025-05-09 20:01:42,365 : Exact Tokens Have NO ANSWER, Current try is 1
2025-05-09 20:01:51,278 : New Reasoning Tokens Are None, Current try is 2
2025-05-09 20:01:59,109 : ##### This is the --219th-- Question #####
2025-05-09 20:02:05,947 : ##### This is the --220th-- Question #####
2025-05-09 20:02:15,757 : ##### This is the --221th-- Question #####
2025-05-09 20:02:28,276 : 
Step 4-Keyword-0 Does not appear in the Step Text
2025-05-09 20:02:28,287 : ##### This is the --222th-- Question #####
2025-05-09 20:02:37,196 : New Reasoning Tokens Are None, Current try is 1
2025-05-09 20:02:49,673 : ##### This is the --223th-- Question #####
2025-05-09 20:02:58,535 : New Reasoning Tokens Are None, Current try is 1
2025-05-09 20:03:03,735 : ##### This is the --224th-- Question #####
2025-05-09 20:03:09,821 : ##### This is the --225th-- Question #####
2025-05-09 20:03:23,405 : Exact Tokens Have NO ANSWER, Current try is 1
2025-05-09 20:03:36,870 : ##### This is the --226th-- Question #####
2025-05-09 20:03:53,351 : Exact Tokens Have NO ANSWER, Current try is 1
2025-05-09 20:04:00,739 : ##### This is the --227th-- Question #####
2025-05-09 20:04:16,580 : 
Step 1-Keyword-1 Does not appear in the Step Text
2025-05-09 20:04:16,590 : ##### This is the --228th-- Question #####
2025-05-09 20:04:24,722 : ##### This is the --229th-- Question #####
2025-05-09 20:04:31,725 : ##### This is the --230th-- Question #####
2025-05-09 20:04:38,897 : ##### This is the --231th-- Question #####
2025-05-09 20:04:52,124 : ##### This is the --232th-- Question #####
2025-05-09 20:05:11,359 : Exact Tokens Have NO ANSWER, Current try is 1
2025-05-09 20:05:20,331 : New Reasoning Tokens Are None, Current try is 2
2025-05-09 20:05:33,357 : ##### This is the --233th-- Question #####
2025-05-09 20:05:42,214 : New Reasoning Tokens Are None, Current try is 1
2025-05-09 20:05:55,268 : ##### This is the --234th-- Question #####
2025-05-09 20:06:15,343 : ##### This is the --235th-- Question #####
2025-05-09 20:06:20,779 : ##### This is the --236th-- Question #####
2025-05-09 20:06:30,638 : ##### This is the --237th-- Question #####
2025-05-09 20:06:34,333 : Exact Tokens Have no contribution scores, Current try is 1
2025-05-09 20:06:47,689 : ##### This is the --238th-- Question #####
2025-05-09 20:06:59,708 : ##### This is the --239th-- Question #####
2025-05-09 20:07:07,096 : ##### This is the --240th-- Question #####
2025-05-09 20:07:21,001 : ##### This is the --241th-- Question #####
2025-05-09 20:07:31,330 : ##### This is the --242th-- Question #####
2025-05-09 20:07:37,474 : Exact Tokens Have NO ANSWER, Current try is 1
2025-05-09 20:07:51,252 : Len of keywords list doesn't match the len of step dict, Current try is 2
2025-05-09 20:08:05,272 : 
Step 2-Keyword-0 Does not appear in the Step Text
2025-05-09 20:08:05,274 : 
Step 3-Keyword-0 Does not appear in the Step Text
2025-05-09 20:08:05,276 : 
Step 4-Keyword-0 Does not appear in the Step Text
2025-05-09 20:08:05,287 : ##### This is the --243th-- Question #####
2025-05-09 20:08:10,895 : ##### This is the --244th-- Question #####
2025-05-09 20:08:19,749 : New Reasoning Tokens Are None, Current try is 1
2025-05-09 20:08:31,278 : ##### This is the --245th-- Question #####
2025-05-09 20:08:44,142 : ##### This is the --246th-- Question #####
2025-05-09 20:08:49,865 : ##### This is the --247th-- Question #####
2025-05-09 20:08:55,992 : 
Step 2-Keyword-1 Does not appear in the Step Text
2025-05-09 20:08:55,999 : ##### This is the --248th-- Question #####
2025-05-09 20:09:13,155 : 
Step 3-Keyword-0 Does not appear in the Step Text
2025-05-09 20:09:13,155 : 
Step 3-Keyword-1 Does not appear in the Step Text
2025-05-09 20:09:13,155 : 
Step 3-Keyword-2 Does not appear in the Step Text
2025-05-09 20:09:13,166 : ##### This is the --249th-- Question #####
2025-05-09 20:09:18,318 : ##### This is the --250th-- Question #####
2025-05-09 20:09:29,580 : ##### This is the --251th-- Question #####
2025-05-09 20:09:39,068 : ##### This is the --252th-- Question #####
2025-05-09 20:09:53,575 : ##### This is the --253th-- Question #####
2025-05-09 20:09:58,769 : ##### This is the --254th-- Question #####
2025-05-09 20:10:05,599 : ##### This is the --255th-- Question #####
2025-05-09 20:10:11,636 : 
Step 1-Keyword-3 Does not appear in the Step Text
2025-05-09 20:10:11,636 : 
Step 1-Keyword-4 Does not appear in the Step Text
2025-05-09 20:10:11,653 : ##### This is the --256th-- Question #####
2025-05-09 20:10:20,460 : 
Step 3-Keyword-0 Does not appear in the Step Text
2025-05-09 20:10:20,471 : ##### This is the --257th-- Question #####
2025-05-09 20:10:33,732 : Exact Tokens Have NO ANSWER, Current try is 1
2025-05-09 20:10:48,868 : 
Step 3-Keyword-0 Does not appear in the Step Text
2025-05-09 20:10:48,874 : ##### This is the --258th-- Question #####
2025-05-09 20:11:03,171 : ##### This is the --259th-- Question #####
2025-05-09 20:11:15,152 : ##### This is the --260th-- Question #####
2025-05-09 20:11:23,743 : New Reasoning Tokens Are None, Current try is 1
2025-05-09 20:11:30,365 : Exact Tokens Have NO ANSWER, Current try is 2
2025-05-09 20:11:36,984 : ##### This is the --261th-- Question #####
2025-05-09 20:11:45,573 : New Reasoning Tokens Are None, Current try is 1
2025-05-09 20:11:51,765 : ##### This is the --262th-- Question #####
2025-05-09 20:12:00,628 : ##### This is the --263th-- Question #####
2025-05-09 20:12:19,915 : 
Step 2-Keyword-0 Does not appear in the Step Text
2025-05-09 20:12:19,928 : ##### This is the --264th-- Question #####
2025-05-09 20:12:30,122 : ##### This is the --265th-- Question #####
2025-05-09 20:12:42,894 : ##### This is the --266th-- Question #####
2025-05-09 20:12:46,488 : Exact Tokens Have NO ANSWER, Current try is 1
2025-05-09 20:13:00,911 : ##### This is the --267th-- Question #####
2025-05-09 20:13:05,928 : ##### This is the --268th-- Question #####
2025-05-09 20:13:18,675 : ##### This is the --269th-- Question #####
2025-05-09 20:13:24,560 : ##### This is the --270th-- Question #####
2025-05-09 20:13:35,235 : ##### This is the --271th-- Question #####
2025-05-09 20:13:43,824 : New Reasoning Tokens Are None, Current try is 1
2025-05-09 20:13:49,868 : ##### This is the --272th-- Question #####
2025-05-09 20:13:56,636 : ##### This is the --273th-- Question #####
2025-05-09 20:14:08,947 : ##### This is the --274th-- Question #####
2025-05-09 20:14:28,128 : ##### This is the --275th-- Question #####
2025-05-09 20:14:37,845 : ##### This is the --276th-- Question #####
2025-05-09 20:14:51,538 : ##### This is the --277th-- Question #####
2025-05-09 20:15:04,062 : ##### This is the --278th-- Question #####
2025-05-09 20:15:16,105 : 
Step 2-Keyword-0 Does not appear in the Step Text
2025-05-09 20:15:16,106 : 
Step 3-Keyword-0 Does not appear in the Step Text
2025-05-09 20:15:16,119 : ##### This is the --279th-- Question #####
2025-05-09 20:15:18,957 : ##### This is the --280th-- Question #####
2025-05-09 20:15:25,577 : 
Step 2-Keyword-0 Does not appear in the Step Text
2025-05-09 20:15:25,577 : 
Step 2-Keyword-1 Does not appear in the Step Text
2025-05-09 20:15:25,584 : ##### This is the --281th-- Question #####
2025-05-09 20:15:30,785 : ##### This is the --282th-- Question #####
2025-05-09 20:15:50,036 : ##### This is the --283th-- Question #####
2025-05-09 20:16:03,564 : ##### This is the --284th-- Question #####
2025-05-09 20:16:09,956 : ##### This is the --285th-- Question #####
2025-05-09 20:16:23,772 : ##### This is the --286th-- Question #####
2025-05-09 20:16:34,223 : ##### This is the --287th-- Question #####
2025-05-09 20:16:42,151 : ##### This is the --288th-- Question #####
2025-05-09 20:16:50,744 : New Reasoning Tokens Are None, Current try is 1
2025-05-09 20:17:01,556 : ##### This is the --289th-- Question #####
2025-05-09 20:17:14,368 : 
Step 3-Keyword-0 Does not appear in the Step Text
2025-05-09 20:17:14,381 : ##### This is the --290th-- Question #####
2025-05-09 20:17:27,092 : Len of keywords list doesn't match the len of step dict, Current try is 1
2025-05-09 20:17:33,420 : ##### This is the --291th-- Question #####
2025-05-09 20:17:42,007 : New Reasoning Tokens Are None, Current try is 1
2025-05-09 20:17:50,697 : ##### This is the --292th-- Question #####
2025-05-09 20:18:08,032 : ##### This is the --293th-- Question #####
2025-05-09 20:18:12,379 : ##### This is the --294th-- Question #####
2025-05-09 20:18:18,695 : ##### This is the --295th-- Question #####
2025-05-09 20:18:31,225 : 
Step 2-Keyword-0 Does not appear in the Step Text
2025-05-09 20:18:31,225 : 
Step 2-Keyword-1 Does not appear in the Step Text
2025-05-09 20:18:31,232 : ##### This is the --296th-- Question #####
2025-05-09 20:18:39,485 : ##### This is the --297th-- Question #####
2025-05-09 20:18:45,136 : ##### This is the --298th-- Question #####
2025-05-09 20:18:51,610 : ##### This is the --299th-- Question #####
2025-05-09 20:19:06,677 : ##### This is the --300th-- Question #####
2025-05-09 20:19:13,721 : ##### This is the --301th-- Question #####
2025-05-09 20:19:33,140 : ##### This is the --302th-- Question #####
2025-05-09 20:19:42,503 : ##### This is the --303th-- Question #####
2025-05-09 20:19:57,068 : Exact Tokens Have NO ANSWER, Current try is 1
2025-05-09 20:20:10,908 : 
Step 3-Keyword-0 Does not appear in the Step Text
2025-05-09 20:20:10,915 : ##### This is the --304th-- Question #####
2025-05-09 20:20:25,196 : Exact Tokens Have no contribution scores, Current try is 1
2025-05-09 20:20:40,639 : ##### This is the --305th-- Question #####
2025-05-09 20:20:48,295 : 
Step 3-Keyword-0 Does not appear in the Step Text
2025-05-09 20:20:48,302 : ##### This is the --306th-- Question #####
2025-05-09 20:20:52,120 : Exact Tokens Have no contribution scores, Current try is 1
2025-05-09 20:21:00,309 : ##### This is the --307th-- Question #####
2025-05-09 20:21:06,322 : ##### This is the --308th-- Question #####
2025-05-09 20:21:13,312 : ##### This is the --309th-- Question #####
2025-05-09 20:21:21,896 : New Reasoning Tokens Are None, Current try is 1
2025-05-09 20:21:37,664 : ##### This is the --310th-- Question #####
2025-05-09 20:21:52,648 : Exact Tokens Have NO ANSWER, Current try is 1
2025-05-09 20:22:00,418 : ##### This is the --311th-- Question #####
2025-05-09 20:22:12,962 : Len of keywords list doesn't match the len of step dict, Current try is 1
2025-05-09 20:22:21,546 : New Reasoning Tokens Are None, Current try is 2
2025-05-09 20:22:32,961 : ##### This is the --312th-- Question #####
2025-05-09 20:22:48,767 : ##### This is the --313th-- Question #####
2025-05-09 20:22:57,348 : New Reasoning Tokens Are None, Current try is 1
2025-05-09 20:23:11,207 : 
Step 1-Keyword-0 Does not appear in the Step Text
2025-05-09 20:23:11,226 : ##### This is the --314th-- Question #####
2025-05-09 20:23:18,778 : ##### This is the --315th-- Question #####
2025-05-09 20:23:31,467 : ##### This is the --316th-- Question #####
2025-05-09 20:23:43,836 : Exact Tokens Have NO ANSWER, Current try is 1
2025-05-09 20:23:51,438 : ##### This is the --317th-- Question #####
2025-05-09 20:23:59,220 : ##### This is the --318th-- Question #####
2025-05-09 20:24:08,299 : ##### This is the --319th-- Question #####
2025-05-09 20:24:11,876 : Exact Tokens Have no contribution scores, Current try is 1
2025-05-09 20:24:20,463 : New Reasoning Tokens Are None, Current try is 2
2025-05-09 20:24:31,118 : Exact Tokens Have no contribution scores, Current try is 3
2025-05-09 20:24:43,642 : ##### This is the --320th-- Question #####
2025-05-09 20:24:48,523 : ##### This is the --321th-- Question #####
2025-05-09 20:24:52,876 : ##### This is the --322th-- Question #####
2025-05-09 20:25:05,476 : ##### This is the --323th-- Question #####
2025-05-09 20:25:19,934 : ##### This is the --324th-- Question #####
2025-05-09 20:25:33,996 : ##### This is the --325th-- Question #####
2025-05-09 20:25:43,883 : Exact Tokens Have NO ANSWER, Current try is 1
2025-05-09 20:25:56,033 : Exact Tokens Have NO ANSWER, Current try is 2
2025-05-09 20:26:15,387 : Exact Tokens Have NO ANSWER, Current try is 3
2025-05-09 20:26:21,890 : ##### This is the --326th-- Question #####
2025-05-09 20:26:28,578 : ##### This is the --327th-- Question #####
2025-05-09 20:26:39,989 : ##### This is the --328th-- Question #####
2025-05-09 20:26:45,461 : Exact Tokens Have NO ANSWER, Current try is 1
2025-05-09 20:26:49,864 : ##### This is the --329th-- Question #####
2025-05-09 20:27:02,678 : Exact Tokens Have NO ANSWER, Current try is 1
2025-05-09 20:27:13,154 : Cannot locate the Final Answer, Current try is 2
2025-05-09 20:27:18,208 : 
Step 2-Keyword-2 Does not appear in the Step Text
2025-05-09 20:27:18,216 : ##### This is the --330th-- Question #####
2025-05-09 20:27:28,939 : ##### This is the --331th-- Question #####
2025-05-09 20:27:40,919 : ##### This is the --332th-- Question #####
2025-05-09 20:27:49,232 : ##### This is the --333th-- Question #####
2025-05-09 20:27:54,648 : ##### This is the --334th-- Question #####
2025-05-09 20:27:59,630 : ##### This is the --335th-- Question #####
2025-05-09 20:28:07,424 : ##### This is the --336th-- Question #####
2025-05-09 20:28:15,999 : New Reasoning Tokens Are None, Current try is 1
2025-05-09 20:28:22,367 : Exact Tokens Have NO ANSWER, Current try is 2
2025-05-09 20:28:38,076 : ##### This is the --337th-- Question #####
2025-05-09 20:28:51,759 : 
Step 3-Keyword-0 Does not appear in the Step Text
2025-05-09 20:28:51,759 : 
Step 3-Keyword-1 Does not appear in the Step Text
2025-05-09 20:28:51,766 : ##### This is the --338th-- Question #####
2025-05-09 20:28:57,730 : ##### This is the --339th-- Question #####
2025-05-09 20:29:14,062 : ##### This is the --340th-- Question #####
2025-05-09 20:29:23,005 : ##### This is the --341th-- Question #####
2025-05-09 20:29:35,323 : ##### This is the --342th-- Question #####
2025-05-09 20:29:46,867 : ##### This is the --343th-- Question #####
2025-05-09 20:30:02,857 : 
Step 3-Keyword-1 Does not appear in the Step Text
2025-05-09 20:30:02,859 : 
Step 4-Keyword-0 Does not appear in the Step Text
2025-05-09 20:30:02,863 : 
Step 5-Keyword-0 Does not appear in the Step Text
2025-05-09 20:30:02,868 : ##### This is the --344th-- Question #####
2025-05-09 20:30:08,127 : ##### This is the --345th-- Question #####
2025-05-09 20:30:25,398 : ##### This is the --346th-- Question #####
2025-05-09 20:30:33,793 : 
Step 2-Keyword-1 Does not appear in the Step Text
2025-05-09 20:30:33,795 : 
Step 3-Keyword-1 Does not appear in the Step Text
2025-05-09 20:30:33,797 : 
Step 4-Keyword-1 Does not appear in the Step Text
2025-05-09 20:30:33,803 : ##### This is the --347th-- Question #####
2025-05-09 20:30:53,283 : 
Step 2-Keyword-0 Does not appear in the Step Text
2025-05-09 20:30:53,284 : 
Step 3-Keyword-0 Does not appear in the Step Text
2025-05-09 20:30:53,287 : 
Step 4-Keyword-1 Does not appear in the Step Text
2025-05-09 20:30:53,305 : ##### This is the --348th-- Question #####
2025-05-09 20:30:59,950 : ##### This is the --349th-- Question #####
2025-05-09 20:31:12,997 : ##### This is the --350th-- Question #####
2025-05-09 20:31:18,870 : ##### This is the --351th-- Question #####
2025-05-09 20:31:30,231 : ##### This is the --352th-- Question #####
2025-05-09 20:31:49,442 : ##### This is the --353th-- Question #####
2025-05-09 20:31:58,025 : New Reasoning Tokens Are None, Current try is 1
2025-05-09 20:32:05,674 : ##### This is the --354th-- Question #####
2025-05-09 20:32:12,714 : ##### This is the --355th-- Question #####
2025-05-09 20:32:26,968 : ##### This is the --356th-- Question #####
2025-05-09 20:32:31,634 : ##### This is the --357th-- Question #####
2025-05-09 20:32:51,055 : ##### This is the --358th-- Question #####
2025-05-09 20:32:58,572 : ##### This is the --359th-- Question #####
2025-05-09 20:33:02,703 : Cannot locate the Final Answer, Current try is 1
2025-05-09 20:33:08,162 : 
Step 2-Keyword-0 Does not appear in the Step Text
2025-05-09 20:33:08,175 : ##### This is the --360th-- Question #####
2025-05-09 20:33:20,365 : 
Step 2-Keyword-2 Does not appear in the Step Text
2025-05-09 20:33:20,373 : ##### This is the --361th-- Question #####
2025-05-09 20:33:25,289 : ##### This is the --362th-- Question #####
2025-05-09 20:33:40,129 : Len of keywords list doesn't match the len of step dict, Current try is 1
2025-05-09 20:33:53,321 : 
Step 1-Keyword-0 Does not appear in the Step Text
2025-05-09 20:33:53,321 : 
Step 1-Keyword-1 Does not appear in the Step Text
2025-05-09 20:33:53,330 : ##### This is the --363th-- Question #####
2025-05-09 20:33:58,255 : Exact Tokens Have no contribution scores, Current try is 1
2025-05-09 20:34:05,504 : Len of keywords list doesn't match the len of step dict, Current try is 2
2025-05-09 20:34:12,344 : ##### This is the --364th-- Question #####
2025-05-09 20:34:22,812 : Exact Tokens Have NO ANSWER, Current try is 1
2025-05-09 20:34:28,876 : 
Step 3-Keyword-0 Does not appear in the Step Text
2025-05-09 20:34:28,882 : ##### This is the --365th-- Question #####
2025-05-09 20:34:47,853 : 
Step 2-Keyword-2 Does not appear in the Step Text
2025-05-09 20:34:47,855 : 
Step 3-Keyword-2 Does not appear in the Step Text
2025-05-09 20:34:47,861 : 
Step 5-Keyword-3 Does not appear in the Step Text
2025-05-09 20:34:47,866 : 
Step 6-Keyword-3 Does not appear in the Step Text
2025-05-09 20:34:47,872 : ##### This is the --366th-- Question #####
2025-05-09 20:35:05,317 : 
Step 3-Keyword-0 Does not appear in the Step Text
2025-05-09 20:35:05,326 : ##### This is the --367th-- Question #####
2025-05-09 20:35:17,884 : ##### This is the --368th-- Question #####
2025-05-09 20:35:26,460 : New Reasoning Tokens Are None, Current try is 1
2025-05-09 20:35:45,993 : ##### This is the --369th-- Question #####
2025-05-09 20:35:52,900 : ##### This is the --370th-- Question #####
2025-05-09 20:36:05,793 : Exact Tokens Have NO ANSWER, Current try is 1
2025-05-09 20:36:18,521 : 
Step 3-Keyword-0 Does not appear in the Step Text
2025-05-09 20:36:18,533 : ##### This is the --371th-- Question #####
2025-05-09 20:36:30,831 : ##### This is the --372th-- Question #####
2025-05-09 20:36:37,887 : Exact Tokens Have NO ANSWER, Current try is 1
2025-05-09 20:36:46,470 : New Reasoning Tokens Are None, Current try is 2
2025-05-09 20:37:03,334 : 
Step 1-Keyword-0 Does not appear in the Step Text
2025-05-09 20:37:03,335 : 
Step 1-Keyword-1 Does not appear in the Step Text
2025-05-09 20:37:03,350 : ##### This is the --373th-- Question #####
2025-05-09 20:37:15,027 : 
Step 5-Keyword-3 Does not appear in the Step Text
2025-05-09 20:37:15,027 : 
Step 5-Keyword-4 Does not appear in the Step Text
2025-05-09 20:37:15,030 : 
Step 6-Keyword-3 Does not appear in the Step Text
2025-05-09 20:37:15,030 : 
Step 6-Keyword-4 Does not appear in the Step Text
2025-05-09 20:37:15,037 : ##### This is the --374th-- Question #####
2025-05-09 20:37:23,958 : ##### This is the --375th-- Question #####
2025-05-09 20:37:30,015 : ##### This is the --376th-- Question #####
2025-05-09 20:37:37,180 : Len of keywords list doesn't match the len of step dict, Current try is 1
2025-05-09 20:37:56,587 : ##### This is the --377th-- Question #####
2025-05-09 20:38:04,694 : Exact Tokens Have NO ANSWER, Current try is 1
2025-05-09 20:38:17,520 : ##### This is the --378th-- Question #####
2025-05-09 20:38:27,390 : 
Step 3-Keyword-0 Does not appear in the Step Text
2025-05-09 20:38:27,402 : ##### This is the --379th-- Question #####
2025-05-09 20:38:41,596 : Exact Tokens Have NO ANSWER, Current try is 1
2025-05-09 20:38:54,184 : ##### This is the --380th-- Question #####
2025-05-09 20:39:06,946 : ##### This is the --381th-- Question #####
2025-05-09 20:39:13,994 : ##### This is the --382th-- Question #####
2025-05-09 20:39:24,361 : ##### This is the --383th-- Question #####
2025-05-09 20:39:43,704 : 
Step 4-Keyword-0 Does not appear in the Step Text
2025-05-09 20:39:43,716 : ##### This is the --384th-- Question #####
2025-05-09 20:39:57,125 : ##### This is the --385th-- Question #####
2025-05-09 20:40:07,796 : Exact Tokens Have no contribution scores, Current try is 1
2025-05-09 20:40:22,137 : 
Step 1-Keyword-2 Does not appear in the Step Text
2025-05-09 20:40:22,137 : 
Step 1-Keyword-3 Does not appear in the Step Text
2025-05-09 20:40:22,147 : ##### This is the --386th-- Question #####
2025-05-09 20:40:27,802 : 
Step 3-Keyword-0 Does not appear in the Step Text
2025-05-09 20:40:27,809 : ##### This is the --387th-- Question #####
2025-05-09 20:40:41,321 : ##### This is the --388th-- Question #####
2025-05-09 20:40:49,236 : 
Step 2-Keyword-1 Does not appear in the Step Text
2025-05-09 20:40:49,249 : ##### This is the --389th-- Question #####
2025-05-09 20:41:00,256 : 
Step 2-Keyword-1 Does not appear in the Step Text
2025-05-09 20:41:00,264 : ##### This is the --390th-- Question #####
2025-05-09 20:41:19,448 : Exact Tokens Have NO ANSWER, Current try is 1
2025-05-09 20:41:27,263 : ##### This is the --391th-- Question #####
2025-05-09 20:41:42,919 : Exact Tokens Have NO ANSWER, Current try is 1
2025-05-09 20:41:49,598 : ##### This is the --392th-- Question #####
2025-05-09 20:41:55,808 : ##### This is the --393th-- Question #####
2025-05-09 20:42:09,052 : ##### This is the --394th-- Question #####
2025-05-09 20:42:21,772 : 
Step 5-Keyword-0 Does not appear in the Step Text
2025-05-09 20:42:21,778 : ##### This is the --395th-- Question #####
2025-05-09 20:42:29,710 : ##### This is the --396th-- Question #####
2025-05-09 20:42:42,095 : ##### This is the --397th-- Question #####
2025-05-09 20:42:50,678 : New Reasoning Tokens Are None, Current try is 1
2025-05-09 20:43:05,340 : ##### This is the --398th-- Question #####
2025-05-09 20:43:18,294 : ##### This is the --399th-- Question #####
2025-05-09 20:43:32,041 : 
Step 1-Keyword-1 Does not appear in the Step Text
2025-05-09 20:43:32,042 : 
Step 1-Keyword-4 Does not appear in the Step Text
2025-05-09 20:43:32,043 : 
Step 2-Keyword-1 Does not appear in the Step Text
2025-05-09 20:43:32,044 : 
Step 2-Keyword-3 Does not appear in the Step Text
2025-05-09 20:43:32,044 : 
Step 2-Keyword-4 Does not appear in the Step Text
2025-05-09 20:43:32,046 : 
Step 3-Keyword-1 Does not appear in the Step Text
2025-05-09 20:43:32,046 : 
Step 3-Keyword-3 Does not appear in the Step Text
2025-05-09 20:43:32,046 : 
Step 3-Keyword-4 Does not appear in the Step Text
2025-05-09 20:43:32,055 : ##### This is the --400th-- Question #####
2025-05-09 20:43:47,498 : ##### This is the --401th-- Question #####
2025-05-09 20:43:57,178 : ##### This is the --402th-- Question #####
2025-05-09 20:44:01,794 : ##### This is the --403th-- Question #####
2025-05-09 20:44:10,532 : ##### This is the --404th-- Question #####
2025-05-09 20:44:17,440 : ##### This is the --405th-- Question #####
2025-05-09 20:44:26,017 : New Reasoning Tokens Are None, Current try is 1
2025-05-09 20:44:32,753 : ##### This is the --406th-- Question #####
2025-05-09 20:44:38,454 : ##### This is the --407th-- Question #####
2025-05-09 20:44:57,954 : ##### This is the --408th-- Question #####
2025-05-09 20:45:04,671 : ##### This is the --409th-- Question #####
2025-05-09 20:45:16,888 : ##### This is the --410th-- Question #####
2025-05-09 20:45:25,469 : New Reasoning Tokens Are None, Current try is 1
2025-05-09 20:45:31,407 : ##### This is the --411th-- Question #####
2025-05-09 20:45:44,200 : Exact Tokens Have NO ANSWER, Current try is 1
2025-05-09 20:45:52,784 : New Reasoning Tokens Are None, Current try is 2
2025-05-09 20:46:00,501 : ##### This is the --412th-- Question #####
2025-05-09 20:46:08,527 : 
Step 1-Keyword-4 Does not appear in the Step Text
2025-05-09 20:46:08,528 : 
Step 2-Keyword-3 Does not appear in the Step Text
2025-05-09 20:46:08,536 : ##### This is the --413th-- Question #####
2025-05-09 20:46:16,488 : ##### This is the --414th-- Question #####
2025-05-09 20:46:26,900 : 
Step 1-Keyword-0 Does not appear in the Step Text
2025-05-09 20:46:26,906 : 
Step 3-Keyword-0 Does not appear in the Step Text
2025-05-09 20:46:26,906 : 
Step 3-Keyword-1 Does not appear in the Step Text
2025-05-09 20:46:26,918 : ##### This is the --415th-- Question #####
2025-05-09 20:46:32,695 : ##### This is the --416th-- Question #####
2025-05-09 20:46:40,212 : ##### This is the --417th-- Question #####
2025-05-09 20:46:45,176 : ##### This is the --418th-- Question #####
2025-05-09 20:46:53,755 : New Reasoning Tokens Are None, Current try is 1
2025-05-09 20:46:59,439 : 
Step 3-Keyword-0 Does not appear in the Step Text
2025-05-09 20:46:59,445 : ##### This is the --419th-- Question #####
2025-05-09 20:47:12,230 : ##### This is the --420th-- Question #####
2025-05-09 20:47:20,813 : New Reasoning Tokens Are None, Current try is 1
2025-05-09 20:47:31,361 : ##### This is the --421th-- Question #####
2025-05-09 20:47:39,177 : ##### This is the --422th-- Question #####
2025-05-09 20:47:44,300 : Exact Tokens Have NO ANSWER, Current try is 1
2025-05-09 20:47:52,879 : New Reasoning Tokens Are None, Current try is 2
2025-05-09 20:47:55,446 : Cannot locate the Final Answer, Current try is 3
2025-05-09 20:48:03,241 : ##### This is the --423th-- Question #####
2025-05-09 20:48:20,118 : ##### This is the --424th-- Question #####
2025-05-09 20:48:27,901 : 
Step 1-Keyword-0 Does not appear in the Step Text
2025-05-09 20:48:27,911 : ##### This is the --425th-- Question #####
2025-05-09 20:48:41,434 : ##### This is the --426th-- Question #####
2025-05-09 20:48:50,012 : New Reasoning Tokens Are None, Current try is 1
2025-05-09 20:48:59,622 : ##### This is the --427th-- Question #####
2025-05-09 20:49:11,988 : ##### This is the --428th-- Question #####
2025-05-09 20:49:21,793 : ##### This is the --429th-- Question #####
2025-05-09 20:49:41,074 : ##### This is the --430th-- Question #####
2025-05-09 20:49:53,524 : 
Step 2-Keyword-1 Does not appear in the Step Text
2025-05-09 20:49:53,532 : 
Step 5-Keyword-1 Does not appear in the Step Text
2025-05-09 20:49:53,546 : ##### This is the --431th-- Question #####
2025-05-09 20:50:06,732 : ##### This is the --432th-- Question #####
2025-05-09 20:50:13,861 : ##### This is the --433th-- Question #####
2025-05-09 20:50:22,443 : New Reasoning Tokens Are None, Current try is 1
2025-05-09 20:50:29,640 : 
Step 4-Keyword-0 Does not appear in the Step Text
2025-05-09 20:50:29,647 : ##### This is the --434th-- Question #####
2025-05-09 20:50:35,445 : ##### This is the --435th-- Question #####
2025-05-09 20:50:44,035 : New Reasoning Tokens Are None, Current try is 1
2025-05-09 20:50:52,573 : ##### This is the --436th-- Question #####
2025-05-09 20:51:01,786 : ##### This is the --437th-- Question #####
2025-05-09 20:51:10,383 : 
Step 1-Keyword-0 Does not appear in the Step Text
2025-05-09 20:51:10,383 : 
Step 1-Keyword-2 Does not appear in the Step Text
2025-05-09 20:51:10,394 : ##### This is the --438th-- Question #####
2025-05-09 20:51:24,313 : ##### This is the --439th-- Question #####
2025-05-09 20:51:29,100 : ##### This is the --440th-- Question #####
2025-05-09 20:51:42,116 : ##### This is the --441th-- Question #####
2025-05-09 20:51:59,892 : 
Step 2-Keyword-3 Does not appear in the Step Text
2025-05-09 20:51:59,892 : 
Step 2-Keyword-4 Does not appear in the Step Text
2025-05-09 20:51:59,895 : 
Step 3-Keyword-3 Does not appear in the Step Text
2025-05-09 20:51:59,898 : 
Step 4-Keyword-3 Does not appear in the Step Text
2025-05-09 20:51:59,902 : 
Step 5-Keyword-2 Does not appear in the Step Text
2025-05-09 20:51:59,912 : ##### This is the --442th-- Question #####
2025-05-09 20:52:14,302 : ##### This is the --443th-- Question #####
2025-05-09 20:52:21,733 : 
Step 3-Keyword-0 Does not appear in the Step Text
2025-05-09 20:52:21,739 : ##### This is the --444th-- Question #####
2025-05-09 20:52:34,508 : ##### This is the --445th-- Question #####
2025-05-09 20:52:47,217 : 
Step 1-Keyword-0 Does not appear in the Step Text
2025-05-09 20:52:47,226 : ##### This is the --446th-- Question #####
2025-05-09 20:53:00,293 : ##### This is the --447th-- Question #####
2025-05-09 20:53:06,845 : ##### This is the --448th-- Question #####
2025-05-09 20:53:13,017 : ##### This is the --449th-- Question #####
2025-05-09 20:53:18,057 : ##### This is the --450th-- Question #####
2025-05-09 20:53:31,454 : 
Step 1-Keyword-2 Does not appear in the Step Text
2025-05-09 20:53:31,456 : 
Step 2-Keyword-0 Does not appear in the Step Text
2025-05-09 20:53:31,462 : ##### This is the --451th-- Question #####
2025-05-09 20:53:45,531 : 
Step 2-Keyword-0 Does not appear in the Step Text
2025-05-09 20:53:45,531 : 
Step 2-Keyword-1 Does not appear in the Step Text
2025-05-09 20:53:45,541 : ##### This is the --452th-- Question #####
2025-05-09 20:54:03,934 : ##### This is the --453th-- Question #####
2025-05-09 20:54:10,348 : ##### This is the --454th-- Question #####
2025-05-09 20:54:29,763 : ##### This is the --455th-- Question #####
2025-05-09 20:54:36,918 : ##### This is the --456th-- Question #####
2025-05-09 20:54:48,816 : 
Step 2-Keyword-0 Does not appear in the Step Text
2025-05-09 20:54:48,818 : 
Step 4-Keyword-0 Does not appear in the Step Text
2025-05-09 20:54:48,826 : ##### This is the --457th-- Question #####
2025-05-09 20:55:05,812 : 
Step 2-Keyword-0 Does not appear in the Step Text
2025-05-09 20:55:05,814 : 
Step 3-Keyword-0 Does not appear in the Step Text
2025-05-09 20:55:05,819 : ##### This is the --458th-- Question #####
2025-05-09 20:55:14,395 : New Reasoning Tokens Are None, Current try is 1
2025-05-09 20:55:21,359 : 
Step 2-Keyword-0 Does not appear in the Step Text
2025-05-09 20:55:21,366 : ##### This is the --459th-- Question #####
2025-05-09 20:55:35,885 : 
Step 3-Keyword-2 Does not appear in the Step Text
2025-05-09 20:55:35,895 : 
Step 6-Keyword-2 Does not appear in the Step Text
2025-05-09 20:55:35,898 : 
Step 7-Keyword-2 Does not appear in the Step Text
2025-05-09 20:55:35,901 : 
Step 8-Keyword-2 Does not appear in the Step Text
2025-05-09 20:55:35,916 : ##### This is the --460th-- Question #####
2025-05-09 20:55:38,867 : Cannot locate the Final Answer, Current try is 1
2025-05-09 20:55:51,295 : ##### This is the --461th-- Question #####
2025-05-09 20:55:56,877 : ##### This is the --462th-- Question #####
2025-05-09 20:56:05,292 : 
Step 4-Keyword-0 Does not appear in the Step Text
2025-05-09 20:56:05,292 : 
Step 4-Keyword-1 Does not appear in the Step Text
2025-05-09 20:56:05,298 : ##### This is the --463th-- Question #####
2025-05-09 20:56:13,870 : New Reasoning Tokens Are None, Current try is 1
2025-05-09 20:56:33,033 : ##### This is the --464th-- Question #####
2025-05-09 20:56:38,730 : ##### This is the --465th-- Question #####
2025-05-09 20:56:47,114 : ##### This is the --466th-- Question #####
2025-05-09 20:56:59,712 : ##### This is the --467th-- Question #####
2025-05-09 20:57:05,868 : 
Step 2-Keyword-1 Does not appear in the Step Text
2025-05-09 20:57:05,877 : ##### This is the --468th-- Question #####
2025-05-09 20:57:21,555 : 
Step 3-Keyword-1 Does not appear in the Step Text
2025-05-09 20:57:21,563 : ##### This is the --469th-- Question #####
2025-05-09 20:57:30,344 : ##### This is the --470th-- Question #####
2025-05-09 20:57:41,544 : ##### This is the --471th-- Question #####
2025-05-09 20:57:53,018 : ##### This is the --472th-- Question #####
2025-05-09 20:58:01,597 : New Reasoning Tokens Are None, Current try is 1
2025-05-09 20:58:10,180 : New Reasoning Tokens Are None, Current try is 2
2025-05-09 20:58:29,405 : ##### This is the --473th-- Question #####
2025-05-09 20:58:34,206 : ##### This is the --474th-- Question #####
2025-05-09 20:58:46,590 : ##### This is the --475th-- Question #####
2025-05-09 20:58:56,229 : Len of keywords list doesn't match the len of step dict, Current try is 1
2025-05-09 20:59:11,251 : Exact Tokens Have NO ANSWER, Current try is 2
2025-05-09 20:59:24,628 : 
Step 3-Keyword-0 Does not appear in the Step Text
2025-05-09 20:59:24,634 : ##### This is the --476th-- Question #####
2025-05-09 20:59:37,004 : 
Step 2-Keyword-0 Does not appear in the Step Text
2025-05-09 20:59:37,012 : ##### This is the --477th-- Question #####
2025-05-09 20:59:50,553 : ##### This is the --478th-- Question #####
2025-05-09 21:00:02,017 : 
Step 3-Keyword-0 Does not appear in the Step Text
2025-05-09 21:00:02,023 : ##### This is the --479th-- Question #####
2025-05-09 21:00:14,059 : ##### This is the --480th-- Question #####
2025-05-09 21:00:23,698 : ##### This is the --481th-- Question #####
2025-05-09 21:00:29,463 : ##### This is the --482th-- Question #####
2025-05-09 21:00:35,705 : ##### This is the --483th-- Question #####
2025-05-09 21:00:49,988 : ##### This is the --484th-- Question #####
2025-05-09 21:00:58,565 : New Reasoning Tokens Are None, Current try is 1
2025-05-09 21:01:09,179 : ##### This is the --485th-- Question #####
2025-05-09 21:01:15,882 : ##### This is the --486th-- Question #####
2025-05-09 21:01:21,389 : Exact Tokens Have NO ANSWER, Current try is 1
2025-05-09 21:01:29,167 : ##### This is the --487th-- Question #####
2025-05-09 21:01:42,092 : ##### This is the --488th-- Question #####
2025-05-09 21:01:47,662 : 
Step 2-Keyword-3 Does not appear in the Step Text
2025-05-09 21:01:47,669 : ##### This is the --489th-- Question #####
2025-05-09 21:02:00,438 : ##### This is the --490th-- Question #####
2025-05-09 21:02:03,367 : Cannot locate the Final Answer, Current try is 1
2025-05-09 21:02:08,900 : ##### This is the --491th-- Question #####
2025-05-09 21:02:17,488 : New Reasoning Tokens Are None, Current try is 1
2025-05-09 21:02:33,547 : ##### This is the --492th-- Question #####
2025-05-09 21:02:52,881 : 
Step 3-Keyword-0 Does not appear in the Step Text
2025-05-09 21:02:52,888 : ##### This is the --493th-- Question #####
2025-05-09 21:03:07,668 : ##### This is the --494th-- Question #####
2025-05-09 21:03:13,220 : ##### This is the --495th-- Question #####
2025-05-09 21:03:32,656 : Exact Tokens Have NO ANSWER, Current try is 1
2025-05-09 21:03:46,205 : ##### This is the --496th-- Question #####
2025-05-09 21:03:54,791 : New Reasoning Tokens Are None, Current try is 1
2025-05-09 21:03:58,802 : ##### This is the --497th-- Question #####
2025-05-09 21:04:11,301 : ##### This is the --498th-- Question #####
2025-05-09 21:04:23,459 : ##### This is the --499th-- Question #####
2025-05-09 21:04:37,819 : ##### This is the --500th-- Question #####
2025-05-09 21:04:43,892 : Len of keywords list doesn't match the len of step dict, Current try is 1
2025-05-09 21:04:50,586 : ##### This is the --501th-- Question #####
2025-05-09 21:04:57,017 : Exact Tokens Have NO ANSWER, Current try is 1
2025-05-09 21:05:02,710 : 
Step 3-Keyword-0 Does not appear in the Step Text
2025-05-09 21:05:02,716 : ##### This is the --502th-- Question #####
2025-05-09 21:05:15,466 : ##### This is the --503th-- Question #####
2025-05-09 21:05:22,236 : ##### This is the --504th-- Question #####
2025-05-09 21:05:30,890 : 
Step 2-Keyword-2 Does not appear in the Step Text
2025-05-09 21:05:30,896 : 
Step 6-Keyword-1 Does not appear in the Step Text
2025-05-09 21:05:30,904 : ##### This is the --505th-- Question #####
2025-05-09 21:05:37,087 : ##### This is the --506th-- Question #####
2025-05-09 21:05:48,851 : 
Step 2-Keyword-0 Does not appear in the Step Text
2025-05-09 21:05:48,852 : 
Step 3-Keyword-0 Does not appear in the Step Text
2025-05-09 21:05:48,864 : ##### This is the --507th-- Question #####
2025-05-09 21:06:04,452 : Exact Tokens Have NO ANSWER, Current try is 1
2025-05-09 21:06:12,637 : Exact Tokens Have NO ANSWER, Current try is 2
2025-05-09 21:06:30,798 : ##### This is the --508th-- Question #####
2025-05-09 21:06:44,356 : ##### This is the --509th-- Question #####
2025-05-09 21:06:57,455 : ##### This is the --510th-- Question #####
2025-05-09 21:07:16,814 : 
Step 1-Keyword-0 Does not appear in the Step Text
2025-05-09 21:07:16,818 : 
Step 3-Keyword-0 Does not appear in the Step Text
2025-05-09 21:07:16,824 : ##### This is the --511th-- Question #####
2025-05-09 21:07:28,460 : ##### This is the --512th-- Question #####
2025-05-09 21:07:37,042 : New Reasoning Tokens Are None, Current try is 1
2025-05-09 21:07:49,833 : 
Step 1-Keyword-2 Does not appear in the Step Text
2025-05-09 21:07:49,836 : 
Step 3-Keyword-0 Does not appear in the Step Text
2025-05-09 21:07:49,847 : ##### This is the --513th-- Question #####
2025-05-09 21:08:00,498 : 
Step 4-Keyword-0 Does not appear in the Step Text
2025-05-09 21:08:00,504 : ##### This is the --514th-- Question #####
2025-05-09 21:08:09,466 : 
Step 2-Keyword-0 Does not appear in the Step Text
2025-05-09 21:08:09,479 : ##### This is the --515th-- Question #####
2025-05-09 21:08:18,016 : ##### This is the --516th-- Question #####
2025-05-09 21:08:34,380 : 
Step 1-Keyword-2 Does not appear in the Step Text
2025-05-09 21:08:34,388 : ##### This is the --517th-- Question #####
2025-05-09 21:08:42,970 : New Reasoning Tokens Are None, Current try is 1
2025-05-09 21:08:57,078 : ##### This is the --518th-- Question #####
2025-05-09 21:09:03,399 : ##### This is the --519th-- Question #####
2025-05-09 21:09:10,636 : ##### This is the --520th-- Question #####
2025-05-09 21:09:15,936 : Exact Tokens Have no contribution scores, Current try is 1
2025-05-09 21:09:23,546 : Exact Tokens Have no contribution scores, Current try is 2
2025-05-09 21:09:35,862 : ##### This is the --521th-- Question #####
2025-05-09 21:09:42,362 : ##### This is the --522th-- Question #####
2025-05-09 21:09:50,945 : New Reasoning Tokens Are None, Current try is 1
2025-05-09 21:10:10,191 : ##### This is the --523th-- Question #####
2025-05-09 21:10:23,005 : ##### This is the --524th-- Question #####
2025-05-09 21:10:25,954 : Cannot locate the Final Answer, Current try is 1
2025-05-09 21:10:45,287 : Exact Tokens Have NO ANSWER, Current try is 2
2025-05-09 21:10:51,334 : ##### This is the --525th-- Question #####
2025-05-09 21:11:08,626 : ##### This is the --526th-- Question #####
2025-05-09 21:11:28,004 : 
Step 3-Keyword-0 Does not appear in the Step Text
2025-05-09 21:11:28,022 : ##### This is the --527th-- Question #####
2025-05-09 21:11:42,572 : 
Step 7-Keyword-0 Does not appear in the Step Text
2025-05-09 21:11:42,578 : ##### This is the --528th-- Question #####
2025-05-09 21:11:47,857 : ##### This is the --529th-- Question #####
2025-05-09 21:12:00,686 : ##### This is the --530th-- Question #####
2025-05-09 21:12:14,228 : ##### This is the --531th-- Question #####
2025-05-09 21:12:26,539 : ##### This is the --532th-- Question #####
2025-05-09 21:12:43,860 : ##### This is the --533th-- Question #####
2025-05-09 21:12:49,595 : ##### This is the --534th-- Question #####
2025-05-09 21:12:58,170 : New Reasoning Tokens Are None, Current try is 1
2025-05-09 21:13:04,405 : ##### This is the --535th-- Question #####
2025-05-09 21:13:18,380 : ##### This is the --536th-- Question #####
2025-05-09 21:13:36,265 : ##### This is the --537th-- Question #####
2025-05-09 21:13:48,838 : ##### This is the --538th-- Question #####
2025-05-09 21:14:00,822 : ##### This is the --539th-- Question #####
2025-05-09 21:14:05,804 : ##### This is the --540th-- Question #####
2025-05-09 21:14:19,217 : ##### This is the --541th-- Question #####
2025-05-09 21:14:24,520 : ##### This is the --542th-- Question #####
2025-05-09 21:14:30,402 : ##### This is the --543th-- Question #####
2025-05-09 21:14:43,395 : ##### This is the --544th-- Question #####
2025-05-09 21:14:48,126 : Exact Tokens Have no contribution scores, Current try is 1
2025-05-09 21:15:04,482 : 
Step 2-Keyword-1 Does not appear in the Step Text
2025-05-09 21:15:04,488 : 
Step 4-Keyword-0 Does not appear in the Step Text
2025-05-09 21:15:04,500 : ##### This is the --545th-- Question #####
2025-05-09 21:15:17,266 : ##### This is the --546th-- Question #####
2025-05-09 21:15:29,771 : 
Step 3-Keyword-0 Does not appear in the Step Text
2025-05-09 21:15:29,777 : ##### This is the --547th-- Question #####
2025-05-09 21:15:43,292 : ##### This is the --548th-- Question #####
2025-05-09 21:15:49,288 : ##### This is the --549th-- Question #####
2025-05-09 21:15:55,430 : 
Step 1-Keyword-0 Does not appear in the Step Text
2025-05-09 21:15:55,433 : 
Step 3-Keyword-0 Does not appear in the Step Text
2025-05-09 21:15:55,439 : ##### This is the --550th-- Question #####
2025-05-09 21:16:05,199 : ##### This is the --551th-- Question #####
2025-05-09 21:16:19,387 : 
Step 1-Keyword-2 Does not appear in the Step Text
2025-05-09 21:16:19,387 : 
Step 1-Keyword-3 Does not appear in the Step Text
2025-05-09 21:16:19,396 : ##### This is the --552th-- Question #####
2025-05-09 21:16:24,252 : ##### This is the --553th-- Question #####
2025-05-09 21:16:43,162 : 
Step 3-Keyword-0 Does not appear in the Step Text
2025-05-09 21:16:43,168 : ##### This is the --554th-- Question #####
2025-05-09 21:16:51,745 : New Reasoning Tokens Are None, Current try is 1
2025-05-09 21:17:00,326 : New Reasoning Tokens Are None, Current try is 2
2025-05-09 21:17:11,833 : ##### This is the --555th-- Question #####
2025-05-09 21:17:20,414 : New Reasoning Tokens Are None, Current try is 1
2025-05-09 21:17:32,754 : ##### This is the --556th-- Question #####
2025-05-09 21:17:48,853 : 
Step 2-Keyword-1 Does not appear in the Step Text
2025-05-09 21:17:48,866 : ##### This is the --557th-- Question #####
2025-05-09 21:17:54,825 : ##### This is the --558th-- Question #####
2025-05-09 21:18:08,174 : Exact Tokens Have NO ANSWER, Current try is 1
2025-05-09 21:18:19,017 : ##### This is the --559th-- Question #####
2025-05-09 21:18:27,606 : New Reasoning Tokens Are None, Current try is 1
2025-05-09 21:18:42,530 : ##### This is the --560th-- Question #####
2025-05-09 21:18:54,224 : ##### This is the --561th-- Question #####
2025-05-09 21:19:02,810 : New Reasoning Tokens Are None, Current try is 1
2025-05-09 21:19:16,937 : ##### This is the --562th-- Question #####
2025-05-09 21:19:29,910 : ##### This is the --563th-- Question #####
2025-05-09 21:19:35,670 : ##### This is the --564th-- Question #####
2025-05-09 21:19:40,325 : Exact Tokens Have no contribution scores, Current try is 1
2025-05-09 21:19:50,042 : ##### This is the --565th-- Question #####
2025-05-09 21:20:04,014 : ##### This is the --566th-- Question #####
2025-05-09 21:20:23,298 : ##### This is the --567th-- Question #####
2025-05-09 21:20:33,572 : ##### This is the --568th-- Question #####
2025-05-09 21:20:40,361 : ##### This is the --569th-- Question #####
2025-05-09 21:20:53,414 : 
Step 1-Keyword-2 Does not appear in the Step Text
2025-05-09 21:20:53,415 : 
Step 2-Keyword-2 Does not appear in the Step Text
2025-05-09 21:20:53,416 : 
Step 3-Keyword-0 Does not appear in the Step Text
2025-05-09 21:20:53,423 : ##### This is the --570th-- Question #####
2025-05-09 21:21:00,459 : ##### This is the --571th-- Question #####
2025-05-09 21:21:07,519 : ##### This is the --572th-- Question #####
2025-05-09 21:21:12,067 : 
Step 2-Keyword-1 Does not appear in the Step Text
2025-05-09 21:21:12,068 : 
Step 3-Keyword-0 Does not appear in the Step Text
2025-05-09 21:21:12,074 : ##### This is the --573th-- Question #####
2025-05-09 21:21:24,346 : ##### This is the --574th-- Question #####
2025-05-09 21:21:32,928 : New Reasoning Tokens Are None, Current try is 1
2025-05-09 21:21:43,242 : ##### This is the --575th-- Question #####
2025-05-09 21:21:50,831 : ##### This is the --576th-- Question #####
2025-05-09 21:21:56,945 : ##### This is the --577th-- Question #####
2025-05-09 21:22:09,749 : ##### This is the --578th-- Question #####
2025-05-09 21:22:15,116 : ##### This is the --579th-- Question #####
2025-05-09 21:22:27,190 : ##### This is the --580th-- Question #####
2025-05-09 21:22:33,192 : ##### This is the --581th-- Question #####
2025-05-09 21:22:46,468 : Exact Tokens Have NO ANSWER, Current try is 1
2025-05-09 21:23:02,984 : ##### This is the --582th-- Question #####
2025-05-09 21:23:10,771 : ##### This is the --583th-- Question #####
2025-05-09 21:23:21,436 : Exact Tokens Have no contribution scores, Current try is 1
2025-05-09 21:23:28,453 : ##### This is the --584th-- Question #####
2025-05-09 21:23:43,208 : ##### This is the --585th-- Question #####
2025-05-09 21:23:51,785 : New Reasoning Tokens Are None, Current try is 1
2025-05-09 21:23:57,102 : ##### This is the --586th-- Question #####
2025-05-09 21:24:09,795 : ##### This is the --587th-- Question #####
2025-05-09 21:24:18,375 : New Reasoning Tokens Are None, Current try is 1
2025-05-09 21:24:31,043 : Exact Tokens Have NO ANSWER, Current try is 2
2025-05-09 21:24:35,877 : ##### This is the --588th-- Question #####
2025-05-09 21:24:48,658 : ##### This is the --589th-- Question #####
2025-05-09 21:24:57,530 : 
Step 1-Keyword-1 Does not appear in the Step Text
2025-05-09 21:24:57,531 : 
Step 2-Keyword-0 Does not appear in the Step Text
2025-05-09 21:24:57,540 : ##### This is the --590th-- Question #####
2025-05-09 21:25:08,221 : ##### This is the --591th-- Question #####
2025-05-09 21:25:15,621 : ##### This is the --592th-- Question #####
2025-05-09 21:25:21,686 : 
Step 1-Keyword-0 Does not appear in the Step Text
2025-05-09 21:25:21,695 : ##### This is the --593th-- Question #####
2025-05-09 21:25:41,018 : ##### This is the --594th-- Question #####
2025-05-09 21:25:51,498 : Exact Tokens Have no contribution scores, Current try is 1
2025-05-09 21:26:04,917 : Exact Tokens Have NO ANSWER, Current try is 2
2025-05-09 21:26:12,206 : ##### This is the --595th-- Question #####
2025-05-09 21:26:26,109 : ##### This is the --596th-- Question #####
2025-05-09 21:26:39,602 : ##### This is the --597th-- Question #####
2025-05-09 21:26:51,765 : Exact Tokens Have NO ANSWER, Current try is 1
2025-05-09 21:27:03,988 : ##### This is the --598th-- Question #####
2025-05-09 21:27:16,985 : ##### This is the --599th-- Question #####
2025-05-09 21:27:30,592 : ##### This is the --600th-- Question #####
2025-05-09 21:27:38,160 : ##### This is the --601th-- Question #####
2025-05-09 21:27:47,156 : Len of keywords list doesn't match the len of step dict, Current try is 1
2025-05-09 21:28:01,256 : Exact Tokens Have NO ANSWER, Current try is 2
2025-05-09 21:28:13,906 : 
Step 2-Keyword-1 Does not appear in the Step Text
2025-05-09 21:28:13,918 : ##### This is the --602th-- Question #####
2025-05-09 21:28:20,875 : ##### This is the --603th-- Question #####
2025-05-09 21:28:26,789 : ##### This is the --604th-- Question #####
2025-05-09 21:28:32,370 : 
Step 1-Keyword-0 Does not appear in the Step Text
2025-05-09 21:28:32,373 : 
Step 3-Keyword-0 Does not appear in the Step Text
2025-05-09 21:28:32,383 : ##### This is the --605th-- Question #####
2025-05-09 21:28:39,102 : ##### This is the --606th-- Question #####
2025-05-09 21:28:53,050 : Exact Tokens Have NO ANSWER, Current try is 1
2025-05-09 21:29:06,199 : Exact Tokens Have NO ANSWER, Current try is 2
2025-05-09 21:29:19,393 : 
Step 2-Keyword-1 Does not appear in the Step Text
2025-05-09 21:29:19,400 : ##### This is the --607th-- Question #####
2025-05-09 21:29:38,642 : Exact Tokens Have NO ANSWER, Current try is 1
2025-05-09 21:29:54,680 : 
Step 2-Keyword-0 Does not appear in the Step Text
2025-05-09 21:29:54,681 : 
Step 2-Keyword-1 Does not appear in the Step Text
2025-05-09 21:29:54,698 : ##### This is the --608th-- Question #####
2025-05-09 21:30:03,279 : New Reasoning Tokens Are None, Current try is 1
2025-05-09 21:30:09,659 : ##### This is the --609th-- Question #####
2025-05-09 21:30:22,721 : 
Step 3-Keyword-0 Does not appear in the Step Text
2025-05-09 21:30:22,724 : 
Step 4-Keyword-0 Does not appear in the Step Text
2025-05-09 21:30:22,728 : 
Step 5-Keyword-0 Does not appear in the Step Text
2025-05-09 21:30:22,734 : ##### This is the --610th-- Question #####
2025-05-09 21:30:37,712 : 
Step 1-Keyword-5 Does not appear in the Step Text
2025-05-09 21:30:37,712 : 
Step 1-Keyword-6 Does not appear in the Step Text
2025-05-09 21:30:37,721 : ##### This is the --611th-- Question #####
2025-05-09 21:30:53,954 : Exact Tokens Have NO ANSWER, Current try is 1
2025-05-09 21:31:01,210 : ##### This is the --612th-- Question #####
2025-05-09 21:31:13,296 : ##### This is the --613th-- Question #####
2025-05-09 21:31:20,968 : 
Step 3-Keyword-0 Does not appear in the Step Text
2025-05-09 21:31:20,974 : ##### This is the --614th-- Question #####
2025-05-09 21:31:30,894 : ##### This is the --615th-- Question #####
2025-05-09 21:31:39,110 : ##### This is the --616th-- Question #####
2025-05-09 21:31:51,603 : 
Step 2-Keyword-0 Does not appear in the Step Text
2025-05-09 21:31:51,611 : ##### This is the --617th-- Question #####
2025-05-09 21:32:00,185 : New Reasoning Tokens Are None, Current try is 1
2025-05-09 21:32:13,124 : ##### This is the --618th-- Question #####
2025-05-09 21:32:17,772 : Exact Tokens Have no contribution scores, Current try is 1
2025-05-09 21:32:24,704 : ##### This is the --619th-- Question #####
2025-05-09 21:32:33,251 : ##### This is the --620th-- Question #####
2025-05-09 21:32:41,250 : 
Step 3-Keyword-0 Does not appear in the Step Text
2025-05-09 21:32:41,256 : ##### This is the --621th-- Question #####
2025-05-09 21:32:52,605 : 
Step 1-Keyword-1 Does not appear in the Step Text
2025-05-09 21:32:52,605 : 
Step 1-Keyword-2 Does not appear in the Step Text
2025-05-09 21:32:52,606 : 
Step 2-Keyword-1 Does not appear in the Step Text
2025-05-09 21:32:52,608 : 
Step 3-Keyword-2 Does not appear in the Step Text
2025-05-09 21:32:52,616 : 
Step 5-Keyword-2 Does not appear in the Step Text
2025-05-09 21:32:52,622 : ##### This is the --622th-- Question #####
2025-05-09 21:33:00,964 : ##### This is the --623th-- Question #####
2025-05-09 21:33:14,943 : 
Step 4-Keyword-0 Does not appear in the Step Text
2025-05-09 21:33:14,954 : ##### This is the --624th-- Question #####
2025-05-09 21:33:29,639 : 
Step 1-Keyword-1 Does not appear in the Step Text
2025-05-09 21:33:29,639 : 
Step 1-Keyword-2 Does not appear in the Step Text
2025-05-09 21:33:29,639 : 
Step 1-Keyword-3 Does not appear in the Step Text
2025-05-09 21:33:29,642 : 
Step 3-Keyword-2 Does not appear in the Step Text
2025-05-09 21:33:29,642 : 
Step 3-Keyword-3 Does not appear in the Step Text
2025-05-09 21:33:29,653 : ##### This is the --625th-- Question #####
2025-05-09 21:33:36,816 : ##### This is the --626th-- Question #####
2025-05-09 21:33:51,685 : 
Step 2-Keyword-2 Does not appear in the Step Text
2025-05-09 21:33:51,693 : ##### This is the --627th-- Question #####
2025-05-09 21:33:58,776 : ##### This is the --628th-- Question #####
2025-05-09 21:34:08,372 : ##### This is the --629th-- Question #####
2025-05-09 21:34:20,846 : ##### This is the --630th-- Question #####
2025-05-09 21:34:35,833 : 
Step 3-Keyword-1 Does not appear in the Step Text
2025-05-09 21:34:35,844 : ##### This is the --631th-- Question #####
2025-05-09 21:34:47,382 : ##### This is the --632th-- Question #####
2025-05-09 21:35:00,566 : ##### This is the --633th-- Question #####
2025-05-09 21:35:10,853 : 
Step 1-Keyword-2 Does not appear in the Step Text
2025-05-09 21:35:10,853 : 
Step 1-Keyword-3 Does not appear in the Step Text
2025-05-09 21:35:10,854 : 
Step 1-Keyword-4 Does not appear in the Step Text
2025-05-09 21:35:10,857 : 
Step 3-Keyword-2 Does not appear in the Step Text
2025-05-09 21:35:10,865 : ##### This is the --634th-- Question #####
2025-05-09 21:35:25,394 : ##### This is the --635th-- Question #####
2025-05-09 21:35:30,982 : Exact Tokens Have no contribution scores, Current try is 1
2025-05-09 21:35:44,168 : ##### This is the --636th-- Question #####
2025-05-09 21:35:56,771 : ##### This is the --637th-- Question #####
2025-05-09 21:36:02,146 : ##### This is the --638th-- Question #####
2025-05-09 21:36:07,827 : 
Step 1-Keyword-0 Does not appear in the Step Text
2025-05-09 21:36:07,827 : 
Step 1-Keyword-1 Does not appear in the Step Text
2025-05-09 21:36:07,827 : 
Step 1-Keyword-2 Does not appear in the Step Text
2025-05-09 21:36:07,827 : 
Step 1-Keyword-3 Does not appear in the Step Text
2025-05-09 21:36:07,827 : 
Step 1-Keyword-4 Does not appear in the Step Text
2025-05-09 21:36:07,827 : 
Step 1-Keyword-5 Does not appear in the Step Text
2025-05-09 21:36:07,828 : 
Step 2-Keyword-0 Does not appear in the Step Text
2025-05-09 21:36:07,828 : 
Step 2-Keyword-1 Does not appear in the Step Text
2025-05-09 21:36:07,828 : 
Step 2-Keyword-2 Does not appear in the Step Text
2025-05-09 21:36:07,836 : ##### This is the --639th-- Question #####
2025-05-09 21:36:20,051 : ##### This is the --640th-- Question #####
2025-05-09 21:36:24,912 : Exact Tokens Have no contribution scores, Current try is 1
2025-05-09 21:36:34,564 : ##### This is the --641th-- Question #####
2025-05-09 21:36:42,248 : 
Step 1-Keyword-0 Does not appear in the Step Text
2025-05-09 21:36:42,260 : ##### This is the --642th-- Question #####
2025-05-09 21:36:48,749 : ##### This is the --643th-- Question #####
2025-05-09 21:37:01,706 : ##### This is the --644th-- Question #####
2025-05-09 21:37:10,287 : New Reasoning Tokens Are None, Current try is 1
2025-05-09 21:37:22,450 : Exact Tokens Have NO ANSWER, Current try is 2
2025-05-09 21:37:31,792 : ##### This is the --645th-- Question #####
2025-05-09 21:37:44,427 : ##### This is the --646th-- Question #####
2025-05-09 21:37:57,768 : Exact Tokens Have NO ANSWER, Current try is 1
2025-05-09 21:38:03,310 : ##### This is the --647th-- Question #####
2025-05-09 21:38:10,243 : ##### This is the --648th-- Question #####
2025-05-09 21:38:16,112 : 
Step 2-Keyword-0 Does not appear in the Step Text
2025-05-09 21:38:16,120 : ##### This is the --649th-- Question #####
2025-05-09 21:38:29,298 : ##### This is the --650th-- Question #####
2025-05-09 21:38:48,646 : ##### This is the --651th-- Question #####
2025-05-09 21:38:57,223 : New Reasoning Tokens Are None, Current try is 1
2025-05-09 21:39:16,658 : ##### This is the --652th-- Question #####
2025-05-09 21:39:23,740 : ##### This is the --653th-- Question #####
2025-05-09 21:39:33,018 : Exact Tokens Have NO ANSWER, Current try is 1
2025-05-09 21:39:46,183 : ##### This is the --654th-- Question #####
2025-05-09 21:40:04,968 : ##### This is the --655th-- Question #####
2025-05-09 21:40:13,244 : Len of keywords list doesn't match the len of step dict, Current try is 1
2025-05-09 21:40:17,915 : 
Step 1-Keyword-2 Does not appear in the Step Text
2025-05-09 21:40:17,923 : ##### This is the --656th-- Question #####
2025-05-09 21:40:31,539 : 
Step 3-Keyword-0 Does not appear in the Step Text
2025-05-09 21:40:31,549 : ##### This is the --657th-- Question #####
2025-05-09 21:40:40,132 : New Reasoning Tokens Are None, Current try is 1
2025-05-09 21:40:52,409 : ##### This is the --658th-- Question #####
2025-05-09 21:41:01,001 : New Reasoning Tokens Are None, Current try is 1
2025-05-09 21:41:15,549 : ##### This is the --659th-- Question #####
2025-05-09 21:41:24,132 : New Reasoning Tokens Are None, Current try is 1
2025-05-09 21:41:30,107 : ##### This is the --660th-- Question #####
2025-05-09 21:41:42,677 : ##### This is the --661th-- Question #####
2025-05-09 21:41:51,255 : New Reasoning Tokens Are None, Current try is 1
2025-05-09 21:42:04,258 : ##### This is the --662th-- Question #####
2025-05-09 21:42:21,046 : ##### This is the --663th-- Question #####
2025-05-09 21:42:30,729 : ##### This is the --664th-- Question #####
2025-05-09 21:42:42,931 : 
Step 1-Keyword-2 Does not appear in the Step Text
2025-05-09 21:42:42,940 : ##### This is the --665th-- Question #####
2025-05-09 21:42:53,737 : ##### This is the --666th-- Question #####
2025-05-09 21:43:05,289 : 
Step 6-Keyword-0 Does not appear in the Step Text
2025-05-09 21:43:05,295 : ##### This is the --667th-- Question #####
2025-05-09 21:43:12,389 : ##### This is the --668th-- Question #####
2025-05-09 21:43:26,576 : ##### This is the --669th-- Question #####
2025-05-09 21:43:32,478 : Exact Tokens Have no contribution scores, Current try is 1
2025-05-09 21:43:43,149 : Exact Tokens Have no contribution scores, Current try is 2
2025-05-09 21:43:51,730 : New Reasoning Tokens Are None, Current try is 3
2025-05-09 21:44:00,317 : New Reasoning Tokens Are None, Current try is 4
2025-05-09 21:44:11,273 : ##### This is the --670th-- Question #####
2025-05-09 21:44:24,399 : ##### This is the --671th-- Question #####
2025-05-09 21:44:31,113 : ##### This is the --672th-- Question #####
2025-05-09 21:44:42,911 : ##### This is the --673th-- Question #####
2025-05-09 21:44:57,864 : 
Step 1-Keyword-0 Does not appear in the Step Text
2025-05-09 21:44:57,875 : ##### This is the --674th-- Question #####
2025-05-09 21:45:06,460 : New Reasoning Tokens Are None, Current try is 1
2025-05-09 21:45:14,332 : ##### This is the --675th-- Question #####
2025-05-09 21:45:21,885 : ##### This is the --676th-- Question #####
2025-05-09 21:45:32,571 : Exact Tokens Have NO ANSWER, Current try is 1
2025-05-09 21:45:51,891 : ##### This is the --677th-- Question #####
2025-05-09 21:45:59,460 : New Reasoning Tokens Are None, Current try is 1
2025-05-09 21:46:18,858 : ##### This is the --678th-- Question #####
2025-05-09 21:46:22,416 : Cannot locate the Final Answer, Current try is 1
2025-05-09 21:46:35,735 : ##### This is the --679th-- Question #####
2025-05-09 21:46:42,670 : ##### This is the --680th-- Question #####
2025-05-09 21:46:51,250 : New Reasoning Tokens Are None, Current try is 1
2025-05-09 21:47:03,718 : ##### This is the --681th-- Question #####
2025-05-09 21:47:12,304 : New Reasoning Tokens Are None, Current try is 1
2025-05-09 21:47:18,560 : 
Step 1-Keyword-1 Does not appear in the Step Text
2025-05-09 21:47:18,568 : ##### This is the --682th-- Question #####
2025-05-09 21:47:31,429 : ##### This is the --683th-- Question #####
2025-05-09 21:47:43,329 : ##### This is the --684th-- Question #####
2025-05-09 21:47:52,937 : Exact Tokens Have NO ANSWER, Current try is 1
2025-05-09 21:48:07,295 : 
Step 2-Keyword-2 Does not appear in the Step Text
2025-05-09 21:48:07,308 : ##### This is the --685th-- Question #####
2025-05-09 21:48:19,543 : ##### This is the --686th-- Question #####
2025-05-09 21:48:28,126 : New Reasoning Tokens Are None, Current try is 1
2025-05-09 21:48:38,682 : ##### This is the --687th-- Question #####
2025-05-09 21:48:42,861 : 
Step 3-Keyword-0 Does not appear in the Step Text
2025-05-09 21:48:42,868 : ##### This is the --688th-- Question #####
2025-05-09 21:48:51,448 : New Reasoning Tokens Are None, Current try is 1
2025-05-09 21:49:05,699 : Exact Tokens Have NO ANSWER, Current try is 2
2025-05-09 21:49:14,665 : ##### This is the --689th-- Question #####
2025-05-09 21:49:27,824 : 
Step 3-Keyword-0 Does not appear in the Step Text
2025-05-09 21:49:27,830 : ##### This is the --690th-- Question #####
2025-05-09 21:49:36,649 : Exact Tokens Have NO ANSWER, Current try is 1
2025-05-09 21:49:43,969 : ##### This is the --691th-- Question #####
2025-05-09 21:49:59,224 : Len of keywords list doesn't match the len of step dict, Current try is 1
2025-05-09 21:50:10,393 : ##### This is the --692th-- Question #####
2025-05-09 21:50:18,971 : New Reasoning Tokens Are None, Current try is 1
2025-05-09 21:50:36,785 : ##### This is the --693th-- Question #####
2025-05-09 21:50:43,422 : ##### This is the --694th-- Question #####
2025-05-09 21:50:50,849 : Len of keywords list doesn't match the len of step dict, Current try is 1
2025-05-09 21:50:59,430 : New Reasoning Tokens Are None, Current try is 2
2025-05-09 21:51:07,332 : ##### This is the --695th-- Question #####
2025-05-09 21:51:14,805 : ##### This is the --696th-- Question #####
2025-05-09 21:51:28,711 : Exact Tokens Have NO ANSWER, Current try is 1
2025-05-09 21:51:47,955 : ##### This is the --697th-- Question #####
2025-05-09 21:51:53,802 : ##### This is the --698th-- Question #####
2025-05-09 21:52:02,371 : ##### This is the --699th-- Question #####
2025-05-09 21:52:10,047 : 
Step 2-Keyword-0 Does not appear in the Step Text
2025-05-09 21:52:10,049 : 
Step 3-Keyword-0 Does not appear in the Step Text
2025-05-09 21:52:10,056 : ##### This is the --700th-- Question #####
2025-05-09 21:52:29,421 : ##### This is the --701th-- Question #####
2025-05-09 21:52:48,890 : ##### This is the --702th-- Question #####
2025-05-09 21:53:01,731 : ##### This is the --703th-- Question #####
2025-05-09 21:53:10,316 : New Reasoning Tokens Are None, Current try is 1
2025-05-09 21:53:23,834 : Exact Tokens Have NO ANSWER, Current try is 2
2025-05-09 21:53:31,671 : ##### This is the --704th-- Question #####
2025-05-09 21:53:37,849 : ##### This is the --705th-- Question #####
2025-05-09 21:53:52,173 : ##### This is the --706th-- Question #####
2025-05-09 21:53:59,628 : ##### This is the --707th-- Question #####
2025-05-09 21:54:05,610 : 
Step 1-Keyword-0 Does not appear in the Step Text
2025-05-09 21:54:05,622 : ##### This is the --708th-- Question #####
2025-05-09 21:54:22,430 : ##### This is the --709th-- Question #####
2025-05-09 21:54:36,510 : ##### This is the --710th-- Question #####
2025-05-09 21:54:44,146 : 
Step 4-Keyword-0 Does not appear in the Step Text
2025-05-09 21:54:44,152 : ##### This is the --711th-- Question #####
2025-05-09 21:54:52,725 : New Reasoning Tokens Are None, Current try is 1
2025-05-09 21:55:00,181 : ##### This is the --712th-- Question #####
2025-05-09 21:55:14,318 : 
Step 2-Keyword-0 Does not appear in the Step Text
2025-05-09 21:55:14,318 : 
Step 2-Keyword-2 Does not appear in the Step Text
2025-05-09 21:55:14,321 : 
Step 4-Keyword-1 Does not appear in the Step Text
2025-05-09 21:55:14,330 : ##### This is the --713th-- Question #####
2025-05-09 21:55:33,676 : ##### This is the --714th-- Question #####
2025-05-09 21:55:39,928 : ##### This is the --715th-- Question #####
2025-05-09 21:55:54,710 : 
Step 1-Keyword-2 Does not appear in the Step Text
2025-05-09 21:55:54,711 : 
Step 2-Keyword-4 Does not appear in the Step Text
2025-05-09 21:55:54,714 : 
Step 4-Keyword-4 Does not appear in the Step Text
2025-05-09 21:55:54,717 : 
Step 5-Keyword-4 Does not appear in the Step Text
2025-05-09 21:55:54,725 : ##### This is the --716th-- Question #####
2025-05-09 21:56:06,439 : ##### This is the --717th-- Question #####
2025-05-09 21:56:25,775 : ##### This is the --718th-- Question #####
2025-05-09 21:56:36,379 : ##### This is the --719th-- Question #####
2025-05-09 21:56:42,104 : ##### This is the --720th-- Question #####
2025-05-09 21:56:47,664 : ##### This is the --721th-- Question #####
2025-05-09 21:56:59,898 : 
Step 1-Keyword-1 Does not appear in the Step Text
2025-05-09 21:56:59,913 : ##### This is the --722th-- Question #####
2025-05-09 21:57:04,790 : 
Step 2-Keyword-2 Does not appear in the Step Text
2025-05-09 21:57:04,797 : ##### This is the --723th-- Question #####
2025-05-09 21:57:17,943 : 
Step 2-Keyword-0 Does not appear in the Step Text
2025-05-09 21:57:17,945 : 
Step 3-Keyword-0 Does not appear in the Step Text
2025-05-09 21:57:17,956 : ##### This is the --724th-- Question #####
2025-05-09 21:57:35,611 : ##### This is the --725th-- Question #####
2025-05-09 21:57:42,793 : ##### This is the --726th-- Question #####
2025-05-09 21:57:55,505 : ##### This is the --727th-- Question #####
2025-05-09 21:58:08,181 : 
Step 3-Keyword-0 Does not appear in the Step Text
2025-05-09 21:58:08,187 : ##### This is the --728th-- Question #####
2025-05-09 21:58:20,921 : ##### This is the --729th-- Question #####
2025-05-09 21:58:34,021 : ##### This is the --730th-- Question #####
2025-05-09 21:58:47,077 : ##### This is the --731th-- Question #####
2025-05-09 21:58:52,292 : ##### This is the --732th-- Question #####
2025-05-09 21:58:58,442 : 
Step 3-Keyword-0 Does not appear in the Step Text
2025-05-09 21:58:58,448 : ##### This is the --733th-- Question #####
2025-05-09 21:59:07,031 : New Reasoning Tokens Are None, Current try is 1
2025-05-09 21:59:14,020 : ##### This is the --734th-- Question #####
2025-05-09 21:59:28,662 : ##### This is the --735th-- Question #####
2025-05-09 21:59:43,290 : ##### This is the --736th-- Question #####
2025-05-09 21:59:53,433 : ##### This is the --737th-- Question #####
2025-05-09 22:00:02,014 : New Reasoning Tokens Are None, Current try is 1
2025-05-09 22:00:13,669 : Exact Tokens Have NO ANSWER, Current try is 2
2025-05-09 22:00:18,131 : Exact Tokens Have no contribution scores, Current try is 3
2025-05-09 22:00:26,514 : 
Step 2-Keyword-2 Does not appear in the Step Text
2025-05-09 22:00:26,515 : 
Step 3-Keyword-1 Does not appear in the Step Text
2025-05-09 22:00:26,524 : ##### This is the --738th-- Question #####
2025-05-09 22:00:34,447 : ##### This is the --739th-- Question #####
2025-05-09 22:00:46,629 : Len of keywords list doesn't match the len of step dict, Current try is 1
2025-05-09 22:00:51,910 : ##### This is the --740th-- Question #####
2025-05-09 22:00:59,306 : ##### This is the --741th-- Question #####
2025-05-09 22:01:09,681 : ##### This is the --742th-- Question #####
2025-05-09 22:01:20,812 : ##### This is the --743th-- Question #####
2025-05-09 22:01:32,590 : ##### This is the --744th-- Question #####
2025-05-09 22:01:45,400 : 
Step 2-Keyword-0 Does not appear in the Step Text
2025-05-09 22:01:45,401 : 
Step 3-Keyword-0 Does not appear in the Step Text
2025-05-09 22:01:45,412 : ##### This is the --745th-- Question #####
2025-05-09 22:01:58,030 : Exact Tokens Have NO ANSWER, Current try is 1
2025-05-09 22:02:06,611 : New Reasoning Tokens Are None, Current try is 2
2025-05-09 22:02:19,813 : ##### This is the --746th-- Question #####
2025-05-09 22:02:33,364 : ##### This is the --747th-- Question #####
2025-05-09 22:02:41,946 : New Reasoning Tokens Are None, Current try is 1
2025-05-09 22:03:01,321 : ##### This is the --748th-- Question #####
2025-05-09 22:03:07,898 : ##### This is the --749th-- Question #####
2025-05-09 22:03:16,487 : New Reasoning Tokens Are None, Current try is 1
2025-05-09 22:03:25,211 : ##### This is the --750th-- Question #####
2025-05-09 22:03:38,884 : ##### This is the --751th-- Question #####
2025-05-09 22:03:51,476 : ##### This is the --752th-- Question #####
2025-05-09 22:04:00,050 : ##### This is the --753th-- Question #####
2025-05-09 22:04:08,635 : New Reasoning Tokens Are None, Current try is 1
2025-05-09 22:04:17,044 : ##### This is the --754th-- Question #####
2025-05-09 22:04:22,206 : 
Step 3-Keyword-1 Does not appear in the Step Text
2025-05-09 22:04:22,213 : ##### This is the --755th-- Question #####
2025-05-09 22:04:24,841 : Cannot locate the Final Answer, Current try is 1
2025-05-09 22:04:32,640 : ##### This is the --756th-- Question #####
2025-05-09 22:04:40,836 : ##### This is the --757th-- Question #####
2025-05-09 22:04:49,063 : ##### This is the --758th-- Question #####
2025-05-09 22:04:53,023 : Exact Tokens Have no contribution scores, Current try is 1
2025-05-09 22:05:05,689 : Len of keywords list doesn't match the len of step dict, Current try is 2
2025-05-09 22:05:20,041 : Len of keywords list doesn't match the len of step dict, Current try is 3
2025-05-09 22:05:27,202 : Cannot locate the Final Answer, Current try is 4
2025-05-09 22:05:40,058 : ##### This is the --759th-- Question #####
2025-05-09 22:05:44,691 : ##### This is the --760th-- Question #####
2025-05-09 22:05:53,269 : New Reasoning Tokens Are None, Current try is 1
2025-05-09 22:05:58,226 : 
Step 2-Keyword-0 Does not appear in the Step Text
2025-05-09 22:05:58,233 : ##### This is the --761th-- Question #####
2025-05-09 22:06:04,113 : ##### This is the --762th-- Question #####
2025-05-09 22:06:09,318 : ##### This is the --763th-- Question #####
2025-05-09 22:06:22,325 : ##### This is the --764th-- Question #####
2025-05-09 22:06:35,984 : ##### This is the --765th-- Question #####
2025-05-09 22:06:41,344 : 
Step 1-Keyword-2 Does not appear in the Step Text
2025-05-09 22:06:41,345 : 
Step 2-Keyword-3 Does not appear in the Step Text
2025-05-09 22:06:41,358 : ##### This is the --766th-- Question #####
2025-05-09 22:06:47,373 : ##### This is the --767th-- Question #####
2025-05-09 22:06:54,958 : 
Step 3-Keyword-0 Does not appear in the Step Text
2025-05-09 22:06:54,963 : ##### This is the --768th-- Question #####
2025-05-09 22:07:10,874 : ##### This is the --769th-- Question #####
2025-05-09 22:07:23,488 : ##### This is the --770th-- Question #####
2025-05-09 22:07:31,542 : 
Step 3-Keyword-0 Does not appear in the Step Text
2025-05-09 22:07:31,548 : ##### This is the --771th-- Question #####
2025-05-09 22:07:35,382 : ##### This is the --772th-- Question #####
2025-05-09 22:07:43,965 : New Reasoning Tokens Are None, Current try is 1
2025-05-09 22:07:52,547 : New Reasoning Tokens Are None, Current try is 2
2025-05-09 22:08:05,030 : ##### This is the --773th-- Question #####
2025-05-09 22:08:24,385 : ##### This is the --774th-- Question #####
2025-05-09 22:08:36,735 : 
Step 3-Keyword-0 Does not appear in the Step Text
2025-05-09 22:08:36,742 : ##### This is the --775th-- Question #####
2025-05-09 22:08:52,037 : Exact Tokens Have NO ANSWER, Current try is 1
2025-05-09 22:09:04,588 : ##### This is the --776th-- Question #####
2025-05-09 22:09:10,682 : 
Step 2-Keyword-0 Does not appear in the Step Text
2025-05-09 22:09:10,696 : ##### This is the --777th-- Question #####
2025-05-09 22:09:28,883 : ##### This is the --778th-- Question #####
2025-05-09 22:09:45,081 : ##### This is the --779th-- Question #####
2025-05-09 22:09:51,766 : ##### This is the --780th-- Question #####
2025-05-09 22:10:10,821 : 
Step 6-Keyword-1 Does not appear in the Step Text
2025-05-09 22:10:10,837 : ##### This is the --781th-- Question #####
2025-05-09 22:10:19,419 : New Reasoning Tokens Are None, Current try is 1
2025-05-09 22:10:38,656 : 
Step 2-Keyword-0 Does not appear in the Step Text
2025-05-09 22:10:38,658 : 
Step 3-Keyword-0 Does not appear in the Step Text
2025-05-09 22:10:38,665 : ##### This is the --782th-- Question #####
2025-05-09 22:10:51,584 : ##### This is the --783th-- Question #####
2025-05-09 22:11:00,163 : New Reasoning Tokens Are None, Current try is 1
