2025-05-17 16:25:50,178 : ##### This is the --1th-- Question #####
2025-05-17 16:26:04,939 : ##### This is the --2th-- Question #####
2025-05-17 16:26:13,663 : ##### This is the --3th-- Question #####
2025-05-17 16:26:57,024 : ##### This is the --4th-- Question #####
2025-05-17 16:27:04,107 : ##### This is the --5th-- Question #####
2025-05-17 16:27:11,751 : ##### This is the --6th-- Question #####
2025-05-17 16:27:24,689 : ##### This is the --7th-- Question #####
2025-05-17 16:27:28,374 : ##### This is the --8th-- Question #####
2025-05-17 16:27:42,101 : ##### This is the --9th-- Question #####
2025-05-17 16:27:45,309 : ##### This is the --10th-- Question #####
2025-05-17 16:27:48,229 : ##### This is the --11th-- Question #####
2025-05-17 16:28:06,090 : ##### This is the --12th-- Question #####
2025-05-17 16:28:11,063 : ##### This is the --13th-- Question #####
2025-05-17 16:28:20,149 : ##### This is the --14th-- Question #####
2025-05-17 16:28:25,082 : ##### This is the --15th-- Question #####
2025-05-17 16:28:43,688 : ##### This is the --16th-- Question #####
2025-05-17 16:28:48,471 : ##### This is the --17th-- Question #####
2025-05-17 16:29:07,390 : ##### This is the --18th-- Question #####
2025-05-17 16:29:16,716 : ##### This is the --19th-- Question #####
2025-05-17 16:29:39,602 : ##### This is the --20th-- Question #####
2025-05-17 16:29:46,684 : ##### This is the --21th-- Question #####
2025-05-17 16:29:52,133 : ##### This is the --22th-- Question #####
2025-05-17 16:29:56,179 : ##### This is the --23th-- Question #####
2025-05-17 16:29:59,577 : ##### This is the --24th-- Question #####
2025-05-17 16:30:03,294 : ##### This is the --25th-- Question #####
2025-05-17 16:30:09,703 : ##### This is the --26th-- Question #####
2025-05-17 16:30:17,951 : ##### This is the --27th-- Question #####
2025-05-17 16:30:25,870 : ##### This is the --28th-- Question #####
2025-05-17 16:30:36,428 : ##### This is the --29th-- Question #####
2025-05-17 16:30:39,770 : ##### This is the --30th-- Question #####
2025-05-17 16:30:54,594 : ##### This is the --31th-- Question #####
2025-05-17 16:30:56,829 : ##### This is the --32th-- Question #####
2025-05-17 16:31:01,789 : ##### This is the --33th-- Question #####
2025-05-17 16:31:17,344 : ##### This is the --34th-- Question #####
2025-05-17 16:31:26,631 : ##### This is the --35th-- Question #####
2025-05-17 16:31:46,040 : ##### This is the --36th-- Question #####
2025-05-17 16:31:50,773 : ##### This is the --37th-- Question #####
2025-05-17 16:31:55,835 : ##### This is the --38th-- Question #####
2025-05-17 16:32:39,336 : ##### This is the --39th-- Question #####
2025-05-17 16:32:43,443 : ##### This is the --40th-- Question #####
2025-05-17 16:32:47,893 : ##### This is the --41th-- Question #####
2025-05-17 16:32:51,177 : ##### This is the --42th-- Question #####
2025-05-17 16:33:12,868 : ##### This is the --43th-- Question #####
2025-05-17 16:33:21,927 : ##### This is the --44th-- Question #####
2025-05-17 16:33:26,148 : ##### This is the --45th-- Question #####
2025-05-17 16:33:30,322 : ##### This is the --46th-- Question #####
2025-05-17 16:33:42,108 : ##### This is the --47th-- Question #####
2025-05-17 16:33:45,920 : ##### This is the --48th-- Question #####
2025-05-17 16:33:50,788 : ##### This is the --49th-- Question #####
2025-05-17 16:33:55,147 : ##### This is the --50th-- Question #####
2025-05-17 16:34:05,332 : ##### This is the --51th-- Question #####
2025-05-17 16:34:08,997 : ##### This is the --52th-- Question #####
2025-05-17 16:34:14,604 : Could not locate step Step 1 in generated sequence
2025-05-17 16:34:14,607 : Could not locate step Step 2 in generated sequence
2025-05-17 16:34:14,609 : Could not locate step Step 3 in generated sequence
2025-05-17 16:34:14,609 : Token Probability from All Steps are All None, Current try is 1
2025-05-17 16:34:31,859 : Could not locate step Step 1 in generated sequence
2025-05-17 16:34:31,867 : Could not locate step Step 2 in generated sequence
2025-05-17 16:34:31,878 : ##### This is the --53th-- Question #####
2025-05-17 16:34:43,865 : ##### This is the --54th-- Question #####
2025-05-17 16:34:46,620 : ##### This is the --55th-- Question #####
2025-05-17 16:35:06,993 : ##### This is the --56th-- Question #####
2025-05-17 16:35:10,523 : ##### This is the --57th-- Question #####
2025-05-17 16:35:17,286 : ##### This is the --58th-- Question #####
2025-05-17 16:35:39,968 : ##### This is the --59th-- Question #####
2025-05-17 16:36:02,298 : ##### This is the --60th-- Question #####
2025-05-17 16:36:08,197 : ##### This is the --61th-- Question #####
2025-05-17 16:36:12,514 : ##### This is the --62th-- Question #####
2025-05-17 16:36:16,480 : ##### This is the --63th-- Question #####
2025-05-17 16:36:20,861 : ##### This is the --64th-- Question #####
2025-05-17 16:36:23,678 : New Reasoning Tokens Are None, Current try is 1
2025-05-17 16:37:07,452 : ##### This is the --65th-- Question #####
2025-05-17 16:37:12,992 : Could not locate step Step 2 in generated sequence
2025-05-17 16:37:12,997 : Could not locate step Step 4 in generated sequence
2025-05-17 16:37:13,012 : ##### This is the --66th-- Question #####
2025-05-17 16:37:36,649 : ##### This is the --67th-- Question #####
2025-05-17 16:37:42,319 : ##### This is the --68th-- Question #####
2025-05-17 16:37:46,925 : ##### This is the --69th-- Question #####
2025-05-17 16:37:55,635 : ##### This is the --70th-- Question #####
2025-05-17 16:37:59,308 : ##### This is the --71th-- Question #####
2025-05-17 16:38:42,722 : ##### This is the --72th-- Question #####
2025-05-17 16:38:45,505 : ##### This is the --73th-- Question #####
2025-05-17 16:38:49,368 : ##### This is the --74th-- Question #####
2025-05-17 16:38:58,189 : ##### This is the --75th-- Question #####
2025-05-17 16:39:04,066 : ##### This is the --76th-- Question #####
2025-05-17 16:39:06,603 : ##### This is the --77th-- Question #####
2025-05-17 16:39:18,525 : ##### This is the --78th-- Question #####
2025-05-17 16:39:20,806 : ##### This is the --79th-- Question #####
2025-05-17 16:39:25,063 : ##### This is the --80th-- Question #####
2025-05-17 16:39:31,300 : ##### This is the --81th-- Question #####
2025-05-17 16:39:37,756 : ##### This is the --82th-- Question #####
2025-05-17 16:39:41,464 : ##### This is the --83th-- Question #####
2025-05-17 16:39:49,196 : ##### This is the --84th-- Question #####
2025-05-17 16:40:05,222 : ##### This is the --85th-- Question #####
2025-05-17 16:40:07,729 : ##### This is the --86th-- Question #####
2025-05-17 16:40:12,679 : ##### This is the --87th-- Question #####
2025-05-17 16:40:17,668 : ##### This is the --88th-- Question #####
2025-05-17 16:40:23,362 : ##### This is the --89th-- Question #####
2025-05-17 16:40:32,819 : ##### This is the --90th-- Question #####
2025-05-17 16:40:52,748 : ##### This is the --91th-- Question #####
2025-05-17 16:41:10,952 : ##### This is the --92th-- Question #####
2025-05-17 16:41:15,533 : ##### This is the --93th-- Question #####
2025-05-17 16:41:59,134 : ##### This is the --94th-- Question #####
2025-05-17 16:42:42,305 : ##### This is the --95th-- Question #####
2025-05-17 16:42:55,507 : ##### This is the --96th-- Question #####
2025-05-17 16:42:58,817 : ##### This is the --97th-- Question #####
2025-05-17 16:43:04,729 : ##### This is the --98th-- Question #####
2025-05-17 16:43:36,315 : ##### This is the --99th-- Question #####
2025-05-17 16:43:41,072 : ##### This is the --100th-- Question #####
2025-05-17 16:43:45,777 : ##### This is the --101th-- Question #####
2025-05-17 16:43:52,573 : ##### This is the --102th-- Question #####
2025-05-17 16:43:56,376 : ##### This is the --103th-- Question #####
2025-05-17 16:44:11,820 : ##### This is the --104th-- Question #####
2025-05-17 16:44:14,501 : ##### This is the --105th-- Question #####
2025-05-17 16:44:57,972 : ##### This is the --106th-- Question #####
2025-05-17 16:45:00,822 : ##### This is the --107th-- Question #####
2025-05-17 16:45:04,958 : ##### This is the --108th-- Question #####
2025-05-17 16:45:07,996 : ##### This is the --109th-- Question #####
2025-05-17 16:45:51,375 : ##### This is the --110th-- Question #####
2025-05-17 16:45:55,168 : ##### This is the --111th-- Question #####
2025-05-17 16:46:01,246 : ##### This is the --112th-- Question #####
2025-05-17 16:46:07,284 : ##### This is the --113th-- Question #####
2025-05-17 16:46:11,750 : ##### This is the --114th-- Question #####
2025-05-17 16:46:20,984 : ##### This is the --115th-- Question #####
2025-05-17 16:46:34,698 : ##### This is the --116th-- Question #####
2025-05-17 16:46:44,625 : ##### This is the --117th-- Question #####
2025-05-17 16:46:51,814 : ##### This is the --118th-- Question #####
2025-05-17 16:46:57,572 : ##### This is the --119th-- Question #####
2025-05-17 16:47:00,770 : ##### This is the --120th-- Question #####
2025-05-17 16:47:11,204 : ##### This is the --121th-- Question #####
2025-05-17 16:47:14,168 : ##### This is the --122th-- Question #####
2025-05-17 16:47:29,740 : ##### This is the --123th-- Question #####
2025-05-17 16:47:33,296 : ##### This is the --124th-- Question #####
2025-05-17 16:47:39,848 : ##### This is the --125th-- Question #####
2025-05-17 16:48:23,284 : ##### This is the --126th-- Question #####
2025-05-17 16:48:30,026 : ##### This is the --127th-- Question #####
2025-05-17 16:48:33,897 : ##### This is the --128th-- Question #####
2025-05-17 16:49:17,124 : ##### This is the --129th-- Question #####
2025-05-17 16:49:21,122 : ##### This is the --130th-- Question #####
2025-05-17 16:49:32,225 : ##### This is the --131th-- Question #####
2025-05-17 16:49:48,340 : ##### This is the --132th-- Question #####
2025-05-17 16:49:51,774 : ##### This is the --133th-- Question #####
2025-05-17 16:50:00,650 : Could not locate step Step 1 in generated sequence
2025-05-17 16:50:00,653 : Could not locate step Step 2 in generated sequence
2025-05-17 16:50:00,657 : Could not locate step Step 3 in generated sequence
2025-05-17 16:50:00,657 : Token Probability from All Steps are All None, Current try is 1
2025-05-17 16:50:07,346 : ##### This is the --134th-- Question #####
2025-05-17 16:50:12,839 : ##### This is the --135th-- Question #####
2025-05-17 16:50:16,456 : ##### This is the --136th-- Question #####
2025-05-17 16:50:20,363 : ##### This is the --137th-- Question #####
2025-05-17 16:50:24,515 : ##### This is the --138th-- Question #####
2025-05-17 16:50:29,638 : ##### This is the --139th-- Question #####
2025-05-17 16:50:36,378 : ##### This is the --140th-- Question #####
2025-05-17 16:50:39,400 : ##### This is the --141th-- Question #####
2025-05-17 16:50:42,965 : ##### This is the --142th-- Question #####
2025-05-17 16:50:45,762 : ##### This is the --143th-- Question #####
2025-05-17 16:50:51,087 : ##### This is the --144th-- Question #####
2025-05-17 16:50:54,191 : ##### This is the --145th-- Question #####
2025-05-17 16:50:58,674 : ##### This is the --146th-- Question #####
2025-05-17 16:51:42,266 : ##### This is the --147th-- Question #####
2025-05-17 16:51:48,643 : ##### This is the --148th-- Question #####
2025-05-17 16:52:32,393 : ##### This is the --149th-- Question #####
2025-05-17 16:52:35,239 : ##### This is the --150th-- Question #####
2025-05-17 16:52:37,669 : ##### This is the --151th-- Question #####
2025-05-17 16:52:42,096 : ##### This is the --152th-- Question #####
2025-05-17 16:52:47,283 : ##### This is the --153th-- Question #####
2025-05-17 16:52:56,773 : ##### This is the --154th-- Question #####
2025-05-17 16:53:00,165 : ##### This is the --155th-- Question #####
2025-05-17 16:53:18,960 : ##### This is the --156th-- Question #####
2025-05-17 16:53:31,199 : ##### This is the --157th-- Question #####
2025-05-17 16:54:15,037 : ##### This is the --158th-- Question #####
2025-05-17 16:54:18,862 : ##### This is the --159th-- Question #####
2025-05-17 16:54:23,894 : ##### This is the --160th-- Question #####
2025-05-17 16:54:50,988 : ##### This is the --161th-- Question #####
2025-05-17 16:54:54,912 : ##### This is the --162th-- Question #####
2025-05-17 16:54:58,477 : ##### This is the --163th-- Question #####
2025-05-17 16:55:04,325 : ##### This is the --164th-- Question #####
2025-05-17 16:55:17,163 : ##### This is the --165th-- Question #####
2025-05-17 16:55:42,440 : ##### This is the --166th-- Question #####
2025-05-17 16:55:45,329 : ##### This is the --167th-- Question #####
2025-05-17 16:55:50,468 : ##### This is the --168th-- Question #####
2025-05-17 16:55:53,291 : ##### This is the --169th-- Question #####
2025-05-17 16:56:26,503 : ##### This is the --170th-- Question #####
2025-05-17 16:56:30,572 : ##### This is the --171th-- Question #####
2025-05-17 16:56:44,741 : ##### This is the --172th-- Question #####
2025-05-17 16:56:47,571 : ##### This is the --173th-- Question #####
2025-05-17 16:56:51,532 : ##### This is the --174th-- Question #####
2025-05-17 16:57:34,823 : ##### This is the --175th-- Question #####
2025-05-17 16:58:17,919 : ##### This is the --176th-- Question #####
2025-05-17 16:58:21,471 : ##### This is the --177th-- Question #####
2025-05-17 16:58:24,016 : ##### This is the --178th-- Question #####
2025-05-17 16:58:27,432 : ##### This is the --179th-- Question #####
2025-05-17 16:58:48,470 : ##### This is the --180th-- Question #####
2025-05-17 16:58:52,803 : ##### This is the --181th-- Question #####
2025-05-17 16:58:57,635 : ##### This is the --182th-- Question #####
2025-05-17 16:59:00,539 : ##### This is the --183th-- Question #####
2025-05-17 16:59:05,422 : ##### This is the --184th-- Question #####
2025-05-17 16:59:14,690 : ##### This is the --185th-- Question #####
2025-05-17 16:59:20,055 : ##### This is the --186th-- Question #####
2025-05-17 16:59:23,352 : ##### This is the --187th-- Question #####
2025-05-17 16:59:33,951 : ##### This is the --188th-- Question #####
2025-05-17 16:59:41,583 : ##### This is the --189th-- Question #####
2025-05-17 16:59:44,684 : ##### This is the --190th-- Question #####
2025-05-17 17:00:28,459 : ##### This is the --191th-- Question #####
2025-05-17 17:00:33,515 : ##### This is the --192th-- Question #####
2025-05-17 17:00:43,066 : Cannot locate the Final Answer, Current try is 1
2025-05-17 17:00:48,793 : ##### This is the --193th-- Question #####
2025-05-17 17:00:54,302 : ##### This is the --194th-- Question #####
2025-05-17 17:01:02,032 : ##### This is the --195th-- Question #####
2025-05-17 17:01:28,182 : ##### This is the --196th-- Question #####
2025-05-17 17:01:30,700 : ##### This is the --197th-- Question #####
2025-05-17 17:02:14,717 : ##### This is the --198th-- Question #####
2025-05-17 17:02:57,997 : ##### This is the --199th-- Question #####
2025-05-17 17:03:34,346 : ##### This is the --200th-- Question #####
2025-05-17 17:03:38,172 : ##### This is the --201th-- Question #####
2025-05-17 17:03:43,021 : ##### This is the --202th-- Question #####
2025-05-17 17:03:46,897 : ##### This is the --203th-- Question #####
2025-05-17 17:03:51,896 : ##### This is the --204th-- Question #####
2025-05-17 17:04:35,292 : ##### This is the --205th-- Question #####
2025-05-17 17:04:39,690 : ##### This is the --206th-- Question #####
2025-05-17 17:05:23,448 : ##### This is the --207th-- Question #####
2025-05-17 17:05:43,725 : ##### This is the --208th-- Question #####
2025-05-17 17:05:47,588 : ##### This is the --209th-- Question #####
2025-05-17 17:05:53,780 : ##### This is the --210th-- Question #####
2025-05-17 17:06:00,595 : ##### This is the --211th-- Question #####
2025-05-17 17:06:05,492 : ##### This is the --212th-- Question #####
2025-05-17 17:06:08,760 : ##### This is the --213th-- Question #####
2025-05-17 17:06:12,480 : ##### This is the --214th-- Question #####
2025-05-17 17:06:16,730 : ##### This is the --215th-- Question #####
2025-05-17 17:06:23,575 : ##### This is the --216th-- Question #####
2025-05-17 17:06:33,066 : ##### This is the --217th-- Question #####
2025-05-17 17:06:45,521 : ##### This is the --218th-- Question #####
2025-05-17 17:06:56,699 : ##### This is the --219th-- Question #####
2025-05-17 17:07:11,741 : Cannot locate the Final Answer, Current try is 1
2025-05-17 17:07:15,572 : ##### This is the --220th-- Question #####
2025-05-17 17:07:27,732 : ##### This is the --221th-- Question #####
2025-05-17 17:07:30,581 : ##### This is the --222th-- Question #####
2025-05-17 17:07:46,409 : ##### This is the --223th-- Question #####
2025-05-17 17:07:51,002 : ##### This is the --224th-- Question #####
2025-05-17 17:07:53,671 : ##### This is the --225th-- Question #####
2025-05-17 17:07:58,625 : ##### This is the --226th-- Question #####
2025-05-17 17:08:06,354 : ##### This is the --227th-- Question #####
2025-05-17 17:08:09,587 : ##### This is the --228th-- Question #####
2025-05-17 17:08:34,097 : ##### This is the --229th-- Question #####
2025-05-17 17:08:38,851 : ##### This is the --230th-- Question #####
2025-05-17 17:08:47,577 : ##### This is the --231th-- Question #####
2025-05-17 17:09:02,742 : ##### This is the --232th-- Question #####
2025-05-17 17:09:06,150 : ##### This is the --233th-- Question #####
2025-05-17 17:09:12,529 : ##### This is the --234th-- Question #####
2025-05-17 17:09:15,933 : ##### This is the --235th-- Question #####
2025-05-17 17:09:19,747 : ##### This is the --236th-- Question #####
2025-05-17 17:09:23,476 : ##### This is the --237th-- Question #####
2025-05-17 17:10:07,065 : ##### This is the --238th-- Question #####
2025-05-17 17:10:11,311 : ##### This is the --239th-- Question #####
2025-05-17 17:10:38,507 : ##### This is the --240th-- Question #####
2025-05-17 17:10:49,302 : ##### This is the --241th-- Question #####
2025-05-17 17:10:55,795 : ##### This is the --242th-- Question #####
2025-05-17 17:11:04,642 : ##### This is the --243th-- Question #####
2025-05-17 17:11:07,655 : ##### This is the --244th-- Question #####
2025-05-17 17:11:09,845 : ##### This is the --245th-- Question #####
2025-05-17 17:11:15,145 : ##### This is the --246th-- Question #####
2025-05-17 17:11:20,253 : ##### This is the --247th-- Question #####
2025-05-17 17:11:29,249 : ##### This is the --248th-- Question #####
2025-05-17 17:11:56,943 : ##### This is the --249th-- Question #####
2025-05-17 17:12:00,336 : ##### This is the --250th-- Question #####
2025-05-17 17:12:05,698 : ##### This is the --251th-- Question #####
2025-05-17 17:12:16,195 : ##### This is the --252th-- Question #####
2025-05-17 17:12:23,480 : ##### This is the --253th-- Question #####
2025-05-17 17:12:27,889 : ##### This is the --254th-- Question #####
2025-05-17 17:12:32,468 : ##### This is the --255th-- Question #####
2025-05-17 17:12:36,799 : ##### This is the --256th-- Question #####
2025-05-17 17:13:20,478 : ##### This is the --257th-- Question #####
2025-05-17 17:13:28,296 : ##### This is the --258th-- Question #####
2025-05-17 17:13:45,526 : ##### This is the --259th-- Question #####
2025-05-17 17:13:49,201 : ##### This is the --260th-- Question #####
2025-05-17 17:14:12,173 : ##### This is the --261th-- Question #####
2025-05-17 17:14:18,053 : ##### This is the --262th-- Question #####
2025-05-17 17:14:22,715 : ##### This is the --263th-- Question #####
2025-05-17 17:14:26,633 : ##### This is the --264th-- Question #####
2025-05-17 17:14:35,576 : ##### This is the --265th-- Question #####
2025-05-17 17:14:40,577 : ##### This is the --266th-- Question #####
2025-05-17 17:14:44,942 : ##### This is the --267th-- Question #####
2025-05-17 17:14:48,373 : ##### This is the --268th-- Question #####
2025-05-17 17:15:05,148 : ##### This is the --269th-- Question #####
2025-05-17 17:15:15,790 : ##### This is the --270th-- Question #####
2025-05-17 17:15:25,052 : ##### This is the --271th-- Question #####
2025-05-17 17:15:29,480 : ##### This is the --272th-- Question #####
2025-05-17 17:15:31,657 : ##### This is the --273th-- Question #####
2025-05-17 17:15:40,070 : ##### This is the --274th-- Question #####
2025-05-17 17:15:53,002 : ##### This is the --275th-- Question #####
2025-05-17 17:15:57,794 : ##### This is the --276th-- Question #####
2025-05-17 17:16:05,734 : ##### This is the --277th-- Question #####
2025-05-17 17:16:08,706 : ##### This is the --278th-- Question #####
2025-05-17 17:16:22,469 : ##### This is the --279th-- Question #####
2025-05-17 17:16:24,305 : ##### This is the --280th-- Question #####
2025-05-17 17:16:28,389 : ##### This is the --281th-- Question #####
2025-05-17 17:16:34,872 : ##### This is the --282th-- Question #####
2025-05-17 17:16:39,089 : ##### This is the --283th-- Question #####
2025-05-17 17:16:43,348 : ##### This is the --284th-- Question #####
2025-05-17 17:16:47,811 : ##### This is the --285th-- Question #####
2025-05-17 17:16:52,148 : ##### This is the --286th-- Question #####
2025-05-17 17:17:20,757 : ##### This is the --287th-- Question #####
2025-05-17 17:17:24,744 : ##### This is the --288th-- Question #####
2025-05-17 17:17:31,413 : ##### This is the --289th-- Question #####
2025-05-17 17:18:15,005 : ##### This is the --290th-- Question #####
2025-05-17 17:18:58,565 : ##### This is the --291th-- Question #####
2025-05-17 17:19:03,178 : ##### This is the --292th-- Question #####
2025-05-17 17:19:08,564 : ##### This is the --293th-- Question #####
2025-05-17 17:19:13,345 : ##### This is the --294th-- Question #####
2025-05-17 17:19:16,094 : ##### This is the --295th-- Question #####
2025-05-17 17:19:19,667 : ##### This is the --296th-- Question #####
2025-05-17 17:19:32,251 : ##### This is the --297th-- Question #####
2025-05-17 17:19:48,113 : ##### This is the --298th-- Question #####
2025-05-17 17:19:52,195 : ##### This is the --299th-- Question #####
2025-05-17 17:19:57,312 : ##### This is the --300th-- Question #####
2025-05-17 17:20:04,879 : ##### This is the --301th-- Question #####
2025-05-17 17:20:07,462 : ##### This is the --302th-- Question #####
2025-05-17 17:20:16,229 : ##### This is the --303th-- Question #####
2025-05-17 17:20:32,078 : ##### This is the --304th-- Question #####
2025-05-17 17:20:38,486 : ##### This is the --305th-- Question #####
2025-05-17 17:20:42,385 : ##### This is the --306th-- Question #####
2025-05-17 17:21:26,045 : ##### This is the --307th-- Question #####
2025-05-17 17:21:36,950 : ##### This is the --308th-- Question #####
2025-05-17 17:21:53,960 : ##### This is the --309th-- Question #####
2025-05-17 17:21:59,166 : ##### This is the --310th-- Question #####
2025-05-17 17:22:15,254 : ##### This is the --311th-- Question #####
2025-05-17 17:22:18,967 : ##### This is the --312th-- Question #####
2025-05-17 17:23:02,345 : ##### This is the --313th-- Question #####
2025-05-17 17:23:06,163 : ##### This is the --314th-- Question #####
2025-05-17 17:23:09,279 : ##### This is the --315th-- Question #####
2025-05-17 17:23:13,364 : ##### This is the --316th-- Question #####
2025-05-17 17:23:24,610 : ##### This is the --317th-- Question #####
2025-05-17 17:23:28,420 : ##### This is the --318th-- Question #####
2025-05-17 17:23:32,422 : ##### This is the --319th-- Question #####
2025-05-17 17:23:46,292 : ##### This is the --320th-- Question #####
2025-05-17 17:24:08,939 : ##### This is the --321th-- Question #####
2025-05-17 17:24:17,378 : ##### This is the --322th-- Question #####
2025-05-17 17:24:30,076 : ##### This is the --323th-- Question #####
2025-05-17 17:24:39,459 : ##### This is the --324th-- Question #####
2025-05-17 17:24:50,608 : Cannot locate the Final Answer, Current try is 1
2025-05-17 17:25:03,231 : ##### This is the --325th-- Question #####
2025-05-17 17:25:09,135 : ##### This is the --326th-- Question #####
2025-05-17 17:25:14,099 : ##### This is the --327th-- Question #####
2025-05-17 17:25:22,283 : ##### This is the --328th-- Question #####
2025-05-17 17:25:25,705 : ##### This is the --329th-- Question #####
2025-05-17 17:25:30,177 : ##### This is the --330th-- Question #####
2025-05-17 17:25:37,261 : ##### This is the --331th-- Question #####
2025-05-17 17:25:40,912 : ##### This is the --332th-- Question #####
2025-05-17 17:25:43,793 : ##### This is the --333th-- Question #####
2025-05-17 17:25:51,076 : ##### This is the --334th-- Question #####
2025-05-17 17:26:08,751 : ##### This is the --335th-- Question #####
2025-05-17 17:26:19,644 : ##### This is the --336th-- Question #####
2025-05-17 17:26:37,348 : ##### This is the --337th-- Question #####
2025-05-17 17:26:48,472 : ##### This is the --338th-- Question #####
2025-05-17 17:26:52,095 : ##### This is the --339th-- Question #####
2025-05-17 17:26:55,807 : ##### This is the --340th-- Question #####
2025-05-17 17:27:04,912 : ##### This is the --341th-- Question #####
2025-05-17 17:27:10,973 : ##### This is the --342th-- Question #####
2025-05-17 17:27:15,052 : ##### This is the --343th-- Question #####
2025-05-17 17:27:58,493 : Cannot locate the Final Answer, Current try is 1
2025-05-17 17:28:31,282 : ##### This is the --344th-- Question #####
2025-05-17 17:28:36,463 : ##### This is the --345th-- Question #####
2025-05-17 17:28:53,985 : ##### This is the --346th-- Question #####
2025-05-17 17:28:58,751 : ##### This is the --347th-- Question #####
2025-05-17 17:29:06,194 : ##### This is the --348th-- Question #####
2025-05-17 17:29:25,973 : ##### This is the --349th-- Question #####
2025-05-17 17:29:51,634 : Could not locate step Step 1 in generated sequence
2025-05-17 17:29:51,655 : ##### This is the --350th-- Question #####
2025-05-17 17:29:56,064 : ##### This is the --351th-- Question #####
2025-05-17 17:30:10,440 : ##### This is the --352th-- Question #####
2025-05-17 17:30:12,947 : New Reasoning Tokens Are None, Current try is 1
2025-05-17 17:30:16,999 : ##### This is the --353th-- Question #####
2025-05-17 17:30:22,830 : ##### This is the --354th-- Question #####
2025-05-17 17:30:26,856 : ##### This is the --355th-- Question #####
2025-05-17 17:30:29,891 : ##### This is the --356th-- Question #####
2025-05-17 17:30:36,292 : ##### This is the --357th-- Question #####
2025-05-17 17:30:40,259 : ##### This is the --358th-- Question #####
2025-05-17 17:30:44,351 : ##### This is the --359th-- Question #####
2025-05-17 17:31:17,543 : ##### This is the --360th-- Question #####
2025-05-17 17:32:00,741 : ##### This is the --361th-- Question #####
2025-05-17 17:32:03,901 : Cannot locate the Final Answer, Current try is 1
2025-05-17 17:32:08,092 : ##### This is the --362th-- Question #####
2025-05-17 17:32:13,683 : Cannot locate the Final Answer, Current try is 1
2025-05-17 17:32:17,955 : ##### This is the --363th-- Question #####
2025-05-17 17:32:26,409 : ##### This is the --364th-- Question #####
2025-05-17 17:32:52,685 : ##### This is the --365th-- Question #####
2025-05-17 17:32:56,327 : ##### This is the --366th-- Question #####
2025-05-17 17:33:00,329 : ##### This is the --367th-- Question #####
2025-05-17 17:33:04,035 : ##### This is the --368th-- Question #####
2025-05-17 17:33:09,043 : ##### This is the --369th-- Question #####
2025-05-17 17:33:12,180 : ##### This is the --370th-- Question #####
2025-05-17 17:33:17,190 : ##### This is the --371th-- Question #####
2025-05-17 17:33:20,865 : ##### This is the --372th-- Question #####
2025-05-17 17:33:24,639 : ##### This is the --373th-- Question #####
2025-05-17 17:34:08,126 : ##### This is the --374th-- Question #####
2025-05-17 17:34:11,336 : ##### This is the --375th-- Question #####
2025-05-17 17:34:16,949 : ##### This is the --376th-- Question #####
2025-05-17 17:34:25,127 : ##### This is the --377th-- Question #####
2025-05-17 17:35:05,555 : ##### This is the --378th-- Question #####
2025-05-17 17:35:48,869 : ##### This is the --379th-- Question #####
2025-05-17 17:36:05,296 : ##### This is the --380th-- Question #####
2025-05-17 17:36:46,509 : ##### This is the --381th-- Question #####
2025-05-17 17:37:30,039 : ##### This is the --382th-- Question #####
2025-05-17 17:37:33,666 : ##### This is the --383th-- Question #####
2025-05-17 17:37:38,908 : ##### This is the --384th-- Question #####
2025-05-17 17:37:44,956 : ##### This is the --385th-- Question #####
2025-05-17 17:37:50,562 : ##### This is the --386th-- Question #####
2025-05-17 17:38:03,455 : ##### This is the --387th-- Question #####
2025-05-17 17:38:06,490 : Cannot locate the Final Answer, Current try is 1
2025-05-17 17:38:10,676 : ##### This is the --388th-- Question #####
2025-05-17 17:38:18,236 : ##### This is the --389th-- Question #####
2025-05-17 17:38:26,518 : ##### This is the --390th-- Question #####
2025-05-17 17:38:37,383 : ##### This is the --391th-- Question #####
2025-05-17 17:38:43,108 : ##### This is the --392th-- Question #####
2025-05-17 17:38:46,552 : ##### This is the --393th-- Question #####
2025-05-17 17:38:53,628 : ##### This is the --394th-- Question #####
2025-05-17 17:39:02,740 : ##### This is the --395th-- Question #####
2025-05-17 17:39:07,496 : ##### This is the --396th-- Question #####
2025-05-17 17:39:10,930 : ##### This is the --397th-- Question #####
2025-05-17 17:39:14,569 : ##### This is the --398th-- Question #####
2025-05-17 17:39:20,241 : ##### This is the --399th-- Question #####
2025-05-17 17:39:29,651 : ##### This is the --400th-- Question #####
2025-05-17 17:40:12,971 : ##### This is the --401th-- Question #####
2025-05-17 17:40:29,428 : ##### This is the --402th-- Question #####
2025-05-17 17:40:41,446 : ##### This is the --403th-- Question #####
2025-05-17 17:40:45,032 : ##### This is the --404th-- Question #####
2025-05-17 17:40:55,580 : ##### This is the --405th-- Question #####
2025-05-17 17:41:00,809 : ##### This is the --406th-- Question #####
2025-05-17 17:41:04,319 : ##### This is the --407th-- Question #####
2025-05-17 17:41:09,114 : ##### This is the --408th-- Question #####
2025-05-17 17:41:52,831 : ##### This is the --409th-- Question #####
2025-05-17 17:42:36,218 : ##### This is the --410th-- Question #####
2025-05-17 17:42:40,602 : ##### This is the --411th-- Question #####
2025-05-17 17:42:45,518 : ##### This is the --412th-- Question #####
2025-05-17 17:43:20,541 : ##### This is the --413th-- Question #####
2025-05-17 17:43:25,694 : ##### This is the --414th-- Question #####
2025-05-17 17:43:35,769 : ##### This is the --415th-- Question #####
2025-05-17 17:44:19,216 : ##### This is the --416th-- Question #####
2025-05-17 17:44:24,034 : ##### This is the --417th-- Question #####
2025-05-17 17:44:29,632 : ##### This is the --418th-- Question #####
2025-05-17 17:44:35,199 : ##### This is the --419th-- Question #####
2025-05-17 17:44:38,306 : Cannot locate the Final Answer, Current try is 1
2025-05-17 17:44:41,581 : ##### This is the --420th-- Question #####
2025-05-17 17:44:54,233 : ##### This is the --421th-- Question #####
2025-05-17 17:44:57,569 : ##### This is the --422th-- Question #####
2025-05-17 17:45:01,181 : ##### This is the --423th-- Question #####
2025-05-17 17:45:03,031 : New Reasoning Tokens Are None, Current try is 1
2025-05-17 17:45:07,045 : ##### This is the --424th-- Question #####
2025-05-17 17:45:11,752 : ##### This is the --425th-- Question #####
2025-05-17 17:45:19,562 : ##### This is the --426th-- Question #####
2025-05-17 17:45:30,220 : ##### This is the --427th-- Question #####
2025-05-17 17:45:34,455 : ##### This is the --428th-- Question #####
2025-05-17 17:45:38,802 : ##### This is the --429th-- Question #####
2025-05-17 17:45:46,580 : ##### This is the --430th-- Question #####
2025-05-17 17:45:51,965 : ##### This is the --431th-- Question #####
2025-05-17 17:46:01,209 : ##### This is the --432th-- Question #####
2025-05-17 17:46:05,584 : ##### This is the --433th-- Question #####
2025-05-17 17:46:09,035 : ##### This is the --434th-- Question #####
2025-05-17 17:46:12,681 : ##### This is the --435th-- Question #####
2025-05-17 17:46:16,350 : ##### This is the --436th-- Question #####
2025-05-17 17:46:18,817 : ##### This is the --437th-- Question #####
2025-05-17 17:46:22,548 : ##### This is the --438th-- Question #####
2025-05-17 17:46:27,686 : ##### This is the --439th-- Question #####
2025-05-17 17:46:46,772 : ##### This is the --440th-- Question #####
2025-05-17 17:46:51,463 : ##### This is the --441th-- Question #####
2025-05-17 17:46:54,291 : ##### This is the --442th-- Question #####
2025-05-17 17:47:07,645 : ##### This is the --443th-- Question #####
2025-05-17 17:47:12,321 : ##### This is the --444th-- Question #####
2025-05-17 17:47:17,737 : ##### This is the --445th-- Question #####
2025-05-17 17:47:22,540 : ##### This is the --446th-- Question #####
2025-05-17 17:47:25,044 : ##### This is the --447th-- Question #####
2025-05-17 17:47:29,500 : ##### This is the --448th-- Question #####
2025-05-17 17:47:35,233 : ##### This is the --449th-- Question #####
2025-05-17 17:47:40,743 : ##### This is the --450th-- Question #####
2025-05-17 17:47:48,687 : ##### This is the --451th-- Question #####
2025-05-17 17:47:51,465 : ##### This is the --452th-- Question #####
2025-05-17 17:47:57,885 : ##### This is the --453th-- Question #####
2025-05-17 17:48:18,786 : Cannot locate the Final Answer, Current try is 1
2025-05-17 17:48:24,605 : ##### This is the --454th-- Question #####
2025-05-17 17:48:32,016 : ##### This is the --455th-- Question #####
2025-05-17 17:48:58,523 : ##### This is the --456th-- Question #####
2025-05-17 17:49:14,359 : ##### This is the --457th-- Question #####
2025-05-17 17:49:31,046 : ##### This is the --458th-- Question #####
2025-05-17 17:49:40,191 : ##### This is the --459th-- Question #####
2025-05-17 17:49:45,867 : ##### This is the --460th-- Question #####
2025-05-17 17:49:51,253 : ##### This is the --461th-- Question #####
2025-05-17 17:50:03,671 : ##### This is the --462th-- Question #####
2025-05-17 17:50:13,507 : ##### This is the --463th-- Question #####
2025-05-17 17:50:15,758 : ##### This is the --464th-- Question #####
2025-05-17 17:50:22,359 : ##### This is the --465th-- Question #####
2025-05-17 17:50:28,886 : ##### This is the --466th-- Question #####
2025-05-17 17:50:33,621 : ##### This is the --467th-- Question #####
2025-05-17 17:50:38,151 : ##### This is the --468th-- Question #####
2025-05-17 17:50:50,346 : ##### This is the --469th-- Question #####
2025-05-17 17:51:33,776 : ##### This is the --470th-- Question #####
2025-05-17 17:51:38,912 : ##### This is the --471th-- Question #####
2025-05-17 17:52:22,621 : ##### This is the --472th-- Question #####
2025-05-17 17:52:26,404 : ##### This is the --473th-- Question #####
2025-05-17 17:52:30,013 : ##### This is the --474th-- Question #####
2025-05-17 17:52:33,419 : ##### This is the --475th-- Question #####
2025-05-17 17:52:46,277 : ##### This is the --476th-- Question #####
2025-05-17 17:52:50,128 : ##### This is the --477th-- Question #####
2025-05-17 17:52:53,784 : ##### This is the --478th-- Question #####
2025-05-17 17:53:02,152 : ##### This is the --479th-- Question #####
2025-05-17 17:53:18,279 : ##### This is the --480th-- Question #####
2025-05-17 17:53:20,829 : ##### This is the --481th-- Question #####
2025-05-17 17:53:24,763 : ##### This is the --482th-- Question #####
2025-05-17 17:53:29,422 : ##### This is the --483th-- Question #####
2025-05-17 17:53:34,672 : ##### This is the --484th-- Question #####
2025-05-17 17:53:45,880 : ##### This is the --485th-- Question #####
2025-05-17 17:53:55,730 : ##### This is the --486th-- Question #####
2025-05-17 17:54:10,649 : ##### This is the --487th-- Question #####
2025-05-17 17:54:16,892 : ##### This is the --488th-- Question #####
2025-05-17 17:54:20,398 : ##### This is the --489th-- Question #####
2025-05-17 17:54:23,276 : ##### This is the --490th-- Question #####
2025-05-17 17:54:26,382 : ##### This is the --491th-- Question #####
2025-05-17 17:54:34,241 : ##### This is the --492th-- Question #####
2025-05-17 17:54:46,488 : ##### This is the --493th-- Question #####
2025-05-17 17:54:57,071 : ##### This is the --494th-- Question #####
2025-05-17 17:55:20,873 : ##### This is the --495th-- Question #####
2025-05-17 17:55:24,690 : ##### This is the --496th-- Question #####
2025-05-17 17:55:29,228 : ##### This is the --497th-- Question #####
2025-05-17 17:55:35,281 : ##### This is the --498th-- Question #####
2025-05-17 17:55:53,240 : ##### This is the --499th-- Question #####
2025-05-17 17:55:57,275 : ##### This is the --500th-- Question #####
2025-05-17 17:56:03,274 : ##### This is the --501th-- Question #####
2025-05-17 17:56:09,973 : ##### This is the --502th-- Question #####
2025-05-17 17:56:14,926 : ##### This is the --503th-- Question #####
2025-05-17 17:56:17,143 : New Reasoning Tokens Are None, Current try is 1
2025-05-17 17:56:21,913 : ##### This is the --504th-- Question #####
2025-05-17 17:56:24,771 : ##### This is the --505th-- Question #####
2025-05-17 17:56:28,205 : ##### This is the --506th-- Question #####
2025-05-17 17:56:32,170 : ##### This is the --507th-- Question #####
2025-05-17 17:56:46,048 : New Reasoning Tokens Are None, Current try is 1
2025-05-17 17:56:58,687 : ##### This is the --508th-- Question #####
2025-05-17 17:57:09,572 : ##### This is the --509th-- Question #####
2025-05-17 17:57:53,575 : ##### This is the --510th-- Question #####
2025-05-17 17:57:57,490 : ##### This is the --511th-- Question #####
2025-05-17 17:58:01,147 : ##### This is the --512th-- Question #####
2025-05-17 17:58:05,051 : ##### This is the --513th-- Question #####
2025-05-17 17:58:09,428 : ##### This is the --514th-- Question #####
2025-05-17 17:58:16,994 : ##### This is the --515th-- Question #####
2025-05-17 17:58:24,307 : ##### This is the --516th-- Question #####
2025-05-17 17:58:27,614 : ##### This is the --517th-- Question #####
2025-05-17 17:58:31,057 : ##### This is the --518th-- Question #####
2025-05-17 17:58:33,209 : ##### This is the --519th-- Question #####
2025-05-17 17:58:36,963 : ##### This is the --520th-- Question #####
2025-05-17 17:58:41,549 : ##### This is the --521th-- Question #####
2025-05-17 17:58:45,229 : ##### This is the --522th-- Question #####
2025-05-17 17:58:49,087 : ##### This is the --523th-- Question #####
2025-05-17 17:58:56,201 : ##### This is the --524th-- Question #####
2025-05-17 17:58:59,320 : ##### This is the --525th-- Question #####
2025-05-17 17:59:11,793 : ##### This is the --526th-- Question #####
2025-05-17 17:59:17,067 : ##### This is the --527th-- Question #####
2025-05-17 17:59:22,726 : ##### This is the --528th-- Question #####
2025-05-17 17:59:27,185 : ##### This is the --529th-- Question #####
2025-05-17 17:59:32,237 : ##### This is the --530th-- Question #####
2025-05-17 17:59:37,496 : ##### This is the --531th-- Question #####
2025-05-17 17:59:45,838 : ##### This is the --532th-- Question #####
2025-05-17 18:00:26,992 : ##### This is the --533th-- Question #####
2025-05-17 18:00:34,931 : ##### This is the --534th-- Question #####
2025-05-17 18:00:54,782 : ##### This is the --535th-- Question #####
2025-05-17 18:01:00,972 : ##### This is the --536th-- Question #####
2025-05-17 18:01:12,255 : ##### This is the --537th-- Question #####
2025-05-17 18:01:33,072 : ##### This is the --538th-- Question #####
2025-05-17 18:02:16,772 : ##### This is the --539th-- Question #####
2025-05-17 18:03:00,008 : ##### This is the --540th-- Question #####
2025-05-17 18:03:03,910 : ##### This is the --541th-- Question #####
2025-05-17 18:03:33,602 : ##### This is the --542th-- Question #####
2025-05-17 18:03:37,644 : ##### This is the --543th-- Question #####
2025-05-17 18:03:44,987 : ##### This is the --544th-- Question #####
2025-05-17 18:03:49,101 : ##### This is the --545th-- Question #####
2025-05-17 18:04:06,400 : ##### This is the --546th-- Question #####
2025-05-17 18:04:12,298 : ##### This is the --547th-- Question #####
2025-05-17 18:04:16,122 : ##### This is the --548th-- Question #####
2025-05-17 18:04:18,018 : ##### This is the --549th-- Question #####
2025-05-17 18:04:22,500 : ##### This is the --550th-- Question #####
2025-05-17 18:04:30,202 : ##### This is the --551th-- Question #####
2025-05-17 18:04:34,238 : ##### This is the --552th-- Question #####
2025-05-17 18:04:36,994 : ##### This is the --553th-- Question #####
2025-05-17 18:04:41,453 : ##### This is the --554th-- Question #####
2025-05-17 18:04:45,024 : ##### This is the --555th-- Question #####
2025-05-17 18:04:47,937 : ##### This is the --556th-- Question #####
2025-05-17 18:04:51,293 : ##### This is the --557th-- Question #####
2025-05-17 18:05:17,109 : ##### This is the --558th-- Question #####
2025-05-17 18:05:46,058 : ##### This is the --559th-- Question #####
2025-05-17 18:05:50,030 : ##### This is the --560th-- Question #####
2025-05-17 18:05:53,100 : ##### This is the --561th-- Question #####
2025-05-17 18:06:00,439 : ##### This is the --562th-- Question #####
2025-05-17 18:06:10,571 : ##### This is the --563th-- Question #####
2025-05-17 18:06:22,785 : ##### This is the --564th-- Question #####
2025-05-17 18:06:34,431 : ##### This is the --565th-- Question #####
2025-05-17 18:06:38,676 : ##### This is the --566th-- Question #####
2025-05-17 18:06:45,662 : ##### This is the --567th-- Question #####
2025-05-17 18:06:52,587 : ##### This is the --568th-- Question #####
2025-05-17 18:07:03,748 : ##### This is the --569th-- Question #####
2025-05-17 18:07:06,629 : ##### This is the --570th-- Question #####
2025-05-17 18:07:10,408 : ##### This is the --571th-- Question #####
2025-05-17 18:07:19,564 : ##### This is the --572th-- Question #####
2025-05-17 18:07:25,116 : Cannot locate the Final Answer, Current try is 1
2025-05-17 18:07:36,662 : ##### This is the --573th-- Question #####
2025-05-17 18:07:46,499 : ##### This is the --574th-- Question #####
2025-05-17 18:07:51,146 : ##### This is the --575th-- Question #####
2025-05-17 18:08:34,637 : ##### This is the --576th-- Question #####
2025-05-17 18:08:47,630 : ##### This is the --577th-- Question #####
2025-05-17 18:08:54,787 : ##### This is the --578th-- Question #####
2025-05-17 18:08:58,302 : ##### This is the --579th-- Question #####
2025-05-17 18:09:05,546 : ##### This is the --580th-- Question #####
2025-05-17 18:09:07,916 : ##### This is the --581th-- Question #####
2025-05-17 18:09:24,291 : ##### This is the --582th-- Question #####
2025-05-17 18:09:28,538 : ##### This is the --583th-- Question #####
2025-05-17 18:09:34,186 : ##### This is the --584th-- Question #####
2025-05-17 18:09:48,203 : ##### This is the --585th-- Question #####
2025-05-17 18:09:53,852 : ##### This is the --586th-- Question #####
2025-05-17 18:09:58,578 : ##### This is the --587th-- Question #####
2025-05-17 18:10:03,955 : ##### This is the --588th-- Question #####
2025-05-17 18:10:10,973 : ##### This is the --589th-- Question #####
2025-05-17 18:10:17,703 : ##### This is the --590th-- Question #####
2025-05-17 18:10:23,747 : ##### This is the --591th-- Question #####
2025-05-17 18:10:29,665 : ##### This is the --592th-- Question #####
2025-05-17 18:10:40,919 : ##### This is the --593th-- Question #####
2025-05-17 18:11:08,105 : ##### This is the --594th-- Question #####
2025-05-17 18:11:10,751 : ##### This is the --595th-- Question #####
2025-05-17 18:11:19,876 : ##### This is the --596th-- Question #####
2025-05-17 18:11:25,546 : ##### This is the --597th-- Question #####
2025-05-17 18:11:29,349 : ##### This is the --598th-- Question #####
2025-05-17 18:11:34,044 : ##### This is the --599th-- Question #####
2025-05-17 18:11:43,177 : ##### This is the --600th-- Question #####
2025-05-17 18:11:45,629 : ##### This is the --601th-- Question #####
2025-05-17 18:11:49,267 : ##### This is the --602th-- Question #####
2025-05-17 18:11:52,993 : ##### This is the --603th-- Question #####
2025-05-17 18:11:58,211 : ##### This is the --604th-- Question #####
2025-05-17 18:12:04,710 : ##### This is the --605th-- Question #####
2025-05-17 18:12:48,515 : ##### This is the --606th-- Question #####
2025-05-17 18:12:53,847 : ##### This is the --607th-- Question #####
2025-05-17 18:12:58,094 : ##### This is the --608th-- Question #####
2025-05-17 18:13:41,511 : ##### This is the --609th-- Question #####
2025-05-17 18:14:01,830 : ##### This is the --610th-- Question #####
2025-05-17 18:14:04,901 : ##### This is the --611th-- Question #####
2025-05-17 18:14:20,492 : ##### This is the --612th-- Question #####
2025-05-17 18:14:29,440 : ##### This is the --613th-- Question #####
2025-05-17 18:14:36,264 : ##### This is the --614th-- Question #####
2025-05-17 18:14:43,288 : ##### This is the --615th-- Question #####
2025-05-17 18:14:46,871 : ##### This is the --616th-- Question #####
2025-05-17 18:15:03,252 : ##### This is the --617th-- Question #####
2025-05-17 18:15:07,691 : ##### This is the --618th-- Question #####
2025-05-17 18:15:12,403 : ##### This is the --619th-- Question #####
2025-05-17 18:15:14,910 : ##### This is the --620th-- Question #####
2025-05-17 18:15:18,882 : ##### This is the --621th-- Question #####
2025-05-17 18:15:21,685 : ##### This is the --622th-- Question #####
2025-05-17 18:15:24,411 : ##### This is the --623th-- Question #####
2025-05-17 18:15:41,339 : ##### This is the --624th-- Question #####
2025-05-17 18:15:50,980 : ##### This is the --625th-- Question #####
2025-05-17 18:15:57,238 : ##### This is the --626th-- Question #####
2025-05-17 18:16:01,045 : ##### This is the --627th-- Question #####
2025-05-17 18:16:20,225 : ##### This is the --628th-- Question #####
2025-05-17 18:16:33,151 : ##### This is the --629th-- Question #####
2025-05-17 18:16:36,480 : ##### This is the --630th-- Question #####
2025-05-17 18:16:39,884 : ##### This is the --631th-- Question #####
2025-05-17 18:16:46,417 : ##### This is the --632th-- Question #####
2025-05-17 18:16:58,143 : ##### This is the --633th-- Question #####
2025-05-17 18:17:01,350 : ##### This is the --634th-- Question #####
2025-05-17 18:17:06,336 : ##### This is the --635th-- Question #####
2025-05-17 18:17:23,110 : ##### This is the --636th-- Question #####
2025-05-17 18:17:26,997 : ##### This is the --637th-- Question #####
2025-05-17 18:17:31,053 : ##### This is the --638th-- Question #####
2025-05-17 18:17:56,759 : ##### This is the --639th-- Question #####
2025-05-17 18:18:02,640 : ##### This is the --640th-- Question #####
2025-05-17 18:18:18,214 : ##### This is the --641th-- Question #####
2025-05-17 18:18:28,019 : ##### This is the --642th-- Question #####
2025-05-17 18:18:36,443 : ##### This is the --643th-- Question #####
2025-05-17 18:18:39,801 : ##### This is the --644th-- Question #####
2025-05-17 18:18:48,592 : ##### This is the --645th-- Question #####
2025-05-17 18:18:53,955 : ##### This is the --646th-- Question #####
2025-05-17 18:19:10,612 : ##### This is the --647th-- Question #####
2025-05-17 18:19:14,552 : ##### This is the --648th-- Question #####
2025-05-17 18:19:24,643 : ##### This is the --649th-- Question #####
2025-05-17 18:19:35,027 : ##### This is the --650th-- Question #####
2025-05-17 18:19:41,514 : ##### This is the --651th-- Question #####
2025-05-17 18:19:49,592 : ##### This is the --652th-- Question #####
2025-05-17 18:19:54,267 : ##### This is the --653th-- Question #####
2025-05-17 18:19:57,627 : ##### This is the --654th-- Question #####
2025-05-17 18:20:41,181 : ##### This is the --655th-- Question #####
2025-05-17 18:20:48,954 : ##### This is the --656th-- Question #####
2025-05-17 18:20:52,344 : ##### This is the --657th-- Question #####
2025-05-17 18:20:56,027 : ##### This is the --658th-- Question #####
2025-05-17 18:21:00,331 : ##### This is the --659th-- Question #####
2025-05-17 18:21:09,816 : ##### This is the --660th-- Question #####
2025-05-17 18:21:14,281 : ##### This is the --661th-- Question #####
2025-05-17 18:21:19,896 : ##### This is the --662th-- Question #####
2025-05-17 18:21:26,646 : ##### This is the --663th-- Question #####
2025-05-17 18:21:33,504 : ##### This is the --664th-- Question #####
2025-05-17 18:21:37,751 : ##### This is the --665th-- Question #####
2025-05-17 18:21:43,684 : ##### This is the --666th-- Question #####
2025-05-17 18:21:47,088 : ##### This is the --667th-- Question #####
2025-05-17 18:21:50,658 : ##### This is the --668th-- Question #####
2025-05-17 18:21:55,423 : ##### This is the --669th-- Question #####
2025-05-17 18:22:01,375 : ##### This is the --670th-- Question #####
2025-05-17 18:22:14,338 : ##### This is the --671th-- Question #####
2025-05-17 18:22:19,341 : ##### This is the --672th-- Question #####
2025-05-17 18:22:24,493 : ##### This is the --673th-- Question #####
2025-05-17 18:23:06,850 : ##### This is the --674th-- Question #####
2025-05-17 18:23:11,751 : ##### This is the --675th-- Question #####
2025-05-17 18:23:15,057 : Cannot locate the Final Answer, Current try is 1
2025-05-17 18:23:30,152 : ##### This is the --676th-- Question #####
2025-05-17 18:23:35,133 : ##### This is the --677th-- Question #####
2025-05-17 18:23:43,891 : ##### This is the --678th-- Question #####
2025-05-17 18:23:47,485 : ##### This is the --679th-- Question #####
2025-05-17 18:23:52,257 : ##### This is the --680th-- Question #####
2025-05-17 18:24:11,016 : ##### This is the --681th-- Question #####
2025-05-17 18:24:15,536 : ##### This is the --682th-- Question #####
2025-05-17 18:24:28,828 : ##### This is the --683th-- Question #####
2025-05-17 18:25:12,123 : ##### This is the --684th-- Question #####
2025-05-17 18:25:15,944 : ##### This is the --685th-- Question #####
2025-05-17 18:25:19,996 : ##### This is the --686th-- Question #####
2025-05-17 18:25:27,866 : ##### This is the --687th-- Question #####
2025-05-17 18:25:36,214 : ##### This is the --688th-- Question #####
2025-05-17 18:25:41,952 : ##### This is the --689th-- Question #####
2025-05-17 18:25:48,598 : ##### This is the --690th-- Question #####
2025-05-17 18:25:52,397 : ##### This is the --691th-- Question #####
2025-05-17 18:25:58,194 : ##### This is the --692th-- Question #####
2025-05-17 18:26:03,492 : ##### This is the --693th-- Question #####
2025-05-17 18:26:19,325 : ##### This is the --694th-- Question #####
2025-05-17 18:26:23,408 : ##### This is the --695th-- Question #####
2025-05-17 18:26:27,570 : ##### This is the --696th-- Question #####
2025-05-17 18:27:10,942 : ##### This is the --697th-- Question #####
2025-05-17 18:27:13,616 : ##### This is the --698th-- Question #####
2025-05-17 18:27:19,768 : ##### This is the --699th-- Question #####
2025-05-17 18:27:30,054 : ##### This is the --700th-- Question #####
2025-05-17 18:27:33,427 : ##### This is the --701th-- Question #####
2025-05-17 18:27:57,304 : ##### This is the --702th-- Question #####
2025-05-17 18:28:03,953 : ##### This is the --703th-- Question #####
2025-05-17 18:28:10,966 : ##### This is the --704th-- Question #####
2025-05-17 18:28:15,032 : ##### This is the --705th-- Question #####
2025-05-17 18:28:18,218 : ##### This is the --706th-- Question #####
2025-05-17 18:28:36,558 : ##### This is the --707th-- Question #####
2025-05-17 18:28:41,608 : ##### This is the --708th-- Question #####
2025-05-17 18:28:46,087 : New Reasoning Tokens Are None, Current try is 1
2025-05-17 18:28:53,358 : ##### This is the --709th-- Question #####
2025-05-17 18:29:05,259 : ##### This is the --710th-- Question #####
2025-05-17 18:29:10,573 : ##### This is the --711th-- Question #####
2025-05-17 18:29:54,143 : ##### This is the --712th-- Question #####
2025-05-17 18:30:22,996 : ##### This is the --713th-- Question #####
2025-05-17 18:30:26,118 : ##### This is the --714th-- Question #####
2025-05-17 18:30:29,493 : ##### This is the --715th-- Question #####
2025-05-17 18:30:33,594 : ##### This is the --716th-- Question #####
2025-05-17 18:31:08,032 : ##### This is the --717th-- Question #####
2025-05-17 18:31:11,466 : ##### This is the --718th-- Question #####
2025-05-17 18:31:16,580 : ##### This is the --719th-- Question #####
2025-05-17 18:31:32,874 : ##### This is the --720th-- Question #####
2025-05-17 18:31:46,275 : ##### This is the --721th-- Question #####
2025-05-17 18:31:49,235 : ##### This is the --722th-- Question #####
2025-05-17 18:31:52,705 : ##### This is the --723th-- Question #####
2025-05-17 18:32:04,608 : ##### This is the --724th-- Question #####
2025-05-17 18:32:22,345 : ##### This is the --725th-- Question #####
2025-05-17 18:32:22,973 : New Reasoning Tokens Are None, Current try is 1
2025-05-17 18:32:37,879 : ##### This is the --726th-- Question #####
2025-05-17 18:32:41,113 : ##### This is the --727th-- Question #####
2025-05-17 18:32:43,949 : ##### This is the --728th-- Question #####
2025-05-17 18:32:48,647 : ##### This is the --729th-- Question #####
2025-05-17 18:33:10,812 : ##### This is the --730th-- Question #####
2025-05-17 18:33:15,209 : ##### This is the --731th-- Question #####
2025-05-17 18:33:23,755 : ##### This is the --732th-- Question #####
2025-05-17 18:33:27,103 : ##### This is the --733th-- Question #####
2025-05-17 18:33:32,282 : ##### This is the --734th-- Question #####
2025-05-17 18:33:39,861 : ##### This is the --735th-- Question #####
2025-05-17 18:34:23,217 : ##### This is the --736th-- Question #####
2025-05-17 18:34:30,330 : ##### This is the --737th-- Question #####
2025-05-17 18:34:42,633 : ##### This is the --738th-- Question #####
2025-05-17 18:34:56,538 : ##### This is the --739th-- Question #####
2025-05-17 18:35:01,363 : ##### This is the --740th-- Question #####
2025-05-17 18:35:21,114 : ##### This is the --741th-- Question #####
2025-05-17 18:35:24,663 : ##### This is the --742th-- Question #####
2025-05-17 18:35:30,454 : ##### This is the --743th-- Question #####
2025-05-17 18:35:35,898 : ##### This is the --744th-- Question #####
2025-05-17 18:35:42,652 : ##### This is the --745th-- Question #####
2025-05-17 18:35:48,013 : ##### This is the --746th-- Question #####
2025-05-17 18:35:50,547 : ##### This is the --747th-- Question #####
2025-05-17 18:36:04,163 : ##### This is the --748th-- Question #####
2025-05-17 18:36:47,706 : ##### This is the --749th-- Question #####
2025-05-17 18:36:55,165 : ##### This is the --750th-- Question #####
2025-05-17 18:36:56,895 : ##### This is the --751th-- Question #####
2025-05-17 18:37:01,845 : ##### This is the --752th-- Question #####
2025-05-17 18:37:07,888 : ##### This is the --753th-- Question #####
2025-05-17 18:37:31,817 : ##### This is the --754th-- Question #####
2025-05-17 18:37:38,394 : ##### This is the --755th-- Question #####
2025-05-17 18:37:42,051 : ##### This is the --756th-- Question #####
2025-05-17 18:37:44,525 : New Reasoning Tokens Are None, Current try is 1
2025-05-17 18:37:49,808 : ##### This is the --757th-- Question #####
2025-05-17 18:37:54,502 : Cannot locate the Final Answer, Current try is 1
2025-05-17 18:37:59,767 : ##### This is the --758th-- Question #####
2025-05-17 18:38:07,106 : ##### This is the --759th-- Question #####
2025-05-17 18:38:18,510 : ##### This is the --760th-- Question #####
2025-05-17 18:38:21,311 : ##### This is the --761th-- Question #####
2025-05-17 18:38:34,497 : ##### This is the --762th-- Question #####
2025-05-17 18:38:44,357 : ##### This is the --763th-- Question #####
2025-05-17 18:38:53,271 : ##### This is the --764th-- Question #####
2025-05-17 18:39:01,927 : ##### This is the --765th-- Question #####
2025-05-17 18:39:06,040 : ##### This is the --766th-- Question #####
2025-05-17 18:39:14,977 : ##### This is the --767th-- Question #####
2025-05-17 18:39:17,918 : ##### This is the --768th-- Question #####
2025-05-17 18:39:21,284 : ##### This is the --769th-- Question #####
2025-05-17 18:39:31,573 : ##### This is the --770th-- Question #####
2025-05-17 18:39:34,714 : ##### This is the --771th-- Question #####
2025-05-17 18:39:47,700 : ##### This is the --772th-- Question #####
2025-05-17 18:40:10,436 : ##### This is the --773th-- Question #####
2025-05-17 18:40:13,486 : ##### This is the --774th-- Question #####
2025-05-17 18:40:29,564 : ##### This is the --775th-- Question #####
2025-05-17 18:40:41,777 : ##### This is the --776th-- Question #####
2025-05-17 18:40:45,232 : ##### This is the --777th-- Question #####
2025-05-17 18:41:15,373 : ##### This is the --778th-- Question #####
2025-05-17 18:41:24,602 : ##### This is the --779th-- Question #####
2025-05-17 18:41:33,695 : ##### This is the --780th-- Question #####
2025-05-17 18:41:38,777 : ##### This is the --781th-- Question #####
2025-05-17 18:41:56,096 : ##### This is the --782th-- Question #####
2025-05-17 18:42:01,965 : ##### This is the --783th-- Question #####
2025-05-17 18:42:05,888 : ##### This is the --784th-- Question #####
2025-05-17 18:42:07,911 : ##### This is the --785th-- Question #####
2025-05-17 18:42:37,728 : ##### This is the --786th-- Question #####
2025-05-17 18:43:20,947 : ##### This is the --787th-- Question #####
2025-05-17 18:43:25,553 : ##### This is the --788th-- Question #####
2025-05-17 18:43:28,788 : ##### This is the --789th-- Question #####
2025-05-17 18:44:02,240 : ##### This is the --790th-- Question #####
2025-05-17 18:44:14,459 : ##### This is the --791th-- Question #####
2025-05-17 18:44:20,862 : ##### This is the --792th-- Question #####
2025-05-17 18:45:04,341 : ##### This is the --793th-- Question #####
2025-05-17 18:45:48,242 : ##### This is the --794th-- Question #####
2025-05-17 18:45:56,113 : ##### This is the --795th-- Question #####
2025-05-17 18:46:01,233 : ##### This is the --796th-- Question #####
2025-05-17 18:46:06,434 : ##### This is the --797th-- Question #####
2025-05-17 18:46:12,882 : Could not locate step Step 1 in generated sequence
2025-05-17 18:46:12,899 : ##### This is the --798th-- Question #####
2025-05-17 18:46:17,657 : ##### This is the --799th-- Question #####
2025-05-17 18:46:29,747 : ##### This is the --800th-- Question #####
2025-05-17 18:46:33,315 : ##### This is the --801th-- Question #####
2025-05-17 18:47:08,521 : ##### This is the --802th-- Question #####
2025-05-17 18:47:11,620 : ##### This is the --803th-- Question #####
2025-05-17 18:47:18,813 : ##### This is the --804th-- Question #####
2025-05-17 18:47:21,771 : ##### This is the --805th-- Question #####
2025-05-17 18:47:39,046 : ##### This is the --806th-- Question #####
2025-05-17 18:47:48,892 : ##### This is the --807th-- Question #####
2025-05-17 18:47:54,863 : ##### This is the --808th-- Question #####
2025-05-17 18:47:59,300 : ##### This is the --809th-- Question #####
2025-05-17 18:48:42,928 : Cannot locate the Final Answer, Current try is 1
2025-05-17 18:48:46,806 : ##### This is the --810th-- Question #####
2025-05-17 18:48:58,043 : ##### This is the --811th-- Question #####
2025-05-17 18:49:01,719 : ##### This is the --812th-- Question #####
2025-05-17 18:49:04,845 : ##### This is the --813th-- Question #####
2025-05-17 18:49:10,140 : ##### This is the --814th-- Question #####
2025-05-17 18:49:13,365 : ##### This is the --815th-- Question #####
2025-05-17 18:49:51,216 : ##### This is the --816th-- Question #####
2025-05-17 18:49:54,735 : ##### This is the --817th-- Question #####
2025-05-17 18:49:57,680 : ##### This is the --818th-- Question #####
2025-05-17 18:50:01,554 : ##### This is the --819th-- Question #####
2025-05-17 18:50:45,022 : ##### This is the --820th-- Question #####
2025-05-17 18:50:48,346 : ##### This is the --821th-- Question #####
2025-05-17 18:51:10,124 : ##### This is the --822th-- Question #####
2025-05-17 18:51:16,690 : ##### This is the --823th-- Question #####
2025-05-17 18:51:19,748 : ##### This is the --824th-- Question #####
2025-05-17 18:51:23,294 : ##### This is the --825th-- Question #####
2025-05-17 18:52:07,164 : ##### This is the --826th-- Question #####
2025-05-17 18:52:10,432 : ##### This is the --827th-- Question #####
2025-05-17 18:52:14,255 : ##### This is the --828th-- Question #####
2025-05-17 18:52:27,214 : ##### This is the --829th-- Question #####
2025-05-17 18:53:10,725 : ##### This is the --830th-- Question #####
2025-05-17 18:53:14,197 : ##### This is the --831th-- Question #####
2025-05-17 18:53:18,864 : ##### This is the --832th-- Question #####
2025-05-17 18:53:30,924 : ##### This is the --833th-- Question #####
2025-05-17 18:53:37,803 : ##### This is the --834th-- Question #####
2025-05-17 18:53:45,436 : Could not locate step Step 1 in generated sequence
2025-05-17 18:53:45,459 : ##### This is the --835th-- Question #####
2025-05-17 18:53:55,310 : ##### This is the --836th-- Question #####
2025-05-17 18:53:59,283 : ##### This is the --837th-- Question #####
2025-05-17 18:54:01,842 : ##### This is the --838th-- Question #####
2025-05-17 18:54:06,899 : ##### This is the --839th-- Question #####
2025-05-17 18:54:50,477 : ##### This is the --840th-- Question #####
2025-05-17 18:55:11,560 : ##### This is the --841th-- Question #####
2025-05-17 18:55:15,683 : ##### This is the --842th-- Question #####
2025-05-17 18:55:21,245 : ##### This is the --843th-- Question #####
2025-05-17 18:55:45,813 : ##### This is the --844th-- Question #####
2025-05-17 18:55:48,794 : New Reasoning Tokens Are None, Current try is 1
2025-05-17 18:55:53,725 : ##### This is the --845th-- Question #####
2025-05-17 18:56:00,459 : ##### This is the --846th-- Question #####
2025-05-17 18:56:14,932 : ##### This is the --847th-- Question #####
2025-05-17 18:56:21,302 : ##### This is the --848th-- Question #####
2025-05-17 18:56:23,534 : ##### This is the --849th-- Question #####
2025-05-17 18:56:26,339 : ##### This is the --850th-- Question #####
2025-05-17 18:57:09,886 : ##### This is the --851th-- Question #####
2025-05-17 18:57:12,978 : Cannot locate the Final Answer, Current try is 1
2025-05-17 18:57:18,763 : ##### This is the --852th-- Question #####
2025-05-17 18:57:20,941 : ##### This is the --853th-- Question #####
2025-05-17 18:57:27,813 : Could not locate step Step 1 in generated sequence
2025-05-17 18:57:27,826 : ##### This is the --854th-- Question #####
2025-05-17 18:57:39,025 : ##### This is the --855th-- Question #####
2025-05-17 18:57:42,923 : ##### This is the --856th-- Question #####
2025-05-17 18:57:48,143 : ##### This is the --857th-- Question #####
2025-05-17 18:57:53,729 : ##### This is the --858th-- Question #####
2025-05-17 18:58:05,620 : ##### This is the --859th-- Question #####
2025-05-17 18:58:23,080 : ##### This is the --860th-- Question #####
2025-05-17 18:58:28,292 : ##### This is the --861th-- Question #####
2025-05-17 18:58:32,162 : ##### This is the --862th-- Question #####
2025-05-17 18:58:47,584 : ##### This is the --863th-- Question #####
2025-05-17 18:58:57,772 : ##### This is the --864th-- Question #####
2025-05-17 18:59:01,710 : ##### This is the --865th-- Question #####
2025-05-17 18:59:13,426 : ##### This is the --866th-- Question #####
2025-05-17 18:59:40,300 : ##### This is the --867th-- Question #####
2025-05-17 18:59:49,431 : ##### This is the --868th-- Question #####
2025-05-17 18:59:53,757 : ##### This is the --869th-- Question #####
2025-05-17 19:00:02,801 : ##### This is the --870th-- Question #####
2025-05-17 19:00:10,099 : ##### This is the --871th-- Question #####
2025-05-17 19:00:22,536 : ##### This is the --872th-- Question #####
2025-05-17 19:00:57,199 : ##### This is the --873th-- Question #####
2025-05-17 19:01:04,594 : ##### This is the --874th-- Question #####
2025-05-17 19:01:08,745 : ##### This is the --875th-- Question #####
2025-05-17 19:01:14,181 : ##### This is the --876th-- Question #####
2025-05-17 19:01:44,164 : ##### This is the --877th-- Question #####
2025-05-17 19:01:50,771 : ##### This is the --878th-- Question #####
2025-05-17 19:01:58,565 : ##### This is the --879th-- Question #####
2025-05-17 19:02:01,525 : ##### This is the --880th-- Question #####
2025-05-17 19:02:08,954 : ##### This is the --881th-- Question #####
2025-05-17 19:02:52,335 : ##### This is the --882th-- Question #####
2025-05-17 19:02:55,050 : ##### This is the --883th-- Question #####
2025-05-17 19:02:58,478 : ##### This is the --884th-- Question #####
2025-05-17 19:03:03,235 : ##### This is the --885th-- Question #####
2025-05-17 19:03:11,149 : ##### This is the --886th-- Question #####
2025-05-17 19:03:13,806 : ##### This is the --887th-- Question #####
2025-05-17 19:03:29,691 : ##### This is the --888th-- Question #####
2025-05-17 19:03:56,116 : ##### This is the --889th-- Question #####
2025-05-17 19:03:59,843 : ##### This is the --890th-- Question #####
2025-05-17 19:04:03,705 : ##### This is the --891th-- Question #####
2025-05-17 19:04:07,502 : ##### This is the --892th-- Question #####
2025-05-17 19:04:11,750 : ##### This is the --893th-- Question #####
2025-05-17 19:04:15,799 : ##### This is the --894th-- Question #####
2025-05-17 19:04:20,748 : ##### This is the --895th-- Question #####
2025-05-17 19:04:25,718 : ##### This is the --896th-- Question #####
2025-05-17 19:04:30,648 : ##### This is the --897th-- Question #####
2025-05-17 19:04:44,403 : ##### This is the --898th-- Question #####
2025-05-17 19:04:48,337 : Could not locate step Step 3 in generated sequence
2025-05-17 19:04:48,349 : ##### This is the --899th-- Question #####
2025-05-17 19:04:53,609 : ##### This is the --900th-- Question #####
2025-05-17 19:04:56,914 : ##### This is the --901th-- Question #####
2025-05-17 19:04:59,261 : ##### This is the --902th-- Question #####
2025-05-17 19:05:02,902 : ##### This is the --903th-- Question #####
2025-05-17 19:05:05,615 : ##### This is the --904th-- Question #####
2025-05-17 19:05:10,323 : ##### This is the --905th-- Question #####
2025-05-17 19:05:16,461 : ##### This is the --906th-- Question #####
2025-05-17 19:05:36,243 : ##### This is the --907th-- Question #####
2025-05-17 19:05:39,756 : ##### This is the --908th-- Question #####
2025-05-17 19:05:44,728 : ##### This is the --909th-- Question #####
2025-05-17 19:05:48,520 : ##### This is the --910th-- Question #####
2025-05-17 19:05:52,731 : ##### This is the --911th-- Question #####
2025-05-17 19:05:58,130 : ##### This is the --912th-- Question #####
2025-05-17 19:06:02,176 : ##### This is the --913th-- Question #####
2025-05-17 19:06:24,804 : ##### This is the --914th-- Question #####
2025-05-17 19:06:41,374 : ##### This is the --915th-- Question #####
2025-05-17 19:06:45,053 : ##### This is the --916th-- Question #####
2025-05-17 19:06:47,758 : ##### This is the --917th-- Question #####
2025-05-17 19:06:52,093 : New Reasoning Tokens Are None, Current try is 1
2025-05-17 19:06:58,028 : ##### This is the --918th-- Question #####
2025-05-17 19:07:03,988 : ##### This is the --919th-- Question #####
2025-05-17 19:07:25,097 : Could not locate step Step 1 in generated sequence
2025-05-17 19:07:25,109 : Could not locate step Step 3 in generated sequence
2025-05-17 19:07:25,119 : ##### This is the --920th-- Question #####
2025-05-17 19:07:34,655 : ##### This is the --921th-- Question #####
2025-05-17 19:08:15,155 : ##### This is the --922th-- Question #####
2025-05-17 19:08:39,680 : ##### This is the --923th-- Question #####
2025-05-17 19:08:46,536 : ##### This is the --924th-- Question #####
2025-05-17 19:08:50,900 : ##### This is the --925th-- Question #####
2025-05-17 19:08:55,385 : ##### This is the --926th-- Question #####
2025-05-17 19:09:04,828 : ##### This is the --927th-- Question #####
2025-05-17 19:09:18,672 : ##### This is the --928th-- Question #####
2025-05-17 19:09:23,913 : ##### This is the --929th-- Question #####
2025-05-17 19:09:40,006 : ##### This is the --930th-- Question #####
2025-05-17 19:09:48,888 : ##### This is the --931th-- Question #####
2025-05-17 19:10:11,110 : ##### This is the --932th-- Question #####
2025-05-17 19:10:16,226 : ##### This is the --933th-- Question #####
2025-05-17 19:10:25,154 : ##### This is the --934th-- Question #####
2025-05-17 19:11:08,658 : ##### This is the --935th-- Question #####
2025-05-17 19:11:13,980 : ##### This is the --936th-- Question #####
2025-05-17 19:11:25,359 : ##### This is the --937th-- Question #####
2025-05-17 19:11:27,158 : ##### This is the --938th-- Question #####
2025-05-17 19:11:31,027 : ##### This is the --939th-- Question #####
2025-05-17 19:11:32,622 : ##### This is the --940th-- Question #####
2025-05-17 19:11:38,271 : ##### This is the --941th-- Question #####
2025-05-17 19:11:42,926 : ##### This is the --942th-- Question #####
2025-05-17 19:12:00,577 : ##### This is the --943th-- Question #####
2025-05-17 19:12:43,954 : Could not locate step Step 1 in generated sequence
2025-05-17 19:12:43,975 : Could not locate step Step 2 in generated sequence
2025-05-17 19:12:44,000 : Could not locate step Step 4 in generated sequence
2025-05-17 19:12:44,020 : ##### This is the --944th-- Question #####
2025-05-17 19:12:47,878 : ##### This is the --945th-- Question #####
2025-05-17 19:12:53,892 : ##### This is the --946th-- Question #####
2025-05-17 19:12:59,265 : ##### This is the --947th-- Question #####
2025-05-17 19:13:03,508 : ##### This is the --948th-- Question #####
2025-05-17 19:13:12,220 : ##### This is the --949th-- Question #####
2025-05-17 19:13:16,370 : ##### This is the --950th-- Question #####
2025-05-17 19:13:33,467 : ##### This is the --951th-- Question #####
2025-05-17 19:13:43,020 : ##### This is the --952th-- Question #####
2025-05-17 19:13:46,913 : ##### This is the --953th-- Question #####
2025-05-17 19:13:51,578 : ##### This is the --954th-- Question #####
2025-05-17 19:13:56,507 : ##### This is the --955th-- Question #####
2025-05-17 19:14:10,922 : ##### This is the --956th-- Question #####
2025-05-17 19:14:15,809 : ##### This is the --957th-- Question #####
2025-05-17 19:14:26,587 : ##### This is the --958th-- Question #####
2025-05-17 19:14:30,154 : ##### This is the --959th-- Question #####
2025-05-17 19:14:34,540 : ##### This is the --960th-- Question #####
2025-05-17 19:14:38,629 : ##### This is the --961th-- Question #####
2025-05-17 19:15:06,590 : ##### This is the --962th-- Question #####
2025-05-17 19:15:12,129 : Cannot locate the Final Answer, Current try is 1
2025-05-17 19:15:16,384 : ##### This is the --963th-- Question #####
2025-05-17 19:15:59,860 : ##### This is the --964th-- Question #####
2025-05-17 19:16:05,604 : ##### This is the --965th-- Question #####
2025-05-17 19:16:09,613 : ##### This is the --966th-- Question #####
2025-05-17 19:16:13,066 : ##### This is the --967th-- Question #####
2025-05-17 19:16:20,210 : ##### This is the --968th-- Question #####
2025-05-17 19:16:26,369 : Cannot locate the Final Answer, Current try is 1
2025-05-17 19:16:39,811 : ##### This is the --969th-- Question #####
2025-05-17 19:16:42,131 : ##### This is the --970th-- Question #####
2025-05-17 19:16:47,297 : ##### This is the --971th-- Question #####
2025-05-17 19:16:52,040 : ##### This is the --972th-- Question #####
2025-05-17 19:17:01,905 : ##### This is the --973th-- Question #####
2025-05-17 19:17:06,076 : ##### This is the --974th-- Question #####
2025-05-17 19:17:34,454 : ##### This is the --975th-- Question #####
2025-05-17 19:17:46,856 : ##### This is the --976th-- Question #####
2025-05-17 19:17:50,502 : ##### This is the --977th-- Question #####
2025-05-17 19:18:15,466 : ##### This is the --978th-- Question #####
2025-05-17 19:18:20,530 : ##### This is the --979th-- Question #####
2025-05-17 19:18:29,872 : ##### This is the --980th-- Question #####
2025-05-17 19:18:35,082 : ##### This is the --981th-- Question #####
2025-05-17 19:19:01,174 : ##### This is the --982th-- Question #####
2025-05-17 19:19:06,816 : ##### This is the --983th-- Question #####
2025-05-17 19:19:10,891 : ##### This is the --984th-- Question #####
2025-05-17 19:19:15,620 : ##### This is the --985th-- Question #####
2025-05-17 19:19:24,339 : ##### This is the --986th-- Question #####
2025-05-17 19:19:46,784 : ##### This is the --987th-- Question #####
2025-05-17 19:19:49,683 : ##### This is the --988th-- Question #####
2025-05-17 19:19:57,840 : ##### This is the --989th-- Question #####
2025-05-17 19:20:01,507 : ##### This is the --990th-- Question #####
2025-05-17 19:20:45,188 : ##### This is the --991th-- Question #####
2025-05-17 19:20:48,227 : Cannot locate the Final Answer, Current try is 1
2025-05-17 19:20:53,704 : ##### This is the --992th-- Question #####
2025-05-17 19:21:10,515 : ##### This is the --993th-- Question #####
2025-05-17 19:21:14,345 : ##### This is the --994th-- Question #####
2025-05-17 19:21:27,843 : ##### This is the --995th-- Question #####
2025-05-17 19:21:56,764 : ##### This is the --996th-- Question #####
2025-05-17 19:22:00,429 : ##### This is the --997th-- Question #####
2025-05-17 19:22:08,414 : ##### This is the --998th-- Question #####
2025-05-17 19:22:14,643 : ##### This is the --999th-- Question #####
2025-05-17 19:22:19,365 : ##### This is the --1000th-- Question #####
