2025-05-05 18:34:39,432 : ##### This is the --1th-- Question #####
2025-05-05 18:34:49,196 : 
Step 1-Keyword-0 Does not appear in the Step Text
2025-05-05 18:34:49,205 : ##### This is the --2th-- Question #####
2025-05-05 18:34:55,401 : ##### This is the --3th-- Question #####
2025-05-05 18:35:10,332 : ##### This is the --4th-- Question #####
2025-05-05 18:35:14,958 : Exact Tokens Have no contribution scores, Current try is 1
2025-05-05 18:35:30,138 : Exact Tokens Have no contribution scores, Current try is 2
2025-05-05 18:35:36,236 : ##### This is the --5th-- Question #####
2025-05-05 18:35:40,213 : 
Step 1-Keyword-0 Does not appear in the Step Text
2025-05-05 18:35:40,228 : ##### This is the --6th-- Question #####
2025-05-05 18:35:56,781 : 
Step 3-Keyword-0 Does not appear in the Step Text
2025-05-05 18:35:56,787 : ##### This is the --7th-- Question #####
2025-05-05 18:36:21,373 : ##### This is the --8th-- Question #####
2025-05-05 18:36:28,776 : ##### This is the --9th-- Question #####
2025-05-05 18:36:42,879 : 
Step 1-Keyword-0 Does not appear in the Step Text
2025-05-05 18:36:42,882 : 
Step 2-Keyword-0 Does not appear in the Step Text
2025-05-05 18:36:42,882 : Token Probability from All Steps are All None, Current try is 1
2025-05-05 18:36:49,226 : 
Step 2-Keyword-0 Does not appear in the Step Text
2025-05-05 18:36:49,239 : ##### This is the --10th-- Question #####
2025-05-05 18:37:06,179 : Exact Tokens Have NO ANSWER, Current try is 1
2025-05-05 18:37:21,316 : ##### This is the --11th-- Question #####
2025-05-05 18:37:33,760 : 
Step 3-Keyword-0 Does not appear in the Step Text
2025-05-05 18:37:33,767 : ##### This is the --12th-- Question #####
2025-05-05 18:37:50,577 : Exact Tokens Have NO ANSWER, Current try is 1
2025-05-05 18:37:53,520 : ##### This is the --13th-- Question #####
2025-05-05 18:37:58,096 : ##### This is the --14th-- Question #####
2025-05-05 18:38:23,681 : 
Step 1-Keyword-0 Does not appear in the Step Text
2025-05-05 18:38:23,704 : ##### This is the --15th-- Question #####
2025-05-05 18:38:31,317 : ##### This is the --16th-- Question #####
2025-05-05 18:38:56,893 : 
Step 3-Keyword-0 Does not appear in the Step Text
2025-05-05 18:38:56,909 : ##### This is the --17th-- Question #####
2025-05-05 18:39:05,066 : ##### This is the --18th-- Question #####
2025-05-05 18:39:28,534 : ##### This is the --19th-- Question #####
2025-05-05 18:39:42,498 : 
Step 5-Keyword-0 Does not appear in the Step Text
2025-05-05 18:39:42,521 : ##### This is the --20th-- Question #####
2025-05-05 18:39:56,521 : ##### This is the --21th-- Question #####
2025-05-05 18:40:12,697 : ##### This is the --22th-- Question #####
2025-05-05 18:40:30,128 : ##### This is the --23th-- Question #####
2025-05-05 18:40:39,101 : ##### This is the --24th-- Question #####
2025-05-05 18:40:50,771 : 
Step 3-Keyword-0 Does not appear in the Step Text
2025-05-05 18:40:50,778 : ##### This is the --25th-- Question #####
2025-05-05 18:40:55,703 : 
Step 1-Keyword-0 Does not appear in the Step Text
2025-05-05 18:40:55,711 : ##### This is the --26th-- Question #####
2025-05-05 18:41:00,581 : 
Step 1-Keyword-0 Does not appear in the Step Text
2025-05-05 18:41:00,589 : ##### This is the --27th-- Question #####
2025-05-05 18:41:19,211 : 
Step 3-Keyword-0 Does not appear in the Step Text
2025-05-05 18:41:19,231 : ##### This is the --28th-- Question #####
2025-05-05 18:41:34,731 : ##### This is the --29th-- Question #####
2025-05-05 18:41:50,619 : 
Step 2-Keyword-0 Does not appear in the Step Text
2025-05-05 18:41:50,630 : ##### This is the --30th-- Question #####
2025-05-05 18:42:09,547 : Len of keywords list doesn't match the len of step dict, Current try is 1
2025-05-05 18:42:19,416 : Exact Tokens Have no contribution scores, Current try is 2
2025-05-05 18:42:38,365 : ##### This is the --31th-- Question #####
2025-05-05 18:42:54,506 : Len of keywords list doesn't match the len of step dict, Current try is 1
2025-05-05 18:43:19,278 : ##### This is the --32th-- Question #####
2025-05-05 18:43:36,719 : ##### This is the --33th-- Question #####
2025-05-05 18:44:01,803 : ##### This is the --34th-- Question #####
2025-05-05 18:44:19,876 : Exact Tokens Have NO ANSWER, Current try is 1
2025-05-05 18:44:35,842 : ##### This is the --35th-- Question #####
2025-05-05 18:44:53,867 : 
Step 3-Keyword-0 Does not appear in the Step Text
2025-05-05 18:44:53,874 : ##### This is the --36th-- Question #####
2025-05-05 18:45:09,913 : ##### This is the --37th-- Question #####
2025-05-05 18:45:25,584 : ##### This is the --38th-- Question #####
2025-05-05 18:45:41,096 : ##### This is the --39th-- Question #####
2025-05-05 18:45:46,390 : 
Step 2-Keyword-0 Does not appear in the Step Text
2025-05-05 18:45:46,392 : 
Step 3-Keyword-0 Does not appear in the Step Text
2025-05-05 18:45:46,399 : ##### This is the --40th-- Question #####
2025-05-05 18:45:52,264 : ##### This is the --41th-- Question #####
2025-05-05 18:46:07,159 : 
Step 1-Keyword-0 Does not appear in the Step Text
2025-05-05 18:46:07,168 : ##### This is the --42th-- Question #####
2025-05-05 18:46:22,733 : ##### This is the --43th-- Question #####
2025-05-05 18:46:27,916 : ##### This is the --44th-- Question #####
2025-05-05 18:46:44,071 : 
Step 2-Keyword-0 Does not appear in the Step Text
2025-05-05 18:46:44,080 : ##### This is the --45th-- Question #####
2025-05-05 18:47:03,393 : ##### This is the --46th-- Question #####
2025-05-05 18:47:19,517 : 
Step 1-Keyword-0 Does not appear in the Step Text
2025-05-05 18:47:19,528 : ##### This is the --47th-- Question #####
2025-05-05 18:47:36,331 : ##### This is the --48th-- Question #####
2025-05-05 18:48:00,742 : 
Step 1-Keyword-0 Does not appear in the Step Text
2025-05-05 18:48:00,755 : ##### This is the --49th-- Question #####
2025-05-05 18:48:09,877 : ##### This is the --50th-- Question #####
2025-05-05 18:48:17,220 : ##### This is the --51th-- Question #####
2025-05-05 18:48:32,027 : Exact Tokens Have no contribution scores, Current try is 1
2025-05-05 18:48:53,616 : Exact Tokens Have NO ANSWER, Current try is 2
2025-05-05 18:48:57,784 : 
Step 1-Keyword-0 Does not appear in the Step Text
2025-05-05 18:48:57,785 : 
Step 2-Keyword-0 Does not appear in the Step Text
2025-05-05 18:48:57,785 : Token Probability from All Steps are All None, Current try is 3
2025-05-05 18:49:00,405 : Exact Tokens Have NO ANSWER, Current try is 4
2025-05-05 18:49:03,725 : ##### This is the --52th-- Question #####
2025-05-05 18:49:15,766 : ##### This is the --53th-- Question #####
2025-05-05 18:49:21,063 : ##### This is the --54th-- Question #####
2025-05-05 18:49:25,104 : Exact Tokens Have no contribution scores, Current try is 1
2025-05-05 18:49:31,290 : ##### This is the --55th-- Question #####
2025-05-05 18:49:40,764 : ##### This is the --56th-- Question #####
2025-05-05 18:49:57,265 : ##### This is the --57th-- Question #####
2025-05-05 18:50:22,036 : Exact Tokens Have NO ANSWER, Current try is 1
2025-05-05 18:50:26,729 : Exact Tokens Have no contribution scores, Current try is 2
2025-05-05 18:50:43,819 : ##### This is the --58th-- Question #####
2025-05-05 18:50:52,560 : ##### This is the --59th-- Question #####
2025-05-05 18:51:06,866 : Exact Tokens Have NO ANSWER, Current try is 1
2025-05-05 18:51:31,952 : ##### This is the --60th-- Question #####
2025-05-05 18:51:37,479 : ##### This is the --61th-- Question #####
2025-05-05 18:51:53,438 : ##### This is the --62th-- Question #####
2025-05-05 18:52:10,355 : ##### This is the --63th-- Question #####
2025-05-05 18:52:22,024 : Len of keywords list doesn't match the len of step dict, Current try is 1
2025-05-05 18:52:34,871 : ##### This is the --64th-- Question #####
2025-05-05 18:52:50,556 : ##### This is the --65th-- Question #####
2025-05-05 18:53:05,922 : 
Step 2-Keyword-0 Does not appear in the Step Text
2025-05-05 18:53:05,934 : ##### This is the --66th-- Question #####
2025-05-05 18:53:11,533 : 
Step 3-Keyword-0 Does not appear in the Step Text
2025-05-05 18:53:11,544 : ##### This is the --67th-- Question #####
2025-05-05 18:53:29,097 : ##### This is the --68th-- Question #####
2025-05-05 18:53:33,960 : 
Step 1-Keyword-0 Does not appear in the Step Text
2025-05-05 18:53:33,968 : ##### This is the --69th-- Question #####
2025-05-05 18:53:47,131 : 
Step 1-Keyword-0 Does not appear in the Step Text
2025-05-05 18:53:47,146 : ##### This is the --70th-- Question #####
2025-05-05 18:54:09,499 : 
Step 1-Keyword-0 Does not appear in the Step Text
2025-05-05 18:54:09,501 : 
Step 2-Keyword-0 Does not appear in the Step Text
2025-05-05 18:54:09,501 : Token Probability from All Steps are All None, Current try is 1
2025-05-05 18:54:34,338 : ##### This is the --71th-- Question #####
2025-05-05 18:54:49,663 : ##### This is the --72th-- Question #####
2025-05-05 18:55:14,434 : ##### This is the --73th-- Question #####
2025-05-05 18:55:39,330 : 
Step 1-Keyword-0 Does not appear in the Step Text
2025-05-05 18:55:39,332 : 
Step 2-Keyword-0 Does not appear in the Step Text
2025-05-05 18:55:39,332 : Token Probability from All Steps are All None, Current try is 1
2025-05-05 18:55:58,212 : 
Step 2-Keyword-0 Does not appear in the Step Text
2025-05-05 18:55:58,224 : ##### This is the --74th-- Question #####
2025-05-05 18:56:12,339 : ##### This is the --75th-- Question #####
2025-05-05 18:56:28,303 : ##### This is the --76th-- Question #####
2025-05-05 18:56:44,135 : ##### This is the --77th-- Question #####
2025-05-05 18:57:09,066 : 
Step 2-Keyword-0 Does not appear in the Step Text
2025-05-05 18:57:09,079 : ##### This is the --78th-- Question #####
2025-05-05 18:57:22,931 : ##### This is the --79th-- Question #####
2025-05-05 18:57:33,149 : 
Step 2-Keyword-0 Does not appear in the Step Text
2025-05-05 18:57:33,159 : ##### This is the --80th-- Question #####
2025-05-05 18:57:39,633 : ##### This is the --81th-- Question #####
2025-05-05 18:57:51,518 : ##### This is the --82th-- Question #####
2025-05-05 18:57:57,645 : ##### This is the --83th-- Question #####
2025-05-05 18:58:14,456 : ##### This is the --84th-- Question #####
2025-05-05 18:58:30,939 : 
Step 2-Keyword-0 Does not appear in the Step Text
2025-05-05 18:58:30,943 : 
Step 3-Keyword-0 Does not appear in the Step Text
2025-05-05 18:58:30,964 : ##### This is the --85th-- Question #####
2025-05-05 18:58:46,174 : ##### This is the --86th-- Question #####
2025-05-05 18:59:00,974 : Exact Tokens Have no contribution scores, Current try is 1
2025-05-05 18:59:07,230 : 
Step 1-Keyword-0 Does not appear in the Step Text
2025-05-05 18:59:07,232 : 
Step 2-Keyword-0 Does not appear in the Step Text
2025-05-05 18:59:07,243 : ##### This is the --87th-- Question #####
2025-05-05 18:59:17,084 : Exact Tokens Have no contribution scores, Current try is 1
2025-05-05 18:59:36,699 : ##### This is the --88th-- Question #####
2025-05-05 19:00:01,548 : Exact Tokens Have NO ANSWER, Current try is 1
2025-05-05 19:00:15,971 : Exact Tokens Have no contribution scores, Current try is 2
2025-05-05 19:00:31,732 : 
Step 3-Keyword-0 Does not appear in the Step Text
2025-05-05 19:00:31,740 : ##### This is the --89th-- Question #####
2025-05-05 19:00:45,904 : ##### This is the --90th-- Question #####
2025-05-05 19:00:54,946 : ##### This is the --91th-- Question #####
2025-05-05 19:01:04,971 : 
Step 3-Keyword-0 Does not appear in the Step Text
2025-05-05 19:01:04,983 : ##### This is the --92th-- Question #####
2025-05-05 19:01:20,502 : ##### This is the --93th-- Question #####
2025-05-05 19:01:31,071 : New Reasoning Tokens Are None, Current try is 1
2025-05-05 19:01:55,853 : 
Step 2-Keyword-0 Does not appear in the Step Text
2025-05-05 19:01:55,856 : 
Step 3-Keyword-0 Does not appear in the Step Text
2025-05-05 19:01:55,869 : ##### This is the --94th-- Question #####
2025-05-05 19:02:02,500 : ##### This is the --95th-- Question #####
2025-05-05 19:02:12,825 : 
Step 1-Keyword-0 Does not appear in the Step Text
2025-05-05 19:02:12,830 : 
Step 3-Keyword-0 Does not appear in the Step Text
2025-05-05 19:02:12,837 : ##### This is the --96th-- Question #####
2025-05-05 19:02:28,953 : ##### This is the --97th-- Question #####
2025-05-05 19:02:54,081 : 
Step 2-Keyword-0 Does not appear in the Step Text
2025-05-05 19:02:54,091 : ##### This is the --98th-- Question #####
2025-05-05 19:03:10,246 : ##### This is the --99th-- Question #####
2025-05-05 19:03:24,715 : Exact Tokens Have no contribution scores, Current try is 1
2025-05-05 19:03:30,382 : Exact Tokens Have no contribution scores, Current try is 2
2025-05-05 19:03:35,238 : Exact Tokens Have NO ANSWER, Current try is 3
2025-05-05 19:03:45,916 : 
Step 1-Keyword-0 Does not appear in the Step Text
2025-05-05 19:03:45,927 : ##### This is the --100th-- Question #####
2025-05-05 19:04:00,221 : Cannot locate the Final Answer, Current try is 1
2025-05-05 19:04:25,178 : ##### This is the --101th-- Question #####
2025-05-05 19:04:32,056 : ##### This is the --102th-- Question #####
2025-05-05 19:04:43,868 : 
Step 3-Keyword-0 Does not appear in the Step Text
2025-05-05 19:04:43,874 : ##### This is the --103th-- Question #####
2025-05-05 19:05:07,262 : Exact Tokens Have NO ANSWER, Current try is 1
2025-05-05 19:05:32,116 : Exact Tokens Have no contribution scores, Current try is 2
2025-05-05 19:05:43,861 : ##### This is the --104th-- Question #####
2025-05-05 19:05:59,229 : ##### This is the --105th-- Question #####
2025-05-05 19:06:14,724 : ##### This is the --106th-- Question #####
2025-05-05 19:06:32,319 : 
Step 2-Keyword-0 Does not appear in the Step Text
2025-05-05 19:06:32,323 : 
Step 3-Keyword-0 Does not appear in the Step Text
2025-05-05 19:06:32,330 : ##### This is the --107th-- Question #####
2025-05-05 19:06:45,354 : 
Step 5-Keyword-0 Does not appear in the Step Text
2025-05-05 19:06:45,366 : ##### This is the --108th-- Question #####
2025-05-05 19:06:53,290 : 
Step 1-Keyword-0 Does not appear in the Step Text
2025-05-05 19:06:53,291 : 
Step 1-Keyword-1 Does not appear in the Step Text
2025-05-05 19:06:53,291 : 
Step 1-Keyword-2 Does not appear in the Step Text
2025-05-05 19:06:53,293 : 
Step 2-Keyword-0 Does not appear in the Step Text
2025-05-05 19:06:53,296 : 
Step 3-Keyword-0 Does not appear in the Step Text
2025-05-05 19:06:53,296 : Token Probability from All Steps are All None, Current try is 1
2025-05-05 19:07:17,161 : ##### This is the --109th-- Question #####
2025-05-05 19:07:23,144 : ##### This is the --110th-- Question #####
2025-05-05 19:07:38,385 : 
Step 1-Keyword-0 Does not appear in the Step Text
2025-05-05 19:07:38,390 : 
Step 3-Keyword-0 Does not appear in the Step Text
2025-05-05 19:07:38,396 : ##### This is the --111th-- Question #####
2025-05-05 19:07:54,440 : ##### This is the --112th-- Question #####
2025-05-05 19:08:02,639 : Exact Tokens Have NO ANSWER, Current try is 1
2025-05-05 19:08:19,663 : Exact Tokens Have no contribution scores, Current try is 2
2025-05-05 19:08:33,934 : Exact Tokens Have no contribution scores, Current try is 3
2025-05-05 19:08:52,570 : 
Step 2-Keyword-0 Does not appear in the Step Text
2025-05-05 19:08:52,574 : 
Step 3-Keyword-0 Does not appear in the Step Text
2025-05-05 19:08:52,578 : 
Step 4-Keyword-0 Does not appear in the Step Text
2025-05-05 19:08:52,596 : ##### This is the --113th-- Question #####
2025-05-05 19:08:56,380 : ##### This is the --114th-- Question #####
2025-05-05 19:09:07,639 : Cannot locate the Final Answer, Current try is 1
2025-05-05 19:09:11,608 : ##### This is the --115th-- Question #####
2025-05-05 19:09:31,336 : Exact Tokens Have NO ANSWER, Current try is 1
2025-05-05 19:09:52,038 : Exact Tokens Have no contribution scores, Current try is 2
2025-05-05 19:10:03,725 : 
Step 2-Keyword-0 Does not appear in the Step Text
2025-05-05 19:10:03,740 : ##### This is the --116th-- Question #####
2025-05-05 19:10:20,124 : ##### This is the --117th-- Question #####
2025-05-05 19:10:35,382 : 
Step 2-Keyword-0 Does not appear in the Step Text
2025-05-05 19:10:35,388 : ##### This is the --118th-- Question #####
2025-05-05 19:10:43,485 : ##### This is the --119th-- Question #####
2025-05-05 19:10:59,328 : ##### This is the --120th-- Question #####
2025-05-05 19:11:07,357 : ##### This is the --121th-- Question #####
2025-05-05 19:11:13,572 : Exact Tokens Have no contribution scores, Current try is 1
2025-05-05 19:11:29,369 : ##### This is the --122th-- Question #####
2025-05-05 19:11:45,856 : 
Step 3-Keyword-0 Does not appear in the Step Text
2025-05-05 19:11:45,863 : ##### This is the --123th-- Question #####
2025-05-05 19:11:57,658 : 
Step 1-Keyword-0 Does not appear in the Step Text
2025-05-05 19:11:57,660 : 
Step 2-Keyword-0 Does not appear in the Step Text
2025-05-05 19:11:57,669 : ##### This is the --124th-- Question #####
2025-05-05 19:12:14,313 : ##### This is the --125th-- Question #####
2025-05-05 19:12:31,943 : 
Step 3-Keyword-1 Does not appear in the Step Text
2025-05-05 19:12:31,943 : 
Step 3-Keyword-2 Does not appear in the Step Text
2025-05-05 19:12:31,949 : 
Step 4-Keyword-1 Does not appear in the Step Text
2025-05-05 19:12:31,956 : ##### This is the --126th-- Question #####
2025-05-05 19:12:50,110 : Len of keywords list doesn't match the len of step dict, Current try is 1
2025-05-05 19:12:59,874 : Exact Tokens Have no contribution scores, Current try is 2
2025-05-05 19:13:08,265 : ##### This is the --127th-- Question #####
2025-05-05 19:13:24,450 : ##### This is the --128th-- Question #####
2025-05-05 19:13:42,136 : 
Step 2-Keyword-0 Does not appear in the Step Text
2025-05-05 19:13:42,136 : Token Probability from All Steps are All None, Current try is 1
2025-05-05 19:13:57,844 : 
Step 1-Keyword-0 Does not appear in the Step Text
2025-05-05 19:13:57,857 : ##### This is the --129th-- Question #####
2025-05-05 19:14:23,022 : ##### This is the --130th-- Question #####
2025-05-05 19:14:44,874 : ##### This is the --131th-- Question #####
2025-05-05 19:15:00,444 : ##### This is the --132th-- Question #####
2025-05-05 19:15:06,455 : 
Step 2-Keyword-0 Does not appear in the Step Text
2025-05-05 19:15:06,458 : 
Step 3-Keyword-0 Does not appear in the Step Text
2025-05-05 19:15:06,464 : ##### This is the --133th-- Question #####
2025-05-05 19:15:14,008 : ##### This is the --134th-- Question #####
2025-05-05 19:15:20,567 : ##### This is the --135th-- Question #####
2025-05-05 19:15:28,704 : 
Step 2-Keyword-0 Does not appear in the Step Text
2025-05-05 19:15:28,707 : 
Step 3-Keyword-0 Does not appear in the Step Text
2025-05-05 19:15:28,713 : ##### This is the --136th-- Question #####
2025-05-05 19:15:44,650 : Exact Tokens Have NO ANSWER, Current try is 1
2025-05-05 19:15:49,091 : ##### This is the --137th-- Question #####
2025-05-05 19:15:57,983 : ##### This is the --138th-- Question #####
2025-05-05 19:16:13,468 : Exact Tokens Have no contribution scores, Current try is 1
2025-05-05 19:16:19,634 : 
Step 1-Keyword-0 Does not appear in the Step Text
2025-05-05 19:16:19,636 : 
Step 2-Keyword-0 Does not appear in the Step Text
2025-05-05 19:16:19,645 : ##### This is the --139th-- Question #####
2025-05-05 19:16:44,891 : Len of keywords list doesn't match the len of step dict, Current try is 1
2025-05-05 19:17:00,831 : Exact Tokens Have no contribution scores, Current try is 2
2025-05-05 19:17:12,435 : Exact Tokens Have no contribution scores, Current try is 3
2025-05-05 19:17:28,354 : 
Step 3-Keyword-0 Does not appear in the Step Text
2025-05-05 19:17:28,368 : ##### This is the --140th-- Question #####
2025-05-05 19:17:37,884 : 
Step 1-Keyword-1 Does not appear in the Step Text
2025-05-05 19:17:37,885 : 
Step 2-Keyword-0 Does not appear in the Step Text
2025-05-05 19:17:37,900 : ##### This is the --141th-- Question #####
2025-05-05 19:17:45,256 : 
Step 2-Keyword-0 Does not appear in the Step Text
2025-05-05 19:17:45,264 : ##### This is the --142th-- Question #####
2025-05-05 19:17:53,354 : ##### This is the --143th-- Question #####
2025-05-05 19:18:09,297 : ##### This is the --144th-- Question #####
2025-05-05 19:18:25,029 : ##### This is the --145th-- Question #####
2025-05-05 19:18:32,107 : 
Step 3-Keyword-0 Does not appear in the Step Text
2025-05-05 19:18:32,121 : ##### This is the --146th-- Question #####
2025-05-05 19:18:38,683 : 
Step 3-Keyword-0 Does not appear in the Step Text
2025-05-05 19:18:38,690 : ##### This is the --147th-- Question #####
2025-05-05 19:18:57,350 : 
Step 1-Keyword-0 Does not appear in the Step Text
2025-05-05 19:18:57,364 : ##### This is the --148th-- Question #####
2025-05-05 19:19:03,714 : ##### This is the --149th-- Question #####
2025-05-05 19:19:28,939 : ##### This is the --150th-- Question #####
2025-05-05 19:19:43,420 : ##### This is the --151th-- Question #####
2025-05-05 19:19:49,229 : ##### This is the --152th-- Question #####
2025-05-05 19:19:56,166 : ##### This is the --153th-- Question #####
2025-05-05 19:20:11,536 : ##### This is the --154th-- Question #####
2025-05-05 19:20:36,666 : 
Step 1-Keyword-0 Does not appear in the Step Text
2025-05-05 19:20:36,677 : ##### This is the --155th-- Question #####
2025-05-05 19:20:53,245 : ##### This is the --156th-- Question #####
2025-05-05 19:21:09,016 : 
Step 2-Keyword-0 Does not appear in the Step Text
2025-05-05 19:21:09,028 : ##### This is the --157th-- Question #####
2025-05-05 19:21:26,921 : ##### This is the --158th-- Question #####
2025-05-05 19:21:37,293 : 
Step 1-Keyword-0 Does not appear in the Step Text
2025-05-05 19:21:37,295 : 
Step 2-Keyword-0 Does not appear in the Step Text
2025-05-05 19:21:37,300 : 
Step 3-Keyword-0 Does not appear in the Step Text
2025-05-05 19:21:37,300 : Token Probability from All Steps are All None, Current try is 1
2025-05-05 19:21:43,739 : New Reasoning Tokens Are None, Current try is 2
2025-05-05 19:21:54,286 : New Reasoning Tokens Are None, Current try is 3
2025-05-05 19:22:10,149 : Len of keywords list doesn't match the len of step dict, Current try is 4
2025-05-05 19:22:25,803 : ##### This is the --159th-- Question #####
2025-05-05 19:22:40,716 : 
Step 1-Keyword-0 Does not appear in the Step Text
2025-05-05 19:22:40,726 : ##### This is the --160th-- Question #####
2025-05-05 19:22:51,224 : New Reasoning Tokens Are None, Current try is 1
2025-05-05 19:23:04,747 : 
Step 1-Keyword-0 Does not appear in the Step Text
2025-05-05 19:23:04,760 : 
Step 4-Keyword-0 Does not appear in the Step Text
2025-05-05 19:23:04,766 : ##### This is the --161th-- Question #####
2025-05-05 19:23:12,325 : 
Step 3-Keyword-0 Does not appear in the Step Text
2025-05-05 19:23:12,331 : ##### This is the --162th-- Question #####
2025-05-05 19:23:37,422 : ##### This is the --163th-- Question #####
2025-05-05 19:23:54,170 : ##### This is the --164th-- Question #####
2025-05-05 19:24:08,660 : 
Step 3-Keyword-0 Does not appear in the Step Text
2025-05-05 19:24:08,668 : ##### This is the --165th-- Question #####
2025-05-05 19:24:25,034 : ##### This is the --166th-- Question #####
2025-05-05 19:24:32,791 : ##### This is the --167th-- Question #####
2025-05-05 19:24:48,426 : ##### This is the --168th-- Question #####
2025-05-05 19:25:08,904 : 
Step 3-Keyword-0 Does not appear in the Step Text
2025-05-05 19:25:08,910 : ##### This is the --169th-- Question #####
2025-05-05 19:25:24,522 : 
Step 2-Keyword-0 Does not appear in the Step Text
2025-05-05 19:25:24,532 : ##### This is the --170th-- Question #####
2025-05-05 19:25:49,662 : ##### This is the --171th-- Question #####
2025-05-05 19:26:05,476 : ##### This is the --172th-- Question #####
2025-05-05 19:26:18,529 : Exact Tokens Have no contribution scores, Current try is 1
2025-05-05 19:26:30,400 : ##### This is the --173th-- Question #####
2025-05-05 19:26:52,119 : ##### This is the --174th-- Question #####
2025-05-05 19:27:14,342 : ##### This is the --175th-- Question #####
2025-05-05 19:27:27,669 : Len of keywords list doesn't match the len of step dict, Current try is 1
2025-05-05 19:27:38,379 : ##### This is the --176th-- Question #####
2025-05-05 19:27:52,893 : Cannot locate the Final Answer, Current try is 1
2025-05-05 19:28:15,046 : ##### This is the --177th-- Question #####
2025-05-05 19:28:21,185 : 
Step 1-Keyword-0 Does not appear in the Step Text
2025-05-05 19:28:21,193 : ##### This is the --178th-- Question #####
2025-05-05 19:28:45,895 : ##### This is the --179th-- Question #####
2025-05-05 19:28:59,343 : ##### This is the --180th-- Question #####
2025-05-05 19:29:19,399 : ##### This is the --181th-- Question #####
2025-05-05 19:29:35,515 : ##### This is the --182th-- Question #####
2025-05-05 19:29:50,527 : ##### This is the --183th-- Question #####
2025-05-05 19:30:15,541 : ##### This is the --184th-- Question #####
2025-05-05 19:30:31,910 : ##### This is the --185th-- Question #####
2025-05-05 19:30:40,657 : Exact Tokens Have NO ANSWER, Current try is 1
2025-05-05 19:30:59,259 : Exact Tokens Have no contribution scores, Current try is 2
2025-05-05 19:31:14,846 : Exact Tokens Have no contribution scores, Current try is 3
2025-05-05 19:31:32,821 : 
Step 7-Keyword-0 Does not appear in the Step Text
2025-05-05 19:31:32,837 : ##### This is the --186th-- Question #####
2025-05-05 19:31:40,100 : ##### This is the --187th-- Question #####
2025-05-05 19:31:47,094 : ##### This is the --188th-- Question #####
2025-05-05 19:32:10,460 : ##### This is the --189th-- Question #####
2025-05-05 19:32:20,302 : Exact Tokens Have NO ANSWER, Current try is 1
2025-05-05 19:32:36,222 : 
Step 1-Keyword-0 Does not appear in the Step Text
2025-05-05 19:32:36,227 : 
Step 3-Keyword-0 Does not appear in the Step Text
2025-05-05 19:32:36,240 : ##### This is the --190th-- Question #####
2025-05-05 19:32:51,853 : ##### This is the --191th-- Question #####
2025-05-05 19:33:08,256 : 
Step 2-Keyword-0 Does not appear in the Step Text
2025-05-05 19:33:08,260 : 
Step 3-Keyword-0 Does not appear in the Step Text
2025-05-05 19:33:08,272 : ##### This is the --192th-- Question #####
2025-05-05 19:33:20,767 : ##### This is the --193th-- Question #####
2025-05-05 19:33:29,728 : ##### This is the --194th-- Question #####
2025-05-05 19:33:46,192 : 
Step 2-Keyword-0 Does not appear in the Step Text
2025-05-05 19:33:46,208 : ##### This is the --195th-- Question #####
2025-05-05 19:34:02,747 : ##### This is the --196th-- Question #####
2025-05-05 19:34:10,464 : ##### This is the --197th-- Question #####
2025-05-05 19:34:27,034 : Exact Tokens Have no contribution scores, Current try is 1
2025-05-05 19:34:33,754 : 
Step 2-Keyword-0 Does not appear in the Step Text
2025-05-05 19:34:33,756 : 
Step 3-Keyword-0 Does not appear in the Step Text
2025-05-05 19:34:33,766 : ##### This is the --198th-- Question #####
2025-05-05 19:34:50,689 : ##### This is the --199th-- Question #####
2025-05-05 19:35:11,819 : Len of keywords list doesn't match the len of step dict, Current try is 1
2025-05-05 19:35:23,710 : ##### This is the --200th-- Question #####
2025-05-05 19:35:48,825 : ##### This is the --201th-- Question #####
2025-05-05 19:36:05,622 : Exact Tokens Have no contribution scores, Current try is 1
2025-05-05 19:36:30,484 : ##### This is the --202th-- Question #####
2025-05-05 19:36:55,283 : 
Step 1-Keyword-0 Does not appear in the Step Text
2025-05-05 19:36:55,289 : 
Step 3-Keyword-0 Does not appear in the Step Text
2025-05-05 19:36:55,295 : ##### This is the --203th-- Question #####
2025-05-05 19:37:19,847 : 
Step 1-Keyword-0 Does not appear in the Step Text
2025-05-05 19:37:19,849 : 
Step 2-Keyword-0 Does not appear in the Step Text
2025-05-05 19:37:19,852 : 
Step 3-Keyword-0 Does not appear in the Step Text
2025-05-05 19:37:19,858 : 
Step 4-Keyword-0 Does not appear in the Step Text
2025-05-05 19:37:19,858 : Token Probability from All Steps are All None, Current try is 1
2025-05-05 19:37:29,427 : 
Step 1-Keyword-0 Does not appear in the Step Text
2025-05-05 19:37:29,429 : 
Step 2-Keyword-0 Does not appear in the Step Text
2025-05-05 19:37:29,431 : 
Step 3-Keyword-0 Does not appear in the Step Text
2025-05-05 19:37:29,434 : 
Step 4-Keyword-0 Does not appear in the Step Text
2025-05-05 19:37:29,438 : 
Step 5-Keyword-0 Does not appear in the Step Text
2025-05-05 19:37:29,449 : ##### This is the --204th-- Question #####
2025-05-05 19:37:40,564 : 
Step 1-Keyword-0 Does not appear in the Step Text
2025-05-05 19:37:40,564 : 
Step 1-Keyword-1 Does not appear in the Step Text
2025-05-05 19:37:40,564 : 
Step 1-Keyword-2 Does not appear in the Step Text
2025-05-05 19:37:40,567 : 
Step 2-Keyword-0 Does not appear in the Step Text
2025-05-05 19:37:40,583 : ##### This is the --205th-- Question #####
2025-05-05 19:37:41,739 : New Reasoning Tokens Are None, Current try is 1
2025-05-05 19:37:58,453 : 
Step 1-Keyword-0 Does not appear in the Step Text
2025-05-05 19:37:58,455 : 
Step 2-Keyword-0 Does not appear in the Step Text
2025-05-05 19:37:58,457 : 
Step 3-Keyword-0 Does not appear in the Step Text
2025-05-05 19:37:58,457 : Token Probability from All Steps are All None, Current try is 2
2025-05-05 19:38:19,428 : ##### This is the --206th-- Question #####
2025-05-05 19:38:28,314 : 
Step 2-Keyword-0 Does not appear in the Step Text
2025-05-05 19:38:28,317 : 
Step 3-Keyword-0 Does not appear in the Step Text
2025-05-05 19:38:28,327 : ##### This is the --207th-- Question #####
2025-05-05 19:38:47,737 : Exact Tokens Have NO ANSWER, Current try is 1
2025-05-05 19:38:54,314 : ##### This is the --208th-- Question #####
2025-05-05 19:39:10,799 : Len of keywords list doesn't match the len of step dict, Current try is 1
2025-05-05 19:39:27,436 : ##### This is the --209th-- Question #####
2025-05-05 19:39:46,206 : ##### This is the --210th-- Question #####
2025-05-05 19:39:48,935 : 
Step 1-Keyword-0 Does not appear in the Step Text
2025-05-05 19:39:48,935 : Token Probability from All Steps are All None, Current try is 1
2025-05-05 19:39:55,976 : ##### This is the --211th-- Question #####
2025-05-05 19:40:04,736 : Len of keywords list doesn't match the len of step dict, Current try is 1
2025-05-05 19:40:07,036 : New Reasoning Tokens Are None, Current try is 2
2025-05-05 19:40:17,377 : Cannot locate the Final Answer, Current try is 3
2025-05-05 19:40:30,918 : 
Step 1-Keyword-0 Does not appear in the Step Text
2025-05-05 19:40:30,920 : 
Step 2-Keyword-0 Does not appear in the Step Text
2025-05-05 19:40:30,920 : Token Probability from All Steps are All None, Current try is 4
2025-05-05 19:40:47,213 : ##### This is the --212th-- Question #####
2025-05-05 19:41:03,534 : ##### This is the --213th-- Question #####
2025-05-05 19:41:12,371 : ##### This is the --214th-- Question #####
2025-05-05 19:41:31,539 : 
Step 1-Keyword-0 Does not appear in the Step Text
2025-05-05 19:41:31,555 : 
Step 5-Keyword-0 Does not appear in the Step Text
2025-05-05 19:41:31,569 : ##### This is the --215th-- Question #####
2025-05-05 19:41:56,695 : ##### This is the --216th-- Question #####
2025-05-05 19:42:06,116 : ##### This is the --217th-- Question #####
2025-05-05 19:42:14,417 : ##### This is the --218th-- Question #####
2025-05-05 19:42:29,512 : ##### This is the --219th-- Question #####
2025-05-05 19:42:53,763 : ##### This is the --220th-- Question #####
2025-05-05 19:43:06,617 : ##### This is the --221th-- Question #####
2025-05-05 19:43:20,515 : Exact Tokens Have NO ANSWER, Current try is 1
2025-05-05 19:43:40,261 : ##### This is the --222th-- Question #####
2025-05-05 19:43:56,075 : ##### This is the --223th-- Question #####
2025-05-05 19:43:59,917 : Cannot locate the Final Answer, Current try is 1
2025-05-05 19:44:14,224 : ##### This is the --224th-- Question #####
2025-05-05 19:44:20,845 : 
Step 3-Keyword-0 Does not appear in the Step Text
2025-05-05 19:44:20,856 : ##### This is the --225th-- Question #####
2025-05-05 19:44:35,142 : Exact Tokens Have NO ANSWER, Current try is 1
2025-05-05 19:45:00,288 : Len of keywords list doesn't match the len of step dict, Current try is 2
2025-05-05 19:45:15,917 : ##### This is the --226th-- Question #####
2025-05-05 19:45:28,243 : Exact Tokens Have NO ANSWER, Current try is 1
2025-05-05 19:45:53,245 : ##### This is the --227th-- Question #####
2025-05-05 19:46:11,171 : 
Step 1-Keyword-1 Does not appear in the Step Text
2025-05-05 19:46:11,173 : 
Step 2-Keyword-0 Does not appear in the Step Text
2025-05-05 19:46:11,185 : ##### This is the --228th-- Question #####
2025-05-05 19:46:14,789 : 
Step 1-Keyword-0 Does not appear in the Step Text
2025-05-05 19:46:14,789 : Token Probability from All Steps are All None, Current try is 1
2025-05-05 19:46:31,126 : 
Step 1-Keyword-0 Does not appear in the Step Text
2025-05-05 19:46:31,128 : 
Step 2-Keyword-0 Does not appear in the Step Text
2025-05-05 19:46:31,144 : ##### This is the --229th-- Question #####
2025-05-05 19:46:37,606 : ##### This is the --230th-- Question #####
2025-05-05 19:46:40,580 : ##### This is the --231th-- Question #####
2025-05-05 19:46:46,848 : ##### This is the --232th-- Question #####
2025-05-05 19:46:57,327 : ##### This is the --233th-- Question #####
2025-05-05 19:47:13,814 : ##### This is the --234th-- Question #####
2025-05-05 19:47:23,420 : Exact Tokens Have NO ANSWER, Current try is 1
2025-05-05 19:47:38,560 : 
Step 1-Keyword-0 Does not appear in the Step Text
2025-05-05 19:47:38,579 : ##### This is the --235th-- Question #####
2025-05-05 19:47:55,668 : ##### This is the --236th-- Question #####
2025-05-05 19:48:20,823 : Len of keywords list doesn't match the len of step dict, Current try is 1
2025-05-05 19:48:45,727 : ##### This is the --237th-- Question #####
2025-05-05 19:48:55,251 : 
Step 2-Keyword-0 Does not appear in the Step Text
2025-05-05 19:48:55,266 : ##### This is the --238th-- Question #####
2025-05-05 19:49:12,950 : 
Step 1-Keyword-0 Does not appear in the Step Text
2025-05-05 19:49:12,954 : 
Step 2-Keyword-0 Does not appear in the Step Text
2025-05-05 19:49:12,967 : ##### This is the --239th-- Question #####
2025-05-05 19:49:37,829 : 
Step 1-Keyword-0 Does not appear in the Step Text
2025-05-05 19:49:37,831 : 
Step 2-Keyword-0 Does not appear in the Step Text
2025-05-05 19:49:37,845 : ##### This is the --240th-- Question #####
2025-05-05 19:49:53,541 : 
Step 2-Keyword-0 Does not appear in the Step Text
2025-05-05 19:49:53,556 : ##### This is the --241th-- Question #####
2025-05-05 19:49:58,617 : ##### This is the --242th-- Question #####
2025-05-05 19:50:23,705 : Exact Tokens Have NO ANSWER, Current try is 1
2025-05-05 19:50:32,304 : Len of keywords list doesn't match the len of step dict, Current try is 2
2025-05-05 19:50:40,418 : ##### This is the --243th-- Question #####
2025-05-05 19:50:56,307 : ##### This is the --244th-- Question #####
2025-05-05 19:51:13,921 : Exact Tokens Have no contribution scores, Current try is 1
2025-05-05 19:51:21,929 : 
Step 1-Keyword-0 Does not appear in the Step Text
2025-05-05 19:51:21,931 : 
Step 2-Keyword-0 Does not appear in the Step Text
2025-05-05 19:51:21,931 : Token Probability from All Steps are All None, Current try is 2
2025-05-05 19:51:39,045 : ##### This is the --245th-- Question #####
2025-05-05 19:51:43,920 : Cannot locate the Final Answer, Current try is 1
2025-05-05 19:52:02,118 : ##### This is the --246th-- Question #####
2025-05-05 19:52:18,718 : ##### This is the --247th-- Question #####
2025-05-05 19:52:43,830 : 
Step 3-Keyword-0 Does not appear in the Step Text
2025-05-05 19:52:43,837 : ##### This is the --248th-- Question #####
2025-05-05 19:52:58,184 : Cannot locate the Final Answer, Current try is 1
2025-05-05 19:53:16,848 : 
Step 3-Keyword-0 Does not appear in the Step Text
2025-05-05 19:53:16,861 : ##### This is the --249th-- Question #####
2025-05-05 19:53:22,810 : 
Step 3-Keyword-0 Does not appear in the Step Text
2025-05-05 19:53:22,817 : ##### This is the --250th-- Question #####
2025-05-05 19:53:35,945 : 
Step 1-Keyword-0 Does not appear in the Step Text
2025-05-05 19:53:35,946 : 
Step 2-Keyword-0 Does not appear in the Step Text
2025-05-05 19:53:35,948 : 
Step 3-Keyword-0 Does not appear in the Step Text
2025-05-05 19:53:35,950 : 
Step 4-Keyword-0 Does not appear in the Step Text
2025-05-05 19:53:35,950 : Token Probability from All Steps are All None, Current try is 1
2025-05-05 19:53:44,165 : Exact Tokens Have NO ANSWER, Current try is 2
2025-05-05 19:54:02,765 : Exact Tokens Have no contribution scores, Current try is 3
2025-05-05 19:54:08,931 : ##### This is the --251th-- Question #####
2025-05-05 19:54:14,664 : ##### This is the --252th-- Question #####
2025-05-05 19:54:29,359 : Exact Tokens Have no contribution scores, Current try is 1
2025-05-05 19:54:43,179 : Exact Tokens Have no contribution scores, Current try is 2
2025-05-05 19:55:08,301 : ##### This is the --253th-- Question #####
2025-05-05 19:55:23,207 : ##### This is the --254th-- Question #####
2025-05-05 19:55:38,722 : 
Step 2-Keyword-0 Does not appear in the Step Text
2025-05-05 19:55:38,732 : ##### This is the --255th-- Question #####
2025-05-05 19:55:55,945 : Exact Tokens Have NO ANSWER, Current try is 1
2025-05-05 19:56:01,752 : ##### This is the --256th-- Question #####
2025-05-05 19:56:12,286 : New Reasoning Tokens Are None, Current try is 1
2025-05-05 19:56:29,154 : ##### This is the --257th-- Question #####
2025-05-05 19:56:41,366 : Exact Tokens Have NO ANSWER, Current try is 1
2025-05-05 19:56:56,444 : ##### This is the --258th-- Question #####
2025-05-05 19:57:11,210 : Exact Tokens Have no contribution scores, Current try is 1
2025-05-05 19:57:27,061 : ##### This is the --259th-- Question #####
2025-05-05 19:57:36,257 : Len of keywords list doesn't match the len of step dict, Current try is 1
2025-05-05 19:57:46,408 : ##### This is the --260th-- Question #####
2025-05-05 19:57:59,041 : Exact Tokens Have NO ANSWER, Current try is 1
2025-05-05 19:58:12,625 : Exact Tokens Have no contribution scores, Current try is 2
2025-05-05 19:58:23,414 : 
Step 3-Keyword-0 Does not appear in the Step Text
2025-05-05 19:58:23,427 : ##### This is the --261th-- Question #####
2025-05-05 19:58:43,387 : ##### This is the --262th-- Question #####
2025-05-05 19:58:50,305 : ##### This is the --263th-- Question #####
2025-05-05 19:58:56,844 : 
Step 2-Keyword-0 Does not appear in the Step Text
2025-05-05 19:58:56,854 : ##### This is the --264th-- Question #####
2025-05-05 19:59:12,896 : ##### This is the --265th-- Question #####
2025-05-05 19:59:19,569 : ##### This is the --266th-- Question #####
2025-05-05 19:59:24,974 : ##### This is the --267th-- Question #####
2025-05-05 19:59:30,271 : ##### This is the --268th-- Question #####
2025-05-05 19:59:46,585 : ##### This is the --269th-- Question #####
2025-05-05 20:00:11,587 : ##### This is the --270th-- Question #####
2025-05-05 20:00:27,325 : ##### This is the --271th-- Question #####
2025-05-05 20:00:52,631 : ##### This is the --272th-- Question #####
2025-05-05 20:01:00,848 : ##### This is the --273th-- Question #####
2025-05-05 20:01:08,148 : Exact Tokens Have NO ANSWER, Current try is 1
2025-05-05 20:01:33,594 : ##### This is the --274th-- Question #####
2025-05-05 20:01:52,685 : ##### This is the --275th-- Question #####
2025-05-05 20:02:08,848 : 
Step 1-Keyword-0 Does not appear in the Step Text
2025-05-05 20:02:08,853 : 
Step 3-Keyword-0 Does not appear in the Step Text
2025-05-05 20:02:08,859 : ##### This is the --276th-- Question #####
2025-05-05 20:02:25,995 : 
Step 3-Keyword-0 Does not appear in the Step Text
2025-05-05 20:02:26,005 : ##### This is the --277th-- Question #####
2025-05-05 20:02:33,632 : 
Step 1-Keyword-0 Does not appear in the Step Text
2025-05-05 20:02:33,632 : 
Step 1-Keyword-1 Does not appear in the Step Text
2025-05-05 20:02:33,634 : 
Step 2-Keyword-0 Does not appear in the Step Text
2025-05-05 20:02:33,634 : 
Step 2-Keyword-1 Does not appear in the Step Text
2025-05-05 20:02:33,636 : 
Step 3-Keyword-0 Does not appear in the Step Text
2025-05-05 20:02:33,636 : 
Step 3-Keyword-1 Does not appear in the Step Text
2025-05-05 20:02:33,654 : ##### This is the --278th-- Question #####
2025-05-05 20:02:42,659 : 
Step 1-Keyword-0 Does not appear in the Step Text
2025-05-05 20:02:42,667 : 
Step 3-Keyword-0 Does not appear in the Step Text
2025-05-05 20:02:42,672 : ##### This is the --279th-- Question #####
2025-05-05 20:03:04,040 : ##### This is the --280th-- Question #####
2025-05-05 20:03:08,116 : 
Step 1-Keyword-0 Does not appear in the Step Text
2025-05-05 20:03:08,117 : 
Step 2-Keyword-0 Does not appear in the Step Text
2025-05-05 20:03:08,117 : Token Probability from All Steps are All None, Current try is 1
2025-05-05 20:03:24,728 : Exact Tokens Have NO ANSWER, Current try is 2
2025-05-05 20:03:27,026 : ##### This is the --281th-- Question #####
2025-05-05 20:03:29,774 : 
Step 1-Keyword-0 Does not appear in the Step Text
2025-05-05 20:03:29,775 : 
Step 2-Keyword-0 Does not appear in the Step Text
2025-05-05 20:03:29,775 : Token Probability from All Steps are All None, Current try is 1
2025-05-05 20:03:47,045 : ##### This is the --282th-- Question #####
2025-05-05 20:04:03,171 : ##### This is the --283th-- Question #####
2025-05-05 20:04:20,936 : ##### This is the --284th-- Question #####
2025-05-05 20:04:45,935 : 
Step 3-Keyword-0 Does not appear in the Step Text
2025-05-05 20:04:45,941 : ##### This is the --285th-- Question #####
2025-05-05 20:05:00,529 : Exact Tokens Have no contribution scores, Current try is 1
2025-05-05 20:05:14,155 : 
Step 2-Keyword-0 Does not appear in the Step Text
2025-05-05 20:05:14,168 : ##### This is the --286th-- Question #####
2025-05-05 20:05:30,691 : 
Step 3-Keyword-0 Does not appear in the Step Text
2025-05-05 20:05:30,698 : ##### This is the --287th-- Question #####
2025-05-05 20:05:49,576 : 
Step 1-Keyword-0 Does not appear in the Step Text
2025-05-05 20:05:49,585 : ##### This is the --288th-- Question #####
2025-05-05 20:05:56,614 : ##### This is the --289th-- Question #####
2025-05-05 20:06:00,903 : ##### This is the --290th-- Question #####
2025-05-05 20:06:09,092 : Exact Tokens Have no contribution scores, Current try is 1
2025-05-05 20:06:27,332 : ##### This is the --291th-- Question #####
2025-05-05 20:06:42,506 : ##### This is the --292th-- Question #####
2025-05-05 20:06:52,813 : ##### This is the --293th-- Question #####
2025-05-05 20:07:09,099 : 
Step 1-Keyword-0 Does not appear in the Step Text
2025-05-05 20:07:09,101 : 
Step 2-Keyword-0 Does not appear in the Step Text
2025-05-05 20:07:09,113 : ##### This is the --294th-- Question #####
2025-05-05 20:07:33,800 : 
Step 1-Keyword-0 Does not appear in the Step Text
2025-05-05 20:07:33,802 : 
Step 2-Keyword-0 Does not appear in the Step Text
2025-05-05 20:07:33,817 : ##### This is the --295th-- Question #####
2025-05-05 20:07:48,808 : ##### This is the --296th-- Question #####
2025-05-05 20:07:54,264 : ##### This is the --297th-- Question #####
2025-05-05 20:07:57,719 : ##### This is the --298th-- Question #####
2025-05-05 20:08:06,736 : ##### This is the --299th-- Question #####
2025-05-05 20:08:23,053 : ##### This is the --300th-- Question #####
2025-05-05 20:08:31,178 : Len of keywords list doesn't match the len of step dict, Current try is 1
2025-05-05 20:08:39,816 : 
Step 1-Keyword-0 Does not appear in the Step Text
2025-05-05 20:08:39,818 : 
Step 2-Keyword-0 Does not appear in the Step Text
2025-05-05 20:08:39,818 : Token Probability from All Steps are All None, Current try is 2
2025-05-05 20:08:43,038 : Cannot locate the Final Answer, Current try is 3
2025-05-05 20:08:56,850 : ##### This is the --301th-- Question #####
2025-05-05 20:09:13,917 : ##### This is the --302th-- Question #####
2025-05-05 20:09:29,484 : ##### This is the --303th-- Question #####
2025-05-05 20:09:54,681 : ##### This is the --304th-- Question #####
2025-05-05 20:10:09,062 : Exact Tokens Have no contribution scores, Current try is 1
2025-05-05 20:10:22,311 : Exact Tokens Have NO ANSWER, Current try is 2
2025-05-05 20:10:31,621 : ##### This is the --305th-- Question #####
2025-05-05 20:10:55,970 : ##### This is the --306th-- Question #####
2025-05-05 20:11:11,420 : ##### This is the --307th-- Question #####
2025-05-05 20:11:19,229 : 
Step 1-Keyword-0 Does not appear in the Step Text
2025-05-05 20:11:19,240 : ##### This is the --308th-- Question #####
2025-05-05 20:11:26,574 : ##### This is the --309th-- Question #####
2025-05-05 20:11:42,200 : 
Step 1-Keyword-0 Does not appear in the Step Text
2025-05-05 20:11:42,218 : ##### This is the --310th-- Question #####
2025-05-05 20:11:51,939 : ##### This is the --311th-- Question #####
2025-05-05 20:12:11,466 : ##### This is the --312th-- Question #####
2025-05-05 20:12:36,120 : 
Step 3-Keyword-0 Does not appear in the Step Text
2025-05-05 20:12:36,130 : ##### This is the --313th-- Question #####
2025-05-05 20:12:50,458 : 
Step 2-Keyword-0 Does not appear in the Step Text
2025-05-05 20:12:50,474 : ##### This is the --314th-- Question #####
2025-05-05 20:13:06,587 : ##### This is the --315th-- Question #####
2025-05-05 20:13:16,622 : Exact Tokens Have no contribution scores, Current try is 1
2025-05-05 20:13:23,610 : ##### This is the --316th-- Question #####
2025-05-05 20:13:30,855 : 
Step 3-Keyword-0 Does not appear in the Step Text
2025-05-05 20:13:30,864 : ##### This is the --317th-- Question #####
2025-05-05 20:13:42,630 : 
Step 1-Keyword-0 Does not appear in the Step Text
2025-05-05 20:13:42,631 : 
Step 1-Keyword-1 Does not appear in the Step Text
2025-05-05 20:13:42,631 : 
Step 1-Keyword-4 Does not appear in the Step Text
2025-05-05 20:13:42,648 : ##### This is the --318th-- Question #####
2025-05-05 20:13:53,846 : 
Step 2-Keyword-0 Does not appear in the Step Text
2025-05-05 20:13:53,863 : ##### This is the --319th-- Question #####
2025-05-05 20:13:59,955 : ##### This is the --320th-- Question #####
2025-05-05 20:14:12,600 : ##### This is the --321th-- Question #####
2025-05-05 20:14:17,378 : Len of keywords list doesn't match the len of step dict, Current try is 1
2025-05-05 20:14:33,453 : ##### This is the --322th-- Question #####
2025-05-05 20:14:38,863 : Exact Tokens Have no contribution scores, Current try is 1
2025-05-05 20:14:49,364 : ##### This is the --323th-- Question #####
2025-05-05 20:14:59,785 : ##### This is the --324th-- Question #####
2025-05-05 20:15:09,268 : 
Step 4-Keyword-0 Does not appear in the Step Text
2025-05-05 20:15:09,275 : ##### This is the --325th-- Question #####
2025-05-05 20:15:25,440 : 
Step 1-Keyword-0 Does not appear in the Step Text
2025-05-05 20:15:25,442 : 
Step 2-Keyword-0 Does not appear in the Step Text
2025-05-05 20:15:25,445 : 
Step 3-Keyword-0 Does not appear in the Step Text
2025-05-05 20:15:25,445 : Token Probability from All Steps are All None, Current try is 1
2025-05-05 20:15:30,756 : 
Step 1-Keyword-0 Does not appear in the Step Text
2025-05-05 20:15:30,757 : 
Step 2-Keyword-0 Does not appear in the Step Text
2025-05-05 20:15:30,766 : ##### This is the --326th-- Question #####
2025-05-05 20:15:50,619 : Len of keywords list doesn't match the len of step dict, Current try is 1
2025-05-05 20:16:05,885 : ##### This is the --327th-- Question #####
2025-05-05 20:16:21,469 : ##### This is the --328th-- Question #####
2025-05-05 20:16:28,719 : 
Step 2-Keyword-0 Does not appear in the Step Text
2025-05-05 20:16:28,730 : ##### This is the --329th-- Question #####
2025-05-05 20:16:44,888 : ##### This is the --330th-- Question #####
2025-05-05 20:17:01,046 : ##### This is the --331th-- Question #####
2025-05-05 20:17:16,994 : ##### This is the --332th-- Question #####
2025-05-05 20:17:28,878 : ##### This is the --333th-- Question #####
2025-05-05 20:17:44,848 : Exact Tokens Have no contribution scores, Current try is 1
2025-05-05 20:18:04,681 : Exact Tokens Have no contribution scores, Current try is 2
2025-05-05 20:18:17,203 : 
Step 1-Keyword-0 Does not appear in the Step Text
2025-05-05 20:18:17,222 : ##### This is the --334th-- Question #####
2025-05-05 20:18:33,442 : Exact Tokens Have no contribution scores, Current try is 1
2025-05-05 20:18:35,130 : New Reasoning Tokens Are None, Current try is 2
2025-05-05 20:18:49,916 : Exact Tokens Have no contribution scores, Current try is 3
2025-05-05 20:19:14,786 : 
Step 2-Keyword-0 Does not appear in the Step Text
2025-05-05 20:19:14,791 : 
Step 3-Keyword-0 Does not appear in the Step Text
2025-05-05 20:19:14,797 : ##### This is the --335th-- Question #####
2025-05-05 20:19:23,223 : ##### This is the --336th-- Question #####
2025-05-05 20:19:35,847 : ##### This is the --337th-- Question #####
2025-05-05 20:19:51,820 : ##### This is the --338th-- Question #####
2025-05-05 20:20:01,735 : 
Step 1-Keyword-0 Does not appear in the Step Text
2025-05-05 20:20:01,735 : 
Step 1-Keyword-1 Does not appear in the Step Text
2025-05-05 20:20:01,749 : ##### This is the --339th-- Question #####
2025-05-05 20:20:07,279 : ##### This is the --340th-- Question #####
2025-05-05 20:20:21,871 : Cannot locate the Final Answer, Current try is 1
2025-05-05 20:20:35,662 : Exact Tokens Have NO ANSWER, Current try is 2
2025-05-05 20:20:51,633 : ##### This is the --341th-- Question #####
2025-05-05 20:20:59,338 : 
Step 1-Keyword-0 Does not appear in the Step Text
2025-05-05 20:20:59,350 : ##### This is the --342th-- Question #####
2025-05-05 20:21:24,503 : 
Step 4-Keyword-0 Does not appear in the Step Text
2025-05-05 20:21:24,511 : ##### This is the --343th-- Question #####
2025-05-05 20:21:32,529 : ##### This is the --344th-- Question #####
2025-05-05 20:21:43,029 : New Reasoning Tokens Are None, Current try is 1
2025-05-05 20:21:51,430 : Exact Tokens Have no contribution scores, Current try is 2
2025-05-05 20:22:07,491 : ##### This is the --345th-- Question #####
2025-05-05 20:22:15,568 : Exact Tokens Have NO ANSWER, Current try is 1
2025-05-05 20:22:29,771 : ##### This is the --346th-- Question #####
2025-05-05 20:22:45,899 : ##### This is the --347th-- Question #####
2025-05-05 20:23:10,795 : ##### This is the --348th-- Question #####
2025-05-05 20:23:32,944 : 
Step 1-Keyword-0 Does not appear in the Step Text
2025-05-05 20:23:32,946 : 
Step 2-Keyword-0 Does not appear in the Step Text
2025-05-05 20:23:32,949 : 
Step 3-Keyword-0 Does not appear in the Step Text
2025-05-05 20:23:32,962 : ##### This is the --349th-- Question #####
2025-05-05 20:23:47,536 : ##### This is the --350th-- Question #####
2025-05-05 20:24:00,990 : ##### This is the --351th-- Question #####
2025-05-05 20:24:11,931 : ##### This is the --352th-- Question #####
2025-05-05 20:24:27,709 : 
Step 1-Keyword-0 Does not appear in the Step Text
2025-05-05 20:24:27,719 : ##### This is the --353th-- Question #####
2025-05-05 20:24:39,113 : 
Step 1-Keyword-0 Does not appear in the Step Text
2025-05-05 20:24:39,113 : 
Step 1-Keyword-1 Does not appear in the Step Text
2025-05-05 20:24:39,115 : 
Step 2-Keyword-0 Does not appear in the Step Text
2025-05-05 20:24:39,115 : Token Probability from All Steps are All None, Current try is 1
2025-05-05 20:25:01,954 : ##### This is the --354th-- Question #####
2025-05-05 20:25:18,135 : 
Step 2-Keyword-0 Does not appear in the Step Text
2025-05-05 20:25:18,153 : ##### This is the --355th-- Question #####
2025-05-05 20:25:35,784 : ##### This is the --356th-- Question #####
2025-05-05 20:25:43,775 : ##### This is the --357th-- Question #####
2025-05-05 20:26:08,600 : ##### This is the --358th-- Question #####
2025-05-05 20:26:31,075 : ##### This is the --359th-- Question #####
2025-05-05 20:26:40,708 : ##### This is the --360th-- Question #####
2025-05-05 20:26:57,210 : ##### This is the --361th-- Question #####
2025-05-05 20:27:08,104 : ##### This is the --362th-- Question #####
2025-05-05 20:27:28,883 : Exact Tokens Have no contribution scores, Current try is 1
2025-05-05 20:27:41,075 : ##### This is the --363th-- Question #####
2025-05-05 20:27:42,640 : New Reasoning Tokens Are None, Current try is 1
2025-05-05 20:27:54,565 : ##### This is the --364th-- Question #####
2025-05-05 20:28:00,052 : ##### This is the --365th-- Question #####
2025-05-05 20:28:07,301 : Exact Tokens Have NO ANSWER, Current try is 1
2025-05-05 20:28:27,119 : Exact Tokens Have NO ANSWER, Current try is 2
2025-05-05 20:28:43,015 : ##### This is the --366th-- Question #####
2025-05-05 20:28:56,831 : Cannot locate the Final Answer, Current try is 1
2025-05-05 20:29:12,804 : ##### This is the --367th-- Question #####
2025-05-05 20:29:37,576 : Len of keywords list doesn't match the len of step dict, Current try is 1
2025-05-05 20:29:53,565 : ##### This is the --368th-- Question #####
2025-05-05 20:30:09,173 : 
Step 2-Keyword-0 Does not appear in the Step Text
2025-05-05 20:30:09,180 : ##### This is the --369th-- Question #####
2025-05-05 20:30:24,338 : ##### This is the --370th-- Question #####
2025-05-05 20:30:32,511 : ##### This is the --371th-- Question #####
2025-05-05 20:30:46,846 : ##### This is the --372th-- Question #####
2025-05-05 20:31:02,869 : ##### This is the --373th-- Question #####
2025-05-05 20:31:17,162 : Cannot locate the Final Answer, Current try is 1
2025-05-05 20:31:31,175 : 
Step 1-Keyword-0 Does not appear in the Step Text
2025-05-05 20:31:31,184 : ##### This is the --374th-- Question #####
2025-05-05 20:31:48,565 : ##### This is the --375th-- Question #####
2025-05-05 20:32:02,086 : 
Step 1-Keyword-0 Does not appear in the Step Text
2025-05-05 20:32:02,098 : ##### This is the --376th-- Question #####
2025-05-05 20:32:08,030 : 
Step 2-Keyword-0 Does not appear in the Step Text
2025-05-05 20:32:08,044 : ##### This is the --377th-- Question #####
2025-05-05 20:32:33,220 : ##### This is the --378th-- Question #####
2025-05-05 20:32:56,723 : ##### This is the --379th-- Question #####
2025-05-05 20:33:11,943 : ##### This is the --380th-- Question #####
2025-05-05 20:33:28,574 : 
Step 1-Keyword-0 Does not appear in the Step Text
2025-05-05 20:33:28,583 : 
Step 4-Keyword-0 Does not appear in the Step Text
2025-05-05 20:33:28,589 : ##### This is the --381th-- Question #####
2025-05-05 20:33:43,682 : 
Step 1-Keyword-1 Does not appear in the Step Text
2025-05-05 20:33:43,688 : ##### This is the --382th-- Question #####
2025-05-05 20:33:50,115 : ##### This is the --383th-- Question #####
2025-05-05 20:34:04,278 : ##### This is the --384th-- Question #####
2025-05-05 20:34:23,179 : 
Step 2-Keyword-0 Does not appear in the Step Text
2025-05-05 20:34:23,197 : ##### This is the --385th-- Question #####
2025-05-05 20:34:38,409 : ##### This is the --386th-- Question #####
2025-05-05 20:34:52,317 : ##### This is the --387th-- Question #####
2025-05-05 20:34:59,375 : 
Step 2-Keyword-0 Does not appear in the Step Text
2025-05-05 20:34:59,382 : ##### This is the --388th-- Question #####
2025-05-05 20:35:15,358 : ##### This is the --389th-- Question #####
2025-05-05 20:35:22,992 : Len of keywords list doesn't match the len of step dict, Current try is 1
2025-05-05 20:35:25,584 : Cannot locate the Final Answer, Current try is 2
2025-05-05 20:35:30,489 : 
Step 1-Keyword-0 Does not appear in the Step Text
2025-05-05 20:35:30,489 : Token Probability from All Steps are All None, Current try is 3
2025-05-05 20:35:43,620 : ##### This is the --390th-- Question #####
2025-05-05 20:35:58,246 : ##### This is the --391th-- Question #####
2025-05-05 20:36:06,888 : ##### This is the --392th-- Question #####
2025-05-05 20:36:11,963 : ##### This is the --393th-- Question #####
2025-05-05 20:36:27,858 : ##### This is the --394th-- Question #####
2025-05-05 20:36:34,517 : Exact Tokens Have NO ANSWER, Current try is 1
2025-05-05 20:36:49,680 : ##### This is the --395th-- Question #####
2025-05-05 20:36:55,933 : ##### This is the --396th-- Question #####
2025-05-05 20:37:04,217 : ##### This is the --397th-- Question #####
2025-05-05 20:37:10,681 : ##### This is the --398th-- Question #####
2025-05-05 20:37:19,000 : ##### This is the --399th-- Question #####
2025-05-05 20:37:24,252 : 
Step 2-Keyword-0 Does not appear in the Step Text
2025-05-05 20:37:24,259 : ##### This is the --400th-- Question #####
2025-05-05 20:37:34,538 : ##### This is the --401th-- Question #####
2025-05-05 20:37:49,423 : ##### This is the --402th-- Question #####
2025-05-05 20:37:53,679 : ##### This is the --403th-- Question #####
2025-05-05 20:38:11,158 : ##### This is the --404th-- Question #####
2025-05-05 20:38:30,574 : 
Step 1-Keyword-0 Does not appear in the Step Text
2025-05-05 20:38:30,575 : 
Step 2-Keyword-0 Does not appear in the Step Text
2025-05-05 20:38:30,584 : ##### This is the --405th-- Question #####
2025-05-05 20:38:55,939 : Len of keywords list doesn't match the len of step dict, Current try is 1
2025-05-05 20:39:12,362 : 
Step 2-Keyword-0 Does not appear in the Step Text
2025-05-05 20:39:12,380 : ##### This is the --406th-- Question #####
2025-05-05 20:39:20,746 : ##### This is the --407th-- Question #####
2025-05-05 20:39:27,501 : ##### This is the --408th-- Question #####
2025-05-05 20:39:37,437 : ##### This is the --409th-- Question #####
2025-05-05 20:39:54,651 : ##### This is the --410th-- Question #####
