2025-05-23 18:18:27,402 : ##### This is the --1th-- Question #####
2025-05-23 18:18:36,775 : 
Step 3-Keyword-0 Does not appear in the Step Text
2025-05-23 18:18:36,789 : ##### This is the --2th-- Question #####
2025-05-23 18:18:41,526 : ##### This is the --3th-- Question #####
2025-05-23 18:18:48,236 : 
Step 3-Keyword-0 Does not appear in the Step Text
2025-05-23 18:18:48,243 : ##### This is the --4th-- Question #####
2025-05-23 18:18:52,968 : 
Step 1-Keyword-0 Does not appear in the Step Text
2025-05-23 18:18:52,969 : 
Step 2-Keyword-0 Does not appear in the Step Text
2025-05-23 18:18:52,970 : 
Step 3-Keyword-0 Does not appear in the Step Text
2025-05-23 18:18:52,970 : Token Probability from All Steps are All None, Current try is 1
2025-05-23 18:18:59,021 : ##### This is the --5th-- Question #####
2025-05-23 18:19:08,486 : ##### This is the --6th-- Question #####
2025-05-23 18:19:13,409 : Exact Tokens Have NO ANSWER, Current try is 1
2025-05-23 18:19:16,855 : ##### This is the --7th-- Question #####
2025-05-23 18:19:23,175 : ##### This is the --8th-- Question #####
2025-05-23 18:19:31,263 : 
Step 3-Keyword-0 Does not appear in the Step Text
2025-05-23 18:19:31,273 : ##### This is the --9th-- Question #####
2025-05-23 18:19:39,209 : 
Step 2-Keyword-0 Does not appear in the Step Text
2025-05-23 18:19:39,216 : ##### This is the --10th-- Question #####
